#
# A fatal error has been detected by the Java Runtime Environment:
#
#  EXCEPTION_ACCESS_VIOLATION (0xc0000005) at pc=0x0000000070210ba1, pid=11860, tid=2296
#
# JRE version: Java(TM) SE Runtime Environment (17.0.6+9) (build 17.0.6+9-LTS-190)
# Java VM: Java HotSpot(TM) 64-Bit Server VM (17.0.6+9-LTS-190, mixed mode, sharing, tiered, compressed oops, compressed class ptrs, g1 gc, windows-amd64)
# Problematic frame:
# C  [libswipl.dll+0x10ba1]
#
# No core dump will be written. Minidumps are not enabled by default on client versions of Windows
#
# If you would like to submit a bug report, please visit:
#   https://bugreport.java.com/bugreport/crash.jsp
# The crash happened outside the Java Virtual Machine in native code.
# See problematic frame for where to report the bug.
#

---------------  S U M M A R Y ------------

Command Line: -Dfile.encoding=UTF-8 arterial_tension.visual.MainWindow

Host: Intel(R) Core(TM) i5-6300U CPU @ 2.40GHz, 4 cores, 7G,  Windows 10 , 64 bit Build 19041 (10.0.19041.2364)
Time: Fri Jun 16 08:40:08 2023 Hora de verano de Cuba elapsed time: 27.379833 seconds (0d 0h 0m 27s)

---------------  T H R E A D  ---------------

Current thread (0x000002577a4cb6d0):  JavaThread "AWT-EventQueue-0" [_thread_in_native, id=2296, stack(0x0000005fadb00000,0x0000005fadc00000)]

Stack: [0x0000005fadb00000,0x0000005fadc00000],  sp=0x0000005fadbfdcd0,  free space=1015k
Native frames: (J=compiled Java code, j=interpreted, Vv=VM code, C=native code)
C  [libswipl.dll+0x10ba1]

Java frames: (J=compiled Java code, j=interpreted, Vv=VM code)
j  org.jpl7.fli.Prolog.open_query(Lorg/jpl7/fli/module_t;ILorg/jpl7/fli/predicate_t;Lorg/jpl7/fli/term_t;)Lorg/jpl7/fli/qid_t;+0
j  org.jpl7.Query.open()V+324
j  org.jpl7.Util.textToTerm(Ljava/lang/String;)Lorg/jpl7/Term;+57
j  org.jpl7.Query.<init>(Ljava/lang/String;)V+2
j  sbc_for_hipertension_tratament_japp.Connection.<init>([Ljava/lang/String;)V+62
j  arterial_tension.visual.TestWindow.connect_with_SBC(IILjava/lang/String;Ljava/lang/String;)Ljava/lang/String;+19
j  arterial_tension.visual.TestWindow.actionFinish()V+256
j  arterial_tension.visual.TestWindow.btn_finishActionPerformed(Ljava/awt/event/ActionEvent;)V+1
j  arterial_tension.visual.TestWindow.access$3400(Larterial_tension/visual/TestWindow;Ljava/awt/event/ActionEvent;)V+2
j  arterial_tension.visual.TestWindow$36.actionPerformed(Ljava/awt/event/ActionEvent;)V+5
j  javax.swing.AbstractButton.fireActionPerformed(Ljava/awt/event/ActionEvent;)V+84 java.desktop@17.0.6
j  javax.swing.AbstractButton$Handler.actionPerformed(Ljava/awt/event/ActionEvent;)V+5 java.desktop@17.0.6
j  javax.swing.DefaultButtonModel.fireActionPerformed(Ljava/awt/event/ActionEvent;)V+34 java.desktop@17.0.6
j  javax.swing.DefaultButtonModel.setPressed(Z)V+117 java.desktop@17.0.6
j  javax.swing.plaf.basic.BasicButtonListener.mouseReleased(Ljava/awt/event/MouseEvent;)V+35 java.desktop@17.0.6
j  java.awt.AWTEventMulticaster.mouseReleased(Ljava/awt/event/MouseEvent;)V+8 java.desktop@17.0.6
j  java.awt.AWTEventMulticaster.mouseReleased(Ljava/awt/event/MouseEvent;)V+8 java.desktop@17.0.6
j  java.awt.Component.processMouseEvent(Ljava/awt/event/MouseEvent;)V+64 java.desktop@17.0.6
j  javax.swing.JComponent.processMouseEvent(Ljava/awt/event/MouseEvent;)V+23 java.desktop@17.0.6
J 2288 c1 java.awt.Component.processEvent(Ljava/awt/AWTEvent;)V java.desktop@17.0.6 (220 bytes) @ 0x0000025763345bdc [0x00000257633455a0+0x000000000000063c]
J 1835 c1 java.awt.Container.processEvent(Ljava/awt/AWTEvent;)V java.desktop@17.0.6 (22 bytes) @ 0x0000025763215eac [0x0000025763215b60+0x000000000000034c]
J 1766 c1 java.awt.Component.dispatchEventImpl(Ljava/awt/AWTEvent;)V java.desktop@17.0.6 (777 bytes) @ 0x00000257631f9c54 [0x00000257631f6100+0x0000000000003b54]
J 1602 c1 java.awt.Container.dispatchEventImpl(Ljava/awt/AWTEvent;)V java.desktop@17.0.6 (129 bytes) @ 0x000002576318a37c [0x000002576318a240+0x000000000000013c]
J 1883 c1 java.awt.LightweightDispatcher.retargetMouseEvent(Ljava/awt/Component;ILjava/awt/event/MouseEvent;)V java.desktop@17.0.6 (372 bytes) @ 0x0000025763233404 [0x0000025763230b20+0x00000000000028e4]
J 2305 c1 java.awt.LightweightDispatcher.processMouseEvent(Ljava/awt/event/MouseEvent;)Z java.desktop@17.0.6 (265 bytes) @ 0x000002576334d684 [0x000002576334c6a0+0x0000000000000fe4]
J 1798 c1 java.awt.LightweightDispatcher.dispatchEvent(Ljava/awt/AWTEvent;)Z java.desktop@17.0.6 (73 bytes) @ 0x0000025763209dd4 [0x0000025763209980+0x0000000000000454]
J 1602 c1 java.awt.Container.dispatchEventImpl(Ljava/awt/AWTEvent;)V java.desktop@17.0.6 (129 bytes) @ 0x000002576318a31c [0x000002576318a240+0x00000000000000dc]
J 1782 c1 java.awt.Window.dispatchEventImpl(Ljava/awt/AWTEvent;)V java.desktop@17.0.6 (23 bytes) @ 0x0000025763202194 [0x0000025763201b80+0x0000000000000614]
J 1688 c1 java.awt.EventQueue.dispatchEventImpl(Ljava/awt/AWTEvent;Ljava/lang/Object;)V java.desktop@17.0.6 (136 bytes) @ 0x00000257631b6034 [0x00000257631b5b60+0x00000000000004d4]
J 1687 c1 java.awt.EventQueue$4.run()Ljava/lang/Void; java.desktop@17.0.6 (60 bytes) @ 0x00000257631b548c [0x00000257631b5360+0x000000000000012c]
J 2340 c1 java.awt.EventQueue$4.run()Ljava/lang/Object; java.desktop@17.0.6 (5 bytes) @ 0x000002576335df94 [0x000002576335df20+0x0000000000000074]
J 1487 c1 java.security.ProtectionDomain$JavaSecurityAccessImpl.doIntersectionPrivilege(Ljava/security/PrivilegedAction;Ljava/security/AccessControlContext;Ljava/security/AccessControlContext;)Ljava/lang/Object; java.base@17.0.6 (22 bytes) @ 0x0000025763156834 [0x00000257631565a0+0x0000000000000294]
J 1581 c1 java.awt.EventQueue.dispatchEvent(Ljava/awt/AWTEvent;)V java.desktop@17.0.6 (80 bytes) @ 0x000002576317d73c [0x000002576317cc60+0x0000000000000adc]
J 1690 c1 java.awt.EventDispatchThread.pumpOneEventForFilters(I)V java.desktop@17.0.6 (113 bytes) @ 0x00000257631bb3a4 [0x00000257631bad20+0x0000000000000684]
j  java.awt.EventDispatchThread.pumpEventsForFilter(ILjava/awt/Conditional;Ljava/awt/EventFilter;)V+35 java.desktop@17.0.6
j  java.awt.EventDispatchThread.pumpEventsForHierarchy(ILjava/awt/Conditional;Ljava/awt/Component;)V+11 java.desktop@17.0.6
j  java.awt.EventDispatchThread.pumpEvents(ILjava/awt/Conditional;)V+4 java.desktop@17.0.6
j  java.awt.EventDispatchThread.pumpEvents(Ljava/awt/Conditional;)V+3 java.desktop@17.0.6
j  java.awt.EventDispatchThread.run()V+9 java.desktop@17.0.6
v  ~StubRoutines::call_stub

siginfo: EXCEPTION_ACCESS_VIOLATION (0xc0000005), reading address 0x000000007ba4e820


Register to memory mapping:

RIP=0x0000000070210ba1 libswipl.dll
RAX=0x000002577b765320 points into unknown readable memory: 0x000002577b7655f0 | f0 55 76 7b 57 02 00 00
RBX=0x000000007ba4e820 is an unknown value
RCX=0x0000000000000001 is an unknown value
RDX=0x0000000000000003 is an unknown value
RSP=0x0000005fadbfdcd0 is pointing into the stack for thread: 0x000002577a4cb6d0
RBP=0x0000005fadbfde68 is pointing into the stack for thread: 0x000002577a4cb6d0
RSI=0x00000000703058c0 libswipl.dll
RDI=0x0000000000000008 is an unknown value
R8 =0x000000007ba4e820 is an unknown value
R9 =0x0000000000000016 is an unknown value
R10=0x00007ffc1c179c30 jvm.dll
R11=0x000000000000002e is an unknown value
R12=0x000000007b77e160 is an unknown value
R13=0x0000000000000016 is an unknown value
R14=0x0000005fadbfde80 is pointing into the stack for thread: 0x000002577a4cb6d0
R15=0x000002577a4cb6d0 is a thread


Registers:
RAX=0x000002577b765320, RBX=0x000000007ba4e820, RCX=0x0000000000000001, RDX=0x0000000000000003
RSP=0x0000005fadbfdcd0, RBP=0x0000005fadbfde68, RSI=0x00000000703058c0, RDI=0x0000000000000008
R8 =0x000000007ba4e820, R9 =0x0000000000000016, R10=0x00007ffc1c179c30, R11=0x000000000000002e
R12=0x000000007b77e160, R13=0x0000000000000016, R14=0x0000005fadbfde80, R15=0x000002577a4cb6d0
RIP=0x0000000070210ba1, EFLAGS=0x0000000000010246

Top of Stack: (sp=0x0000005fadbfdcd0)
0x0000005fadbfdcd0:   000002570000000c 0000000000199599
0x0000005fadbfdce0:   000002577bf14ad8 000002577a4cb6d0
0x0000005fadbfdcf0:   0000000200000004 0000025700000004
0x0000005fadbfdd00:   0000025779505b80 000000007b77e160
0x0000005fadbfdd10:   000002577a4cb6d0 000002577a4cb978
0x0000005fadbfdd20:   000000007ba4e820 0000005fadbfde80
0x0000005fadbfdd30:   0000005fadbfde68 000000007b77e160
0x0000005fadbfdd40:   0000000000000008 0000005fadbfde80
0x0000005fadbfdd50:   000002577a4cb6d0 000000006bb8e4aa
0x0000005fadbfdd60:   000002577a4cb6d0 0000005fadbfde60
0x0000005fadbfdd70:   000002577bf14ad8 000002577a4cb6d0
0x0000005fadbfdd80:   000002576a3f9657 000002577bf14ad8
0x0000005fadbfdd90:   0000000000000000 000002576a3f9657
0x0000005fadbfdda0:   0000005fadbfde48 0000000000000000
0x0000005fadbfddb0:   000002577bf14ad8 000002576a3fd621
0x0000005fadbfddc0:   000002576a3f9657 000002576a3fd33c 

Instructions: (pc=0x0000000070210ba1)
0x0000000070210aa1:   8d 0d f9 4b 0b 00 e9 84 17 ff ff 0f 1f 40 00 4c
0x0000000070210ab1:   8b 42 38 31 c0 49 39 c8 77 37 4c 8b 4a 40 4c 39
0x0000000070210ac1:   c9 73 2e 4c 8b 51 28 4d 39 d0 77 25 4d 39 d1 76
0x0000000070210ad1:   20 83 39 04 77 1b 48 8b 42 10 48 39 c1 73 09 48
0x0000000070210ae1:   8b 40 08 48 39 c1 72 f7 48 39 c1 0f 94 c0 0f b6
0x0000000070210af1:   c0 f3 c3 66 66 66 2e 0f 1f 84 00 00 00 00 00 41
0x0000000070210b01:   57 41 56 41 55 41 54 55 57 56 53 48 83 ec 48 48
0x0000000070210b11:   89 4c 24 38 89 d7 8b 0d e3 58 0f 00 4c 89 c3 4d
0x0000000070210b21:   89 cd ff 15 cf a8 0f 00 8b 0d 89 05 0f 00 48 89
0x0000000070210b31:   c6 85 c9 75 4a 48 8b 05 d3 4a 0f 00 48 c7 05 48
0x0000000070210b41:   05 0f 00 ff ff ff ff 48 c7 05 55 05 0f 00 01 00
0x0000000070210b51:   00 00 c7 05 5b 05 0f 00 01 00 00 00 48 89 05 1c
0x0000000070210b61:   05 0f 00 48 8b 05 5d 2e 0f 00 48 89 05 3e 05 0f
0x0000000070210b71:   00 48 8d 05 07 05 0f 00 48 89 05 d0 04 0f 00 48
0x0000000070210b81:   8b 46 18 48 3b 46 08 0f 86 72 03 00 00 48 63 50
0x0000000070210b91:   04 48 8d 44 d0 28 48 39 46 40 0f 82 12 03 00 00
0x0000000070210ba1:   48 8b 0b 48 83 79 18 00 8b 41 64 0f 84 2b 03 00
0x0000000070210bb1:   00 f6 c4 04 48 89 cd 74 0f 48 8b 96 98 09 00 00
0x0000000070210bc1:   e8 ca 4f ff ff 48 89 c5 48 8b 46 40 48 8d 90 40
0x0000000070210bd1:   21 00 00 48 39 56 48 0f 82 b4 02 00 00 a8 0f 48
0x0000000070210be1:   89 c3 74 09 48 83 c3 08 f6 c3 0f 75 f7 48 89 43
0x0000000070210bf1:   68 48 c7 83 c8 00 00 00 00 00 00 00 4c 8d a3 c0
0x0000000070210c01:   00 00 00 48 8b 05 05 4a 0f 00 48 8b 00 48 c7 83
0x0000000070210c11:   c0 00 00 00 00 00 00 00 48 89 83 d8 00 00 00 48
0x0000000070210c21:   8d 05 19 04 0f 00 48 89 83 d0 00 00 00 48 8b 46
0x0000000070210c31:   08 48 85 c0 0f 84 19 04 00 00 8b 50 30 8d 42 01
0x0000000070210c41:   83 c2 02 89 83 f0 00 00 00 48 8b 46 08 8b 40 34
0x0000000070210c51:   25 4c fe ff ff 89 c1 83 c9 01 89 83 2c 01 00 00
0x0000000070210c61:   48 8d 05 48 04 0f 00 4c 89 a3 00 01 00 00 89 93
0x0000000070210c71:   28 01 00 00 89 8b f4 00 00 00 4c 8d 93 f8 00 00
0x0000000070210c81:   00 48 89 83 f8 00 00 00 48 8b 56 18 48 3b 56 08
0x0000000070210c91:   48 8b 45 00 4c 89 54 24 28 44 8b 70 18 0f 86 2c 


Stack slot to memory mapping:
stack at sp + 0 slots: 0x000002570000000c is an unknown value
stack at sp + 1 slots: 0x0000000000199599 is an unknown value
stack at sp + 2 slots: {method} {0x000002577bf14ae0} 'open_query' '(Lorg/jpl7/fli/module_t;ILorg/jpl7/fli/predicate_t;Lorg/jpl7/fli/term_t;)Lorg/jpl7/fli/qid_t;' in 'org/jpl7/fli/Prolog'
stack at sp + 3 slots: 0x000002577a4cb6d0 is a thread
stack at sp + 4 slots: 0x0000000200000004 is an unknown value
stack at sp + 5 slots: 0x0000025700000004 is an unknown value
stack at sp + 6 slots: 0x0000025779505b80 points into unknown readable memory: 0x000002577a7645e4 | e4 45 76 7a 57 02 00 00
stack at sp + 7 slots: 0x000000007b77e160 is an unknown value


---------------  P R O C E S S  ---------------

Threads class SMR info:
_java_thread_list=0x0000025779763e30, length=17, elements={
0x00000257789ea790, 0x00000257789eb400, 0x00000257789fe0b0, 0x00000257789fea60,
0x00000257789ff410, 0x00000257789ffdc0, 0x0000025778a00aa0, 0x0000025778a04590,
0x0000025778a7e670, 0x0000025779484840, 0x00000257794921a0, 0x00000257796b08c0,
0x00000257796b0d90, 0x00000257796b7890, 0x000002577a4cb6d0, 0x000002575b62c240,
0x000002577a6d6b30
}

Java Threads: ( => current thread )
  0x00000257789ea790 JavaThread "Reference Handler" daemon [_thread_blocked, id=1100, stack(0x0000005facc00000,0x0000005facd00000)]
  0x00000257789eb400 JavaThread "Finalizer" daemon [_thread_blocked, id=11752, stack(0x0000005facd00000,0x0000005face00000)]
  0x00000257789fe0b0 JavaThread "Signal Dispatcher" daemon [_thread_blocked, id=8948, stack(0x0000005face00000,0x0000005facf00000)]
  0x00000257789fea60 JavaThread "Attach Listener" daemon [_thread_blocked, id=8672, stack(0x0000005facf00000,0x0000005fad000000)]
  0x00000257789ff410 JavaThread "Service Thread" daemon [_thread_blocked, id=8404, stack(0x0000005fad000000,0x0000005fad100000)]
  0x00000257789ffdc0 JavaThread "Monitor Deflation Thread" daemon [_thread_blocked, id=8472, stack(0x0000005fad100000,0x0000005fad200000)]
  0x0000025778a00aa0 JavaThread "C2 CompilerThread0" daemon [_thread_blocked, id=8468, stack(0x0000005fad200000,0x0000005fad300000)]
  0x0000025778a04590 JavaThread "C1 CompilerThread0" daemon [_thread_blocked, id=7776, stack(0x0000005fad300000,0x0000005fad400000)]
  0x0000025778a7e670 JavaThread "Sweeper thread" daemon [_thread_blocked, id=9912, stack(0x0000005fad400000,0x0000005fad500000)]
  0x0000025779484840 JavaThread "Notification Thread" daemon [_thread_blocked, id=8712, stack(0x0000005fad500000,0x0000005fad600000)]
  0x00000257794921a0 JavaThread "Common-Cleaner" daemon [_thread_blocked, id=7816, stack(0x0000005fad700000,0x0000005fad800000)]
  0x00000257796b08c0 JavaThread "Java2D Disposer" daemon [_thread_blocked, id=7524, stack(0x0000005fad800000,0x0000005fad900000)]
  0x00000257796b0d90 JavaThread "AWT-Shutdown" [_thread_blocked, id=8832, stack(0x0000005fad900000,0x0000005fada00000)]
  0x00000257796b7890 JavaThread "AWT-Windows" daemon [_thread_in_native, id=7640, stack(0x0000005fada00000,0x0000005fadb00000)]
=>0x000002577a4cb6d0 JavaThread "AWT-EventQueue-0" [_thread_in_native, id=2296, stack(0x0000005fadb00000,0x0000005fadc00000)]
  0x000002575b62c240 JavaThread "DestroyJavaVM" [_thread_blocked, id=3560, stack(0x0000005fac500000,0x0000005fac600000)]
  0x000002577a6d6b30 JavaThread "TimerQueue" daemon [_thread_blocked, id=3000, stack(0x0000005fade00000,0x0000005fadf00000)]

Other Threads:
  0x00000257789e2fc0 VMThread "VM Thread" [stack: 0x0000005facb00000,0x0000005facc00000] [id=9796]
  0x0000025779486d20 WatcherThread [stack: 0x0000005fad600000,0x0000005fad700000] [id=8748]
  0x000002575b683d60 GCTaskThread "GC Thread#0" [stack: 0x0000005fac600000,0x0000005fac700000] [id=3084]
  0x000002577a7cee70 GCTaskThread "GC Thread#1" [stack: 0x0000005fae200000,0x0000005fae300000] [id=544]
  0x000002577a7cf120 GCTaskThread "GC Thread#2" [stack: 0x0000005fae300000,0x0000005fae400000] [id=1416]
  0x000002577a7cf3d0 GCTaskThread "GC Thread#3" [stack: 0x0000005fae400000,0x0000005fae500000] [id=1384]
  0x000002575b693a60 ConcurrentGCThread "G1 Main Marker" [stack: 0x0000005fac700000,0x0000005fac800000] [id=4340]
  0x000002575b694470 ConcurrentGCThread "G1 Conc#0" [stack: 0x0000005fac800000,0x0000005fac900000] [id=3308]
  0x000002575b6ffd70 ConcurrentGCThread "G1 Refine#0" [stack: 0x0000005fac900000,0x0000005faca00000] [id=3348]
  0x000002577a792340 ConcurrentGCThread "G1 Refine#1" [stack: 0x0000005fae500000,0x0000005fae600000] [id=11136]
  0x000002575b700790 ConcurrentGCThread "G1 Service" [stack: 0x0000005faca00000,0x0000005facb00000] [id=3316]

Threads with active compile tasks:

VM state: not at safepoint (normal execution)

VM Mutex/Monitor currently owned by a thread: None

Heap address: 0x0000000089200000, size: 1902 MB, Compressed Oops mode: 32-bit

CDS archive(s) mapped at: [0x0000000800000000-0x0000000800bd0000-0x0000000800bd0000), size 12386304, SharedBaseAddress: 0x0000000800000000, ArchiveRelocationMode: 0.
Compressed class space mapped at: 0x0000000800c00000-0x0000000840c00000, reserved size: 1073741824
Narrow klass base: 0x0000000800000000, Narrow klass shift: 0, Narrow klass range: 0x100000000

GC Precious Log:
 CPUs: 4 total, 4 available
 Memory: 7603M
 Large Page Support: Disabled
 NUMA Support: Disabled
 Compressed Oops: Enabled (32-bit)
 Heap Region Size: 1M
 Heap Min Capacity: 8M
 Heap Initial Capacity: 120M
 Heap Max Capacity: 1902M
 Pre-touch: Disabled
 Parallel Workers: 4
 Concurrent Workers: 1
 Concurrent Refinement Workers: 4
 Periodic GC: Disabled

Heap:
 garbage-first heap   total 122880K, used 9292K [0x0000000089200000, 0x0000000100000000)
  region size 1024K, 4 young (4096K), 1 survivors (1024K)
 Metaspace       used 12355K, committed 12608K, reserved 1064960K
  class space    used 1377K, committed 1536K, reserved 1048576K

Heap Regions: E=young(eden), S=young(survivor), O=old, HS=humongous(starts), HC=humongous(continues), CS=collection set, F=free, OA=open archive, CA=closed archive, TAMS=top-at-mark-start (previous, next)
|   0|0x0000000089200000, 0x0000000089300000, 0x0000000089300000|100%|HS|  |TAMS 0x0000000089200000, 0x0000000089200000| Complete 
|   1|0x0000000089300000, 0x0000000089400000, 0x0000000089400000|100%|HC|  |TAMS 0x0000000089300000, 0x0000000089300000| Complete 
|   2|0x0000000089400000, 0x0000000089500000, 0x0000000089500000|100%|HC|  |TAMS 0x0000000089400000, 0x0000000089400000| Complete 
|   3|0x0000000089500000, 0x0000000089600000, 0x0000000089600000|100%| O|  |TAMS 0x0000000089500000, 0x0000000089500000| Untracked 
|   4|0x0000000089600000, 0x0000000089700000, 0x0000000089700000|100%| O|  |TAMS 0x0000000089600000, 0x0000000089600000| Untracked 
|   5|0x0000000089700000, 0x0000000089800000, 0x0000000089800000|100%| O|  |TAMS 0x0000000089700000, 0x0000000089700000| Untracked 
|   6|0x0000000089800000, 0x00000000898b8200, 0x0000000089900000| 71%| O|  |TAMS 0x0000000089800000, 0x0000000089800000| Untracked 
|   7|0x0000000089900000, 0x0000000089900000, 0x0000000089a00000|  0%| F|  |TAMS 0x0000000089900000, 0x0000000089900000| Untracked 
|   8|0x0000000089a00000, 0x0000000089a00000, 0x0000000089b00000|  0%| F|  |TAMS 0x0000000089a00000, 0x0000000089a00000| Untracked 
|   9|0x0000000089b00000, 0x0000000089b00000, 0x0000000089c00000|  0%| F|  |TAMS 0x0000000089b00000, 0x0000000089b00000| Untracked 
|  10|0x0000000089c00000, 0x0000000089c00000, 0x0000000089d00000|  0%| F|  |TAMS 0x0000000089c00000, 0x0000000089c00000| Untracked 
|  11|0x0000000089d00000, 0x0000000089d00000, 0x0000000089e00000|  0%| F|  |TAMS 0x0000000089d00000, 0x0000000089d00000| Untracked 
|  12|0x0000000089e00000, 0x0000000089e00000, 0x0000000089f00000|  0%| F|  |TAMS 0x0000000089e00000, 0x0000000089e00000| Untracked 
|  13|0x0000000089f00000, 0x0000000089f00000, 0x000000008a000000|  0%| F|  |TAMS 0x0000000089f00000, 0x0000000089f00000| Untracked 
|  14|0x000000008a000000, 0x000000008a000000, 0x000000008a100000|  0%| F|  |TAMS 0x000000008a000000, 0x000000008a000000| Untracked 
|  15|0x000000008a100000, 0x000000008a100000, 0x000000008a200000|  0%| F|  |TAMS 0x000000008a100000, 0x000000008a100000| Untracked 
|  16|0x000000008a200000, 0x000000008a200000, 0x000000008a300000|  0%| F|  |TAMS 0x000000008a200000, 0x000000008a200000| Untracked 
|  17|0x000000008a300000, 0x000000008a300000, 0x000000008a400000|  0%| F|  |TAMS 0x000000008a300000, 0x000000008a300000| Untracked 
|  18|0x000000008a400000, 0x000000008a400000, 0x000000008a500000|  0%| F|  |TAMS 0x000000008a400000, 0x000000008a400000| Untracked 
|  19|0x000000008a500000, 0x000000008a500000, 0x000000008a600000|  0%| F|  |TAMS 0x000000008a500000, 0x000000008a500000| Untracked 
|  20|0x000000008a600000, 0x000000008a600000, 0x000000008a700000|  0%| F|  |TAMS 0x000000008a600000, 0x000000008a600000| Untracked 
|  21|0x000000008a700000, 0x000000008a700000, 0x000000008a800000|  0%| F|  |TAMS 0x000000008a700000, 0x000000008a700000| Untracked 
|  22|0x000000008a800000, 0x000000008a800000, 0x000000008a900000|  0%| F|  |TAMS 0x000000008a800000, 0x000000008a800000| Untracked 
|  23|0x000000008a900000, 0x000000008a900000, 0x000000008aa00000|  0%| F|  |TAMS 0x000000008a900000, 0x000000008a900000| Untracked 
|  24|0x000000008aa00000, 0x000000008aa00000, 0x000000008ab00000|  0%| F|  |TAMS 0x000000008aa00000, 0x000000008aa00000| Untracked 
|  25|0x000000008ab00000, 0x000000008ab00000, 0x000000008ac00000|  0%| F|  |TAMS 0x000000008ab00000, 0x000000008ab00000| Untracked 
|  26|0x000000008ac00000, 0x000000008ac00000, 0x000000008ad00000|  0%| F|  |TAMS 0x000000008ac00000, 0x000000008ac00000| Untracked 
|  27|0x000000008ad00000, 0x000000008ad00000, 0x000000008ae00000|  0%| F|  |TAMS 0x000000008ad00000, 0x000000008ad00000| Untracked 
|  28|0x000000008ae00000, 0x000000008ae00000, 0x000000008af00000|  0%| F|  |TAMS 0x000000008ae00000, 0x000000008ae00000| Untracked 
|  29|0x000000008af00000, 0x000000008af00000, 0x000000008b000000|  0%| F|  |TAMS 0x000000008af00000, 0x000000008af00000| Untracked 
|  30|0x000000008b000000, 0x000000008b000000, 0x000000008b100000|  0%| F|  |TAMS 0x000000008b000000, 0x000000008b000000| Untracked 
|  31|0x000000008b100000, 0x000000008b100000, 0x000000008b200000|  0%| F|  |TAMS 0x000000008b100000, 0x000000008b100000| Untracked 
|  32|0x000000008b200000, 0x000000008b200000, 0x000000008b300000|  0%| F|  |TAMS 0x000000008b200000, 0x000000008b200000| Untracked 
|  33|0x000000008b300000, 0x000000008b300000, 0x000000008b400000|  0%| F|  |TAMS 0x000000008b300000, 0x000000008b300000| Untracked 
|  34|0x000000008b400000, 0x000000008b400000, 0x000000008b500000|  0%| F|  |TAMS 0x000000008b400000, 0x000000008b400000| Untracked 
|  35|0x000000008b500000, 0x000000008b500000, 0x000000008b600000|  0%| F|  |TAMS 0x000000008b500000, 0x000000008b500000| Untracked 
|  36|0x000000008b600000, 0x000000008b600000, 0x000000008b700000|  0%| F|  |TAMS 0x000000008b600000, 0x000000008b600000| Untracked 
|  37|0x000000008b700000, 0x000000008b700000, 0x000000008b800000|  0%| F|  |TAMS 0x000000008b700000, 0x000000008b700000| Untracked 
|  38|0x000000008b800000, 0x000000008b800000, 0x000000008b900000|  0%| F|  |TAMS 0x000000008b800000, 0x000000008b800000| Untracked 
|  39|0x000000008b900000, 0x000000008b900000, 0x000000008ba00000|  0%| F|  |TAMS 0x000000008b900000, 0x000000008b900000| Untracked 
|  40|0x000000008ba00000, 0x000000008ba00000, 0x000000008bb00000|  0%| F|  |TAMS 0x000000008ba00000, 0x000000008ba00000| Untracked 
|  41|0x000000008bb00000, 0x000000008bb00000, 0x000000008bc00000|  0%| F|  |TAMS 0x000000008bb00000, 0x000000008bb00000| Untracked 
|  42|0x000000008bc00000, 0x000000008bc00000, 0x000000008bd00000|  0%| F|  |TAMS 0x000000008bc00000, 0x000000008bc00000| Untracked 
|  43|0x000000008bd00000, 0x000000008bd00000, 0x000000008be00000|  0%| F|  |TAMS 0x000000008bd00000, 0x000000008bd00000| Untracked 
|  44|0x000000008be00000, 0x000000008be00000, 0x000000008bf00000|  0%| F|  |TAMS 0x000000008be00000, 0x000000008be00000| Untracked 
|  45|0x000000008bf00000, 0x000000008bf00000, 0x000000008c000000|  0%| F|  |TAMS 0x000000008bf00000, 0x000000008bf00000| Untracked 
|  46|0x000000008c000000, 0x000000008c000000, 0x000000008c100000|  0%| F|  |TAMS 0x000000008c000000, 0x000000008c000000| Untracked 
|  47|0x000000008c100000, 0x000000008c100000, 0x000000008c200000|  0%| F|  |TAMS 0x000000008c100000, 0x000000008c100000| Untracked 
|  48|0x000000008c200000, 0x000000008c200000, 0x000000008c300000|  0%| F|  |TAMS 0x000000008c200000, 0x000000008c200000| Untracked 
|  49|0x000000008c300000, 0x000000008c300000, 0x000000008c400000|  0%| F|  |TAMS 0x000000008c300000, 0x000000008c300000| Untracked 
|  50|0x000000008c400000, 0x000000008c400000, 0x000000008c500000|  0%| F|  |TAMS 0x000000008c400000, 0x000000008c400000| Untracked 
|  51|0x000000008c500000, 0x000000008c500000, 0x000000008c600000|  0%| F|  |TAMS 0x000000008c500000, 0x000000008c500000| Untracked 
|  52|0x000000008c600000, 0x000000008c600000, 0x000000008c700000|  0%| F|  |TAMS 0x000000008c600000, 0x000000008c600000| Untracked 
|  53|0x000000008c700000, 0x000000008c700000, 0x000000008c800000|  0%| F|  |TAMS 0x000000008c700000, 0x000000008c700000| Untracked 
|  54|0x000000008c800000, 0x000000008c800000, 0x000000008c900000|  0%| F|  |TAMS 0x000000008c800000, 0x000000008c800000| Untracked 
|  55|0x000000008c900000, 0x000000008c900000, 0x000000008ca00000|  0%| F|  |TAMS 0x000000008c900000, 0x000000008c900000| Untracked 
|  56|0x000000008ca00000, 0x000000008ca00000, 0x000000008cb00000|  0%| F|  |TAMS 0x000000008ca00000, 0x000000008ca00000| Untracked 
|  57|0x000000008cb00000, 0x000000008cb00000, 0x000000008cc00000|  0%| F|  |TAMS 0x000000008cb00000, 0x000000008cb00000| Untracked 
|  58|0x000000008cc00000, 0x000000008cc00000, 0x000000008cd00000|  0%| F|  |TAMS 0x000000008cc00000, 0x000000008cc00000| Untracked 
|  59|0x000000008cd00000, 0x000000008cd00000, 0x000000008ce00000|  0%| F|  |TAMS 0x000000008cd00000, 0x000000008cd00000| Untracked 
|  60|0x000000008ce00000, 0x000000008ce00000, 0x000000008cf00000|  0%| F|  |TAMS 0x000000008ce00000, 0x000000008ce00000| Untracked 
|  61|0x000000008cf00000, 0x000000008cf00000, 0x000000008d000000|  0%| F|  |TAMS 0x000000008cf00000, 0x000000008cf00000| Untracked 
|  62|0x000000008d000000, 0x000000008d000000, 0x000000008d100000|  0%| F|  |TAMS 0x000000008d000000, 0x000000008d000000| Untracked 
|  63|0x000000008d100000, 0x000000008d100000, 0x000000008d200000|  0%| F|  |TAMS 0x000000008d100000, 0x000000008d100000| Untracked 
|  64|0x000000008d200000, 0x000000008d200000, 0x000000008d300000|  0%| F|  |TAMS 0x000000008d200000, 0x000000008d200000| Untracked 
|  65|0x000000008d300000, 0x000000008d300000, 0x000000008d400000|  0%| F|  |TAMS 0x000000008d300000, 0x000000008d300000| Untracked 
|  66|0x000000008d400000, 0x000000008d400000, 0x000000008d500000|  0%| F|  |TAMS 0x000000008d400000, 0x000000008d400000| Untracked 
|  67|0x000000008d500000, 0x000000008d500000, 0x000000008d600000|  0%| F|  |TAMS 0x000000008d500000, 0x000000008d500000| Untracked 
|  68|0x000000008d600000, 0x000000008d600000, 0x000000008d700000|  0%| F|  |TAMS 0x000000008d600000, 0x000000008d600000| Untracked 
|  69|0x000000008d700000, 0x000000008d700000, 0x000000008d800000|  0%| F|  |TAMS 0x000000008d700000, 0x000000008d700000| Untracked 
|  70|0x000000008d800000, 0x000000008d800000, 0x000000008d900000|  0%| F|  |TAMS 0x000000008d800000, 0x000000008d800000| Untracked 
|  71|0x000000008d900000, 0x000000008d900000, 0x000000008da00000|  0%| F|  |TAMS 0x000000008d900000, 0x000000008d900000| Untracked 
|  72|0x000000008da00000, 0x000000008da00000, 0x000000008db00000|  0%| F|  |TAMS 0x000000008da00000, 0x000000008da00000| Untracked 
|  73|0x000000008db00000, 0x000000008db00000, 0x000000008dc00000|  0%| F|  |TAMS 0x000000008db00000, 0x000000008db00000| Untracked 
|  74|0x000000008dc00000, 0x000000008dc00000, 0x000000008dd00000|  0%| F|  |TAMS 0x000000008dc00000, 0x000000008dc00000| Untracked 
|  75|0x000000008dd00000, 0x000000008dd00000, 0x000000008de00000|  0%| F|  |TAMS 0x000000008dd00000, 0x000000008dd00000| Untracked 
|  76|0x000000008de00000, 0x000000008de00000, 0x000000008df00000|  0%| F|  |TAMS 0x000000008de00000, 0x000000008de00000| Untracked 
|  77|0x000000008df00000, 0x000000008df00000, 0x000000008e000000|  0%| F|  |TAMS 0x000000008df00000, 0x000000008df00000| Untracked 
|  78|0x000000008e000000, 0x000000008e000000, 0x000000008e100000|  0%| F|  |TAMS 0x000000008e000000, 0x000000008e000000| Untracked 
|  79|0x000000008e100000, 0x000000008e100000, 0x000000008e200000|  0%| F|  |TAMS 0x000000008e100000, 0x000000008e100000| Untracked 
|  80|0x000000008e200000, 0x000000008e200000, 0x000000008e300000|  0%| F|  |TAMS 0x000000008e200000, 0x000000008e200000| Untracked 
|  81|0x000000008e300000, 0x000000008e300000, 0x000000008e400000|  0%| F|  |TAMS 0x000000008e300000, 0x000000008e300000| Untracked 
|  82|0x000000008e400000, 0x000000008e400000, 0x000000008e500000|  0%| F|  |TAMS 0x000000008e400000, 0x000000008e400000| Untracked 
|  83|0x000000008e500000, 0x000000008e500000, 0x000000008e600000|  0%| F|  |TAMS 0x000000008e500000, 0x000000008e500000| Untracked 
|  84|0x000000008e600000, 0x000000008e600000, 0x000000008e700000|  0%| F|  |TAMS 0x000000008e600000, 0x000000008e600000| Untracked 
|  85|0x000000008e700000, 0x000000008e700000, 0x000000008e800000|  0%| F|  |TAMS 0x000000008e700000, 0x000000008e700000| Untracked 
|  86|0x000000008e800000, 0x000000008e800000, 0x000000008e900000|  0%| F|  |TAMS 0x000000008e800000, 0x000000008e800000| Untracked 
|  87|0x000000008e900000, 0x000000008e900000, 0x000000008ea00000|  0%| F|  |TAMS 0x000000008e900000, 0x000000008e900000| Untracked 
|  88|0x000000008ea00000, 0x000000008ea00000, 0x000000008eb00000|  0%| F|  |TAMS 0x000000008ea00000, 0x000000008ea00000| Untracked 
|  89|0x000000008eb00000, 0x000000008eb00000, 0x000000008ec00000|  0%| F|  |TAMS 0x000000008eb00000, 0x000000008eb00000| Untracked 
|  90|0x000000008ec00000, 0x000000008ec00000, 0x000000008ed00000|  0%| F|  |TAMS 0x000000008ec00000, 0x000000008ec00000| Untracked 
|  91|0x000000008ed00000, 0x000000008ed00000, 0x000000008ee00000|  0%| F|  |TAMS 0x000000008ed00000, 0x000000008ed00000| Untracked 
|  92|0x000000008ee00000, 0x000000008ee00000, 0x000000008ef00000|  0%| F|  |TAMS 0x000000008ee00000, 0x000000008ee00000| Untracked 
|  93|0x000000008ef00000, 0x000000008ef00000, 0x000000008f000000|  0%| F|  |TAMS 0x000000008ef00000, 0x000000008ef00000| Untracked 
|  94|0x000000008f000000, 0x000000008f000000, 0x000000008f100000|  0%| F|  |TAMS 0x000000008f000000, 0x000000008f000000| Untracked 
|  95|0x000000008f100000, 0x000000008f100000, 0x000000008f200000|  0%| F|  |TAMS 0x000000008f100000, 0x000000008f100000| Untracked 
|  96|0x000000008f200000, 0x000000008f200000, 0x000000008f300000|  0%| F|  |TAMS 0x000000008f200000, 0x000000008f200000| Untracked 
|  97|0x000000008f300000, 0x000000008f300000, 0x000000008f400000|  0%| F|  |TAMS 0x000000008f300000, 0x000000008f300000| Untracked 
|  98|0x000000008f400000, 0x000000008f400000, 0x000000008f500000|  0%| F|  |TAMS 0x000000008f400000, 0x000000008f400000| Untracked 
|  99|0x000000008f500000, 0x000000008f500000, 0x000000008f600000|  0%| F|  |TAMS 0x000000008f500000, 0x000000008f500000| Untracked 
| 100|0x000000008f600000, 0x000000008f600000, 0x000000008f700000|  0%| F|  |TAMS 0x000000008f600000, 0x000000008f600000| Untracked 
| 101|0x000000008f700000, 0x000000008f700000, 0x000000008f800000|  0%| F|  |TAMS 0x000000008f700000, 0x000000008f700000| Untracked 
| 102|0x000000008f800000, 0x000000008f800000, 0x000000008f900000|  0%| F|  |TAMS 0x000000008f800000, 0x000000008f800000| Untracked 
| 103|0x000000008f900000, 0x000000008f900000, 0x000000008fa00000|  0%| F|  |TAMS 0x000000008f900000, 0x000000008f900000| Untracked 
| 104|0x000000008fa00000, 0x000000008fa00000, 0x000000008fb00000|  0%| F|  |TAMS 0x000000008fa00000, 0x000000008fa00000| Untracked 
| 105|0x000000008fb00000, 0x000000008fb00000, 0x000000008fc00000|  0%| F|  |TAMS 0x000000008fb00000, 0x000000008fb00000| Untracked 
| 106|0x000000008fc00000, 0x000000008fc00000, 0x000000008fd00000|  0%| F|  |TAMS 0x000000008fc00000, 0x000000008fc00000| Untracked 
| 107|0x000000008fd00000, 0x000000008fd00000, 0x000000008fe00000|  0%| F|  |TAMS 0x000000008fd00000, 0x000000008fd00000| Untracked 
| 108|0x000000008fe00000, 0x000000008fe00000, 0x000000008ff00000|  0%| F|  |TAMS 0x000000008fe00000, 0x000000008fe00000| Untracked 
| 109|0x000000008ff00000, 0x000000008ff5af50, 0x0000000090000000| 35%| S|CS|TAMS 0x000000008ff00000, 0x000000008ff00000| Complete 
| 110|0x0000000090000000, 0x0000000090000000, 0x0000000090100000|  0%| F|  |TAMS 0x0000000090000000, 0x0000000090000000| Untracked 
| 111|0x0000000090100000, 0x0000000090100000, 0x0000000090200000|  0%| F|  |TAMS 0x0000000090100000, 0x0000000090100000| Untracked 
| 112|0x0000000090200000, 0x0000000090200000, 0x0000000090300000|  0%| F|  |TAMS 0x0000000090200000, 0x0000000090200000| Untracked 
| 113|0x0000000090300000, 0x0000000090300000, 0x0000000090400000|  0%| F|  |TAMS 0x0000000090300000, 0x0000000090300000| Untracked 
| 114|0x0000000090400000, 0x0000000090400000, 0x0000000090500000|  0%| F|  |TAMS 0x0000000090400000, 0x0000000090400000| Untracked 
| 115|0x0000000090500000, 0x0000000090500000, 0x0000000090600000|  0%| F|  |TAMS 0x0000000090500000, 0x0000000090500000| Untracked 
| 116|0x0000000090600000, 0x0000000090600000, 0x0000000090700000|  0%| F|  |TAMS 0x0000000090600000, 0x0000000090600000| Untracked 
| 117|0x0000000090700000, 0x000000009077ad90, 0x0000000090800000| 47%| E|  |TAMS 0x0000000090700000, 0x0000000090700000| Complete 
| 118|0x0000000090800000, 0x0000000090900000, 0x0000000090900000|100%| E|CS|TAMS 0x0000000090800000, 0x0000000090800000| Complete 
| 119|0x0000000090900000, 0x0000000090a00000, 0x0000000090a00000|100%| E|CS|TAMS 0x0000000090900000, 0x0000000090900000| Complete 

Card table byte_map: [0x0000025772280000,0x0000025772640000] _byte_map_base: 0x0000025771e37000

Marking Bits (Prev, Next): (CMBitMap*) 0x000002575b684370, (CMBitMap*) 0x000002575b6843b0
 Prev Bits: [0x0000025772a00000, 0x00000257747b8000)
 Next Bits: [0x00000257747c0000, 0x0000025776578000)

Polling page: 0x0000025759620000

Metaspace:

Usage:
  Non-class:     10.72 MB used.
      Class:      1.35 MB used.
       Both:     12.07 MB used.

Virtual space:
  Non-class space:       16.00 MB reserved,      10.81 MB ( 68%) committed,  2 nodes.
      Class space:        1.00 GB reserved,       1.50 MB ( <1%) committed,  1 nodes.
             Both:        1.02 GB reserved,      12.31 MB (  1%) committed. 

Chunk freelists:
   Non-Class:  912.00 KB
       Class:  2.55 MB
        Both:  3.44 MB

MaxMetaspaceSize: unlimited
CompressedClassSpaceSize: 1.00 GB
Initial GC threshold: 21.00 MB
Current GC threshold: 21.00 MB
CDS: on
MetaspaceReclaimPolicy: balanced
 - commit_granule_bytes: 65536.
 - commit_granule_words: 8192.
 - virtual_space_node_default_size: 1048576.
 - enlarge_chunks_in_place: 1.
 - new_chunks_are_fully_committed: 0.
 - uncommit_free_chunks: 1.
 - use_allocation_guard: 0.
 - handle_deallocations: 1.


Internal statistics:

num_allocs_failed_limit: 0.
num_arena_births: 140.
num_arena_deaths: 0.
num_vsnodes_births: 3.
num_vsnodes_deaths: 0.
num_space_committed: 197.
num_space_uncommitted: 0.
num_chunks_returned_to_freelist: 0.
num_chunks_taken_from_freelist: 233.
num_chunk_merges: 0.
num_chunk_splits: 124.
num_chunks_enlarged: 46.
num_purges: 0.
num_inconsistent_stats: 0.

CodeHeap 'non-profiled nmethods': size=120000Kb used=1081Kb max_used=1081Kb free=118918Kb
 bounds [0x000002576a990000, 0x000002576ac00000, 0x0000025771ec0000]
CodeHeap 'profiled nmethods': size=120000Kb used=5357Kb max_used=5357Kb free=114642Kb
 bounds [0x0000025762ec0000, 0x0000025763400000, 0x000002576a3f0000]
CodeHeap 'non-nmethods': size=5760Kb used=1324Kb max_used=1354Kb free=4435Kb
 bounds [0x000002576a3f0000, 0x000002576a660000, 0x000002576a990000]
 total_blobs=3304 nmethods=2645 adapters=570
 compilation: enabled
              stopped_count=0, restarted_count=0
 full_count=0

Compilation events (20 events):
Event: 27.279 Thread 0x0000025778a04590 2635       3       java.util.jar.JarFile::getEntry (35 bytes)
Event: 27.279 Thread 0x0000025778a04590 nmethod 2635 0x00000257633f4b10 code [0x00000257633f4d00, 0x00000257633f5198]
Event: 27.280 Thread 0x0000025778a04590 2636       3       jdk.internal.loader.ClassLoaders$AppClassLoader::loadClass (40 bytes)
Event: 27.280 Thread 0x0000025778a04590 nmethod 2636 0x00000257633f5310 code [0x00000257633f5560, 0x00000257633f5eb8]
Event: 27.310 Thread 0x0000025778a04590 2637   !   3       jdk.internal.loader.URLClassPath$JarLoader::getResource (65 bytes)
Event: 27.311 Thread 0x0000025778a04590 nmethod 2637 0x00000257633f6210 code [0x00000257633f6460, 0x00000257633f6de8]
Event: 27.311 Thread 0x0000025778a04590 2639       3       jdk.internal.loader.BuiltinClassLoader::findLoadedModule (33 bytes)
Event: 27.312 Thread 0x0000025778a04590 nmethod 2639 0x00000257633f7190 code [0x00000257633f73a0, 0x00000257633f79f8]
Event: 27.312 Thread 0x0000025778a04590 2640       3       jdk.internal.loader.BuiltinClassLoader::loadClassOrNull (7 bytes)
Event: 27.312 Thread 0x0000025778a04590 nmethod 2640 0x00000257633f7c90 code [0x00000257633f7e40, 0x00000257633f8008]
Event: 27.312 Thread 0x0000025778a00aa0 2641       4       java.util.concurrent.ConcurrentHashMap::get (162 bytes)
Event: 27.313 Thread 0x0000025778a04590 2642       1       java.net.URLStreamHandler::getDefaultPort (2 bytes)
Event: 27.313 Thread 0x0000025778a04590 nmethod 2642 0x000002576aa9da90 code [0x000002576aa9dc20, 0x000002576aa9dcf8]
Event: 27.314 Thread 0x0000025778a04590 2643       3       java.lang.String::concat (15 bytes)
Event: 27.315 Thread 0x0000025778a04590 nmethod 2643 0x00000257633f8090 code [0x00000257633f83c0, 0x00000257633f9838]
Event: 27.315 Thread 0x0000025778a04590 2644       3       java.security.CodeSource::getCertificates (98 bytes)
Event: 27.316 Thread 0x0000025778a04590 nmethod 2644 0x00000257633f9f90 code [0x00000257633fa200, 0x00000257633fae38]
Event: 27.316 Thread 0x0000025778a04590 2645  s    3       jdk.internal.loader.Resource::cachedInputStream (20 bytes)
Event: 27.316 Thread 0x0000025778a04590 nmethod 2645 0x00000257633fb110 code [0x00000257633fb2c0, 0x00000257633fb5e8]
Event: 27.316 Thread 0x0000025778a00aa0 nmethod 2641 0x000002576aa9dd90 code [0x000002576aa9df20, 0x000002576aa9e1f8]

GC Heap History (4 events):
Event: 3.153 GC heap before
{Heap before GC invocations=0 (full 0):
 garbage-first heap   total 122880K, used 15360K [0x0000000089200000, 0x0000000100000000)
  region size 1024K, 13 young (13312K), 0 survivors (0K)
 Metaspace       used 10576K, committed 10816K, reserved 1064960K
  class space    used 1241K, committed 1344K, reserved 1048576K
}
Event: 3.165 GC heap after
{Heap after GC invocations=1 (full 0):
 garbage-first heap   total 122880K, used 6856K [0x0000000089200000, 0x0000000100000000)
  region size 1024K, 2 young (2048K), 2 survivors (2048K)
 Metaspace       used 10576K, committed 10816K, reserved 1064960K
  class space    used 1241K, committed 1344K, reserved 1048576K
}
Event: 23.962 GC heap before
{Heap before GC invocations=1 (full 0):
 garbage-first heap   total 122880K, used 17096K [0x0000000089200000, 0x0000000100000000)
  region size 1024K, 12 young (12288K), 2 survivors (2048K)
 Metaspace       used 12169K, committed 12416K, reserved 1064960K
  class space    used 1358K, committed 1472K, reserved 1048576K
}
Event: 23.968 GC heap after
{Heap after GC invocations=2 (full 0):
 garbage-first heap   total 122880K, used 7244K [0x0000000089200000, 0x0000000100000000)
  region size 1024K, 1 young (1024K), 1 survivors (1024K)
 Metaspace       used 12169K, committed 12416K, reserved 1064960K
  class space    used 1358K, committed 1472K, reserved 1048576K
}

Deoptimization events (20 events):
Event: 22.921 Thread 0x000002577a4cb6d0 DEOPT PACKING pc=0x000002576322a927 sp=0x0000005fadbfc7c0
Event: 22.921 Thread 0x000002577a4cb6d0 DEOPT UNPACKING pc=0x000002576a442b43 sp=0x0000005fadbfbca0 mode 0
Event: 23.202 Thread 0x000002577a4cb6d0 Uncommon trap: trap_request=0xffffffde fr.pc=0x000002576aa831c8 relative=0x0000000000000128
Event: 23.202 Thread 0x000002577a4cb6d0 Uncommon trap: reason=class_check action=maybe_recompile pc=0x000002576aa831c8 method=jdk.internal.misc.Unsafe.allocateUninitializedArray(Ljava/lang/Class;I)Ljava/lang/Object; @ 51 c2
Event: 23.202 Thread 0x000002577a4cb6d0 DEOPT PACKING pc=0x000002576aa831c8 sp=0x0000005fadbfd3e0
Event: 23.202 Thread 0x000002577a4cb6d0 DEOPT UNPACKING pc=0x000002576a4423a3 sp=0x0000005fadbfd368 mode 2
Event: 23.202 Thread 0x000002577a4cb6d0 Uncommon trap: trap_request=0xffffffde fr.pc=0x000002576aa831c8 relative=0x0000000000000128
Event: 23.202 Thread 0x000002577a4cb6d0 Uncommon trap: reason=class_check action=maybe_recompile pc=0x000002576aa831c8 method=jdk.internal.misc.Unsafe.allocateUninitializedArray(Ljava/lang/Class;I)Ljava/lang/Object; @ 51 c2
Event: 23.202 Thread 0x000002577a4cb6d0 DEOPT PACKING pc=0x000002576aa831c8 sp=0x0000005fadbfd3e0
Event: 23.202 Thread 0x000002577a4cb6d0 DEOPT UNPACKING pc=0x000002576a4423a3 sp=0x0000005fadbfd368 mode 2
Event: 23.202 Thread 0x000002577a4cb6d0 Uncommon trap: trap_request=0xffffffde fr.pc=0x000002576aa831c8 relative=0x0000000000000128
Event: 23.202 Thread 0x000002577a4cb6d0 Uncommon trap: reason=class_check action=maybe_recompile pc=0x000002576aa831c8 method=jdk.internal.misc.Unsafe.allocateUninitializedArray(Ljava/lang/Class;I)Ljava/lang/Object; @ 51 c2
Event: 23.202 Thread 0x000002577a4cb6d0 DEOPT PACKING pc=0x000002576aa831c8 sp=0x0000005fadbfd4f0
Event: 23.202 Thread 0x000002577a4cb6d0 DEOPT UNPACKING pc=0x000002576a4423a3 sp=0x0000005fadbfd478 mode 2
Event: 23.202 Thread 0x000002577a4cb6d0 Uncommon trap: trap_request=0xffffffde fr.pc=0x000002576aa831c8 relative=0x0000000000000128
Event: 23.202 Thread 0x000002577a4cb6d0 Uncommon trap: reason=class_check action=maybe_recompile pc=0x000002576aa831c8 method=jdk.internal.misc.Unsafe.allocateUninitializedArray(Ljava/lang/Class;I)Ljava/lang/Object; @ 51 c2
Event: 23.202 Thread 0x000002577a4cb6d0 DEOPT PACKING pc=0x000002576aa831c8 sp=0x0000005fadbfd330
Event: 23.202 Thread 0x000002577a4cb6d0 DEOPT UNPACKING pc=0x000002576a4423a3 sp=0x0000005fadbfd2b8 mode 2
Event: 23.582 Thread 0x000002577a4cb6d0 DEOPT PACKING pc=0x0000025763242585 sp=0x0000005fadbfd780
Event: 23.582 Thread 0x000002577a4cb6d0 DEOPT UNPACKING pc=0x000002576a442b43 sp=0x0000005fadbfcbf0 mode 0

Classes unloaded (0 events):
No events

Classes redefined (0 events):
No events

Internal exceptions (14 events):
Event: 0.220 Thread 0x000002575b62c240 Exception <a 'java/lang/ClassNotFoundException'{0x000000009084aea8}: sun/awt/resources/spi/awtProvider> (0x000000009084aea8) 
thrown [s\open\src\hotspot\share\classfile\systemDictionary.cpp, line 256]
Event: 0.282 Thread 0x000002575b62c240 Exception <a 'java/io/FileNotFoundException'{0x00000000908a3bb8}> (0x00000000908a3bb8) 
thrown [s\open\src\hotspot\share\prims\jni.cpp, line 516]
Event: 0.297 Thread 0x000002575b62c240 Exception <a 'java/io/FileNotFoundException'{0x00000000908d0dc8}> (0x00000000908d0dc8) 
thrown [s\open\src\hotspot\share\prims\jni.cpp, line 516]
Event: 0.382 Thread 0x000002575b62c240 Exception <a 'java/lang/NoSuchMethodError'{0x000000009071ef48}: 'java.lang.Object java.lang.invoke.DirectMethodHandle$Holder.invokeStaticInit(java.lang.Object)'> (0x000000009071ef48) 
thrown [s\open\src\hotspot\share\interpreter\linkResolver.cpp, line 759]
Event: 0.457 Thread 0x000002575b62c240 Exception <a 'java/lang/NoSuchMethodError'{0x000000009078ed98}: 'void java.lang.invoke.DirectMethodHandle$Holder.invokeSpecial(java.lang.Object, java.lang.Object, java.lang.Object)'> (0x000000009078ed98) 
thrown [s\open\src\hotspot\share\interpreter\linkResolver.cpp, line 759]
Event: 0.483 Thread 0x000002575b62c240 Exception <a 'java/lang/NoSuchMethodError'{0x00000000907b8da0}: 'java.lang.Object java.lang.invoke.DirectMethodHandle$Holder.newInvokeSpecial(java.lang.Object, java.lang.Object, java.lang.Object, java.lang.Object, java.lang.Object)'> (0x00000000907b8da0) 
thrown [s\open\src\hotspot\share\interpreter\linkResolver.cpp, line 759]
Event: 0.489 Thread 0x000002575b62c240 Exception <a 'java/lang/NoSuchMethodError'{0x00000000907c4768}: 'java.lang.Object java.lang.invoke.DirectMethodHandle$Holder.invokeStatic(java.lang.Object, int, java.lang.Object, java.lang.Object, java.lang.Object, java.lang.Object)'> (0x00000000907c4768) 
thrown [s\open\src\hotspot\share\interpreter\linkResolver.cpp, line 759]
Event: 0.508 Thread 0x000002575b62c240 Exception <a 'java/lang/NoSuchMethodError'{0x00000000907e9ef0}: 'java.lang.Object java.lang.invoke.DirectMethodHandle$Holder.invokeStatic(java.lang.Object, int, java.lang.Object)'> (0x00000000907e9ef0) 
thrown [s\open\src\hotspot\share\interpreter\linkResolver.cpp, line 759]
Event: 0.608 Thread 0x000002575b62c240 Exception <a 'java/lang/ClassNotFoundException'{0x00000000906a6fa8}: com/sun/swing/internal/plaf/metal/resources/spi/metalProvider> (0x00000000906a6fa8) 
thrown [s\open\src\hotspot\share\classfile\systemDictionary.cpp, line 256]
Event: 0.609 Thread 0x000002575b62c240 Exception <a 'java/lang/ClassNotFoundException'{0x00000000906aabb8}: com/sun/swing/internal/plaf/basic/resources/spi/basicProvider> (0x00000000906aabb8) 
thrown [s\open\src\hotspot\share\classfile\systemDictionary.cpp, line 256]
Event: 0.620 Thread 0x000002575b62c240 Exception <a 'java/lang/NoSuchMethodError'{0x00000000906b7ec8}: 'void java.lang.invoke.DirectMethodHandle$Holder.invokeStaticInit(java.lang.Object)'> (0x00000000906b7ec8) 
thrown [s\open\src\hotspot\share\interpreter\linkResolver.cpp, line 759]
Event: 0.690 Thread 0x000002575b62c240 Exception <a 'java/lang/ClassNotFoundException'{0x000000009051a568}: com/sun/java/swing/plaf/windows/resources/spi/windowsProvider> (0x000000009051a568) 
thrown [s\open\src\hotspot\share\classfile\systemDictionary.cpp, line 256]
Event: 1.019 Thread 0x000002577a2f9550 Exception <a 'java/lang/NoSuchMethodError'{0x00000000903db268}: 'java.lang.Object java.lang.invoke.DirectMethodHandle$Holder.newInvokeSpecial(java.lang.Object, java.lang.Object, java.lang.Object, int, int, int, int, int)'> (0x00000000903db268) 
thrown [s\open\src\hotspot\share\interpreter\linkResolver.cpp, line 759]
Event: 1.207 Thread 0x00000257796b7890 Exception <a 'java/lang/NoSuchMethodError'{0x0000000090752810}: 'void java.lang.invoke.DirectMethodHandle$Holder.invokeVirtual(java.lang.Object, java.lang.Object)'> (0x0000000090752810) 
thrown [s\open\src\hotspot\share\interpreter\linkResolver.cpp, line 759]

VM Operations (20 events):
Event: 14.949 Executing VM operation: Cleanup
Event: 14.949 Executing VM operation: Cleanup done
Event: 17.978 Executing VM operation: Cleanup
Event: 17.978 Executing VM operation: Cleanup done
Event: 18.988 Executing VM operation: Cleanup
Event: 18.988 Executing VM operation: Cleanup done
Event: 19.992 Executing VM operation: Cleanup
Event: 19.992 Executing VM operation: Cleanup done
Event: 21.000 Executing VM operation: Cleanup
Event: 21.000 Executing VM operation: Cleanup done
Event: 22.001 Executing VM operation: Cleanup
Event: 22.001 Executing VM operation: Cleanup done
Event: 23.012 Executing VM operation: Cleanup
Event: 23.012 Executing VM operation: Cleanup done
Event: 23.962 Executing VM operation: G1CollectForAllocation
Event: 23.968 Executing VM operation: G1CollectForAllocation done
Event: 24.968 Executing VM operation: Cleanup
Event: 24.968 Executing VM operation: Cleanup done
Event: 26.978 Executing VM operation: Cleanup
Event: 26.978 Executing VM operation: Cleanup done

Events (20 events):
Event: 17.909 loading class javax/accessibility/AccessibleBundle$1 done
Event: 17.911 loading class java/awt/KeyboardFocusManager$4
Event: 17.911 loading class java/awt/KeyboardFocusManager$4 done
Event: 18.327 Thread 0x000002577aa774b0 Thread added: 0x000002577aa774b0
Event: 18.525 loading class com/sun/java/swing/plaf/windows/AnimationController$1
Event: 18.525 loading class com/sun/java/swing/plaf/windows/AnimationController$1 done
Event: 18.525 loading class com/sun/java/swing/plaf/windows/AnimationController$AnimationState
Event: 18.525 loading class com/sun/java/swing/plaf/windows/AnimationController$AnimationState done
Event: 18.561 loading class java/util/WeakHashMap$KeyIterator
Event: 18.562 loading class java/util/WeakHashMap$HashIterator
Event: 18.562 loading class java/util/WeakHashMap$HashIterator done
Event: 18.562 loading class java/util/WeakHashMap$KeyIterator done
Event: 18.562 loading class java/util/EnumMap$KeySet
Event: 18.562 loading class java/util/EnumMap$KeySet done
Event: 18.562 loading class java/util/EnumMap$KeyIterator
Event: 18.562 loading class java/util/EnumMap$EnumMapIterator
Event: 18.562 loading class java/util/EnumMap$EnumMapIterator done
Event: 18.562 loading class java/util/EnumMap$KeyIterator done
Event: 18.609 Thread 0x000002577aa774b0 Thread exited: 0x000002577aa774b0
Event: 27.309 Loaded shared library C:\Program Files\swipl\bin\jpl.dll


Dynamic libraries:
0x00007ff79dcd0000 - 0x00007ff79dce0000 	C:\Program Files\Java\jdk-17\bin\java.exe
0x00007ffc49fb0000 - 0x00007ffc4a1a8000 	C:\Windows\SYSTEM32\ntdll.dll
0x00007ffc49300000 - 0x00007ffc493bf000 	C:\Windows\System32\KERNEL32.DLL
0x00007ffc477f0000 - 0x00007ffc47ac2000 	C:\Windows\System32\KERNELBASE.dll
0x00007ffc47b30000 - 0x00007ffc47c30000 	C:\Windows\System32\ucrtbase.dll
0x00007ffc41000000 - 0x00007ffc41018000 	C:\Program Files\Java\jdk-17\bin\jli.dll
0x00007ffc49460000 - 0x00007ffc4950e000 	C:\Windows\System32\ADVAPI32.dll
0x00007ffc493c0000 - 0x00007ffc4945e000 	C:\Windows\System32\msvcrt.dll
0x00007ffc48760000 - 0x00007ffc487fc000 	C:\Windows\System32\sechost.dll
0x00007ffc48990000 - 0x00007ffc48ab5000 	C:\Windows\System32\RPCRT4.dll
0x00007ffc49d90000 - 0x00007ffc49f31000 	C:\Windows\System32\USER32.dll
0x00007ffc47ad0000 - 0x00007ffc47af2000 	C:\Windows\System32\win32u.dll
0x00007ffc48650000 - 0x00007ffc4867b000 	C:\Windows\System32\GDI32.dll
0x00007ffc47e00000 - 0x00007ffc47f0f000 	C:\Windows\System32\gdi32full.dll
0x00007ffc47750000 - 0x00007ffc477ed000 	C:\Windows\System32\msvcp_win.dll
0x00007ffc36570000 - 0x00007ffc3658b000 	C:\Program Files\Java\jdk-17\bin\VCRUNTIME140.dll
0x00007ffc36ab0000 - 0x00007ffc36d4a000 	C:\Windows\WinSxS\amd64_microsoft.windows.common-controls_6595b64144ccf1df_6.0.19041.1110_none_60b5254171f9507e\COMCTL32.dll
0x00007ffc34370000 - 0x00007ffc3437a000 	C:\Windows\SYSTEM32\VERSION.dll
0x00007ffc48460000 - 0x00007ffc48492000 	C:\Windows\System32\IMM32.DLL
0x00007ffc3d100000 - 0x00007ffc3d10c000 	C:\Program Files\Java\jdk-17\bin\vcruntime140_1.dll
0x00007ffc1ad10000 - 0x00007ffc1ad9e000 	C:\Program Files\Java\jdk-17\bin\msvcp140.dll
0x00007ffc1b660000 - 0x00007ffc1c237000 	C:\Program Files\Java\jdk-17\bin\server\jvm.dll
0x00007ffc48ce0000 - 0x00007ffc48ce8000 	C:\Windows\System32\PSAPI.DLL
0x00007ffc323a0000 - 0x00007ffc323a9000 	C:\Windows\SYSTEM32\WSOCK32.dll
0x00007ffc2d420000 - 0x00007ffc2d447000 	C:\Windows\SYSTEM32\WINMM.dll
0x00007ffc48800000 - 0x00007ffc4886b000 	C:\Windows\System32\WS2_32.dll
0x00007ffc45ec0000 - 0x00007ffc45ed2000 	C:\Windows\SYSTEM32\kernel.appcore.dll
0x00007ffc3cf20000 - 0x00007ffc3cf2a000 	C:\Program Files\Java\jdk-17\bin\jimage.dll
0x00007ffc30bc0000 - 0x00007ffc30da4000 	C:\Windows\SYSTEM32\DBGHELP.DLL
0x00007ffc30ad0000 - 0x00007ffc30b05000 	C:\Windows\SYSTEM32\dbgcore.DLL
0x00007ffc47670000 - 0x00007ffc476f2000 	C:\Windows\System32\bcryptPrimitives.dll
0x00007ffc36190000 - 0x00007ffc361b5000 	C:\Program Files\Java\jdk-17\bin\java.dll
0x00007ffc1b580000 - 0x00007ffc1b657000 	C:\Program Files\Java\jdk-17\bin\jsvml.dll
0x00007ffc49640000 - 0x00007ffc49d84000 	C:\Windows\System32\SHELL32.dll
0x00007ffc45710000 - 0x00007ffc45ea2000 	C:\Windows\SYSTEM32\windows.storage.dll
0x00007ffc48100000 - 0x00007ffc48455000 	C:\Windows\System32\combase.dll
0x00007ffc470d0000 - 0x00007ffc47100000 	C:\Windows\SYSTEM32\Wldp.dll
0x00007ffc48c00000 - 0x00007ffc48cad000 	C:\Windows\System32\SHCORE.dll
0x00007ffc492a0000 - 0x00007ffc492f5000 	C:\Windows\System32\shlwapi.dll
0x00007ffc475b0000 - 0x00007ffc475cf000 	C:\Windows\SYSTEM32\profapi.dll
0x00007ffc36360000 - 0x00007ffc36379000 	C:\Program Files\Java\jdk-17\bin\net.dll
0x00007ffc40b90000 - 0x00007ffc40c9c000 	C:\Windows\SYSTEM32\WINHTTP.dll
0x00007ffc46e30000 - 0x00007ffc46e9a000 	C:\Windows\system32\mswsock.dll
0x00007ffc35c90000 - 0x00007ffc35ca6000 	C:\Program Files\Java\jdk-17\bin\nio.dll
0x00007ffc35840000 - 0x00007ffc35858000 	C:\Program Files\Java\jdk-17\bin\zip.dll
0x00007ffc1ada0000 - 0x00007ffc1af31000 	C:\Program Files\Java\jdk-17\bin\awt.dll
0x00007ffc49510000 - 0x00007ffc495dd000 	C:\Windows\System32\OLEAUT32.dll
0x00007ffc443b0000 - 0x00007ffc44441000 	C:\Windows\SYSTEM32\apphelp.dll
0x00007ffc44500000 - 0x00007ffc4459e000 	C:\Windows\system32\uxtheme.dll
0x00007ffc48870000 - 0x00007ffc48985000 	C:\Windows\System32\MSCTF.dll
0x00007ffc47fd0000 - 0x00007ffc480fa000 	C:\Windows\System32\ole32.dll
0x00007ffc44780000 - 0x00007ffc447af000 	C:\Windows\system32\DWMAPI.DLL
0x00007ffc25c90000 - 0x00007ffc25db5000 	C:\Windows\system32\opengl32.dll
0x00007ffc25c20000 - 0x00007ffc25c4c000 	C:\Windows\SYSTEM32\GLU32.dll
0x00007ffc19df0000 - 0x00007ffc19e76000 	C:\Program Files\Java\jdk-17\bin\freetype.dll
0x00007ffc19d20000 - 0x00007ffc19de5000 	C:\Program Files\Java\jdk-17\bin\fontmanager.dll
0x00007ffc3cbd0000 - 0x00007ffc3ccc9000 	C:\Windows\SYSTEM32\textinputframework.dll
0x00007ffc43e20000 - 0x00007ffc4417e000 	C:\Windows\System32\CoreUIComponents.dll
0x00007ffc46770000 - 0x00007ffc467a3000 	C:\Windows\SYSTEM32\ntmarta.dll
0x00007ffc44180000 - 0x00007ffc44272000 	C:\Windows\System32\CoreMessaging.dll
0x00007ffc42ac0000 - 0x00007ffc42c14000 	C:\Windows\SYSTEM32\wintypes.dll
0x00007ffc355f0000 - 0x00007ffc35600000 	C:\Program Files\Java\jdk-17\bin\verify.dll
0x00007ffc49160000 - 0x00007ffc4920f000 	C:\Windows\System32\clbcatq.dll
0x00007ffc3f820000 - 0x00007ffc3f9d4000 	C:\Windows\SYSTEM32\WindowsCodecs.dll
0x00007ffc47b00000 - 0x00007ffc47b27000 	C:\Windows\System32\bcrypt.dll
0x00007ffc25fe0000 - 0x00007ffc2601e000 	C:\Windows\system32\dataexchange.dll
0x00007ffc438b0000 - 0x00007ffc43a93000 	C:\Windows\system32\dcomp.dll
0x00007ffc43080000 - 0x00007ffc432e3000 	C:\Windows\system32\d3d11.dll
0x00007ffc45f30000 - 0x00007ffc46023000 	C:\Windows\system32\dxgi.dll
0x00007ffc40170000 - 0x00007ffc40370000 	C:\Windows\system32\twinapi.appcore.dll
0x000000006bb80000 - 0x000000006bbea000 	C:\Program Files\swipl\bin\jpl.dll
0x0000000064940000 - 0x000000006498b000 	C:\Program Files\swipl\bin\libwinpthread-1.dll
0x0000000070200000 - 0x0000000070927000 	C:\Program Files\swipl\bin\libswipl.dll
0x00007ffc48cb0000 - 0x00007ffc48ccd000 	C:\Windows\System32\imagehlp.dll
0x0000000069e80000 - 0x0000000069f55000 	C:\Program Files\swipl\bin\libdwarf.dll
0x000000006acc0000 - 0x000000006ad42000 	C:\Program Files\swipl\bin\libgmp-10.dll
0x000000006cec0000 - 0x000000006cf41000 	C:\Program Files\swipl\bin\libgcc_s_sjlj-1.dll

dbghelp: loaded successfully - version: 4.0.5 - missing functions: none
symbol engine: initialized successfully - sym options: 0x614 - pdb path: .;C:\Program Files\Java\jdk-17\bin;C:\Windows\SYSTEM32;C:\Windows\WinSxS\amd64_microsoft.windows.common-controls_6595b64144ccf1df_6.0.19041.1110_none_60b5254171f9507e;C:\Program Files\Java\jdk-17\bin\server;C:\Program Files\swipl\bin

VM Arguments:
jvm_args: -Dfile.encoding=UTF-8 
java_command: arterial_tension.visual.MainWindow
java_class_path (initial): C:\Program Files\swipl\lib\jpl.jar;D:\Estudio\NetBeansProjects\SBC_For_Hipertension_Tratament_japp\lib\TimingFramework-0.55.jar;D:\Estudio\NetBeansProjects\SBC_For_Hipertension_Tratament_japp\build\classes
Launcher Type: SUN_STANDARD

[Global flags]
     intx CICompilerCount                          = 3                                         {product} {ergonomic}
     uint ConcGCThreads                            = 1                                         {product} {ergonomic}
     uint G1ConcRefinementThreads                  = 4                                         {product} {ergonomic}
   size_t G1HeapRegionSize                         = 1048576                                   {product} {ergonomic}
    uintx GCDrainStackTargetSize                   = 64                                        {product} {ergonomic}
   size_t InitialHeapSize                          = 125829120                                 {product} {ergonomic}
   size_t MarkStackSize                            = 4194304                                   {product} {ergonomic}
   size_t MaxHeapSize                              = 1994391552                                {product} {ergonomic}
   size_t MaxNewSize                               = 1196425216                                {product} {ergonomic}
   size_t MinHeapDeltaBytes                        = 1048576                                   {product} {ergonomic}
   size_t MinHeapSize                              = 8388608                                   {product} {ergonomic}
    uintx NonNMethodCodeHeapSize                   = 5832780                                {pd product} {ergonomic}
    uintx NonProfiledCodeHeapSize                  = 122912730                              {pd product} {ergonomic}
    uintx ProfiledCodeHeapSize                     = 122912730                              {pd product} {ergonomic}
    uintx ReservedCodeCacheSize                    = 251658240                              {pd product} {ergonomic}
     bool SegmentedCodeCache                       = true                                      {product} {ergonomic}
   size_t SoftMaxHeapSize                          = 1994391552                             {manageable} {ergonomic}
     bool UseCompressedClassPointers               = true                           {product lp64_product} {ergonomic}
     bool UseCompressedOops                        = true                           {product lp64_product} {ergonomic}
     bool UseG1GC                                  = true                                      {product} {ergonomic}
     bool UseLargePagesIndividualAllocation        = false                                  {pd product} {ergonomic}

Logging:
Log output configuration:
 #0: stdout all=warning uptime,level,tags
 #1: stderr all=off uptime,level,tags

Environment Variables:
PATH=C:\Program Files\Common Files\Oracle\Java\javapath;C:\Program Files\Python39\Scripts\;C:\Program Files\Python39\;C:\Program Files (x86)\Common Files\Oracle\Java\javapath;C:\ProgramData\Oracle\Java\javapath;C:\Windows\system32;C:\Windows;C:\Windows\System32\Wbem;C:\Windows\System32\WindowsPowerShell\v1.0\;C:\Windows\System32\OpenSSH\;C:\Program Files\Git\cmd;C:\Program Files\Java\jdk1.8.0_66\bin;C:\Program Files\Java\jdk1.8.0_66\lib\tools.jar;C:\Program Files\Java\jdk1.8.0_66\jre\lib\rt.jar;C:\Program Files\swipl\bin;C:\Program Files\swipl\lib\jpl.jar;C:\Users\rafa\AppData\Local\Microsoft\WindowsApps;C:\Program Files\JetBrains\PyCharm Community Edition 2022.2.2\bin;C:\Program Files\JetBrains\IntelliJ IDEA Community Edition 2021.3.1\bin;C:\Users\rafa\AppData\Local\Coursier\data\bin;D:\Programas\Microsoft VS Code\bin
USERNAME=rafa
OS=Windows_NT
PROCESSOR_IDENTIFIER=Intel64 Family 6 Model 78 Stepping 3, GenuineIntel



---------------  S Y S T E M  ---------------

OS:
 Windows 10 , 64 bit Build 19041 (10.0.19041.2364)
OS uptime: 0 days 0:02 hours

CPU: total 4 (initial active 4) (2 cores per cpu, 2 threads per core) family 6 model 78 stepping 3 microcode 0xcc, cx8, cmov, fxsr, ht, mmx, 3dnowpref, sse, sse2, sse3, ssse3, sse4.1, sse4.2, popcnt, lzcnt, tsc, tscinvbit, avx, avx2, aes, erms, clmul, bmi1, bmi2, rtm, adx, fma, vzeroupper, clflush, clflushopt

Memory: 4k page, system-wide physical 7603M (4180M free)
TotalPageFile size 8819M (AvailPageFile size 5304M)
current process WorkingSet (physical memory assigned to process): 95M, peak: 95M
current process commit charge ("private bytes"): 224M, peak: 225M

vm_info: Java HotSpot(TM) 64-Bit Server VM (17.0.6+9-LTS-190) for windows-amd64 JRE (17.0.6+9-LTS-190), built on Dec  6 2022 15:53:54 by "mach5one" with MS VC++ 17.1 (VS2022)

END.
