#
# A fatal error has been detected by the Java Runtime Environment:
#
#  EXCEPTION_ACCESS_VIOLATION (0xc0000005) at pc=0x0000000070210ba1, pid=1800, tid=1016
#
# JRE version: Java(TM) SE Runtime Environment (17.0.6+9) (build 17.0.6+9-LTS-190)
# Java VM: Java HotSpot(TM) 64-Bit Server VM (17.0.6+9-LTS-190, mixed mode, sharing, tiered, compressed oops, compressed class ptrs, g1 gc, windows-amd64)
# Problematic frame:
# C  [libswipl.dll+0x10ba1]
#
# No core dump will be written. Minidumps are not enabled by default on client versions of Windows
#
# If you would like to submit a bug report, please visit:
#   https://bugreport.java.com/bugreport/crash.jsp
# The crash happened outside the Java Virtual Machine in native code.
# See problematic frame for where to report the bug.
#

---------------  S U M M A R Y ------------

Command Line: -Dfile.encoding=UTF-8 arterial_tension.visual.MainWindow

Host: Intel(R) Core(TM) i5-6300U CPU @ 2.40GHz, 4 cores, 7G,  Windows 10 , 64 bit Build 19041 (10.0.19041.2364)
Time: Thu Jun 15 15:29:26 2023 Hora de verano de Cuba elapsed time: 13.427683 seconds (0d 0h 0m 13s)

---------------  T H R E A D  ---------------

Current thread (0x000002079b078070):  JavaThread "AWT-EventQueue-0" [_thread_in_native, id=1016, stack(0x0000009757b00000,0x0000009757c00000)]

Stack: [0x0000009757b00000,0x0000009757c00000],  sp=0x0000009757bfde90,  free space=1015k
Native frames: (J=compiled Java code, j=interpreted, Vv=VM code, C=native code)
C  [libswipl.dll+0x10ba1]

Java frames: (J=compiled Java code, j=interpreted, Vv=VM code)
j  org.jpl7.fli.Prolog.open_query(Lorg/jpl7/fli/module_t;ILorg/jpl7/fli/predicate_t;Lorg/jpl7/fli/term_t;)Lorg/jpl7/fli/qid_t;+0
j  org.jpl7.Query.open()V+324
j  org.jpl7.Util.textToTerm(Ljava/lang/String;)Lorg/jpl7/Term;+57
j  org.jpl7.Query.<init>(Ljava/lang/String;)V+2
j  sbc_for_hipertension_tratament_japp.Connection.<init>([Ljava/lang/String;)V+62
j  arterial_tension.visual.TestWindow.connect_with_SBC(IILjava/lang/String;Ljava/lang/String;)Ljava/lang/String;+19
j  arterial_tension.visual.TestWindow.actionFinish()V+256
j  arterial_tension.visual.TestWindow.btn_finishActionPerformed(Ljava/awt/event/ActionEvent;)V+1
j  arterial_tension.visual.TestWindow.access$3400(Larterial_tension/visual/TestWindow;Ljava/awt/event/ActionEvent;)V+2
j  arterial_tension.visual.TestWindow$36.actionPerformed(Ljava/awt/event/ActionEvent;)V+5
j  javax.swing.AbstractButton.fireActionPerformed(Ljava/awt/event/ActionEvent;)V+84 java.desktop@17.0.6
j  javax.swing.AbstractButton$Handler.actionPerformed(Ljava/awt/event/ActionEvent;)V+5 java.desktop@17.0.6
j  javax.swing.DefaultButtonModel.fireActionPerformed(Ljava/awt/event/ActionEvent;)V+34 java.desktop@17.0.6
j  javax.swing.DefaultButtonModel.setPressed(Z)V+117 java.desktop@17.0.6
j  javax.swing.plaf.basic.BasicButtonListener.mouseReleased(Ljava/awt/event/MouseEvent;)V+35 java.desktop@17.0.6
j  java.awt.AWTEventMulticaster.mouseReleased(Ljava/awt/event/MouseEvent;)V+8 java.desktop@17.0.6
j  java.awt.AWTEventMulticaster.mouseReleased(Ljava/awt/event/MouseEvent;)V+8 java.desktop@17.0.6
j  java.awt.Component.processMouseEvent(Ljava/awt/event/MouseEvent;)V+64 java.desktop@17.0.6
j  javax.swing.JComponent.processMouseEvent(Ljava/awt/event/MouseEvent;)V+23 java.desktop@17.0.6
J 2226 c1 java.awt.Component.processEvent(Ljava/awt/AWTEvent;)V java.desktop@17.0.6 (220 bytes) @ 0x0000020787bf4adc [0x0000020787bf44a0+0x000000000000063c]
J 1912 c1 java.awt.Container.processEvent(Ljava/awt/AWTEvent;)V java.desktop@17.0.6 (22 bytes) @ 0x0000020787b1a22c [0x0000020787b19ee0+0x000000000000034c]
J 1686 c1 java.awt.Component.dispatchEventImpl(Ljava/awt/AWTEvent;)V java.desktop@17.0.6 (777 bytes) @ 0x0000020787ab1f54 [0x0000020787aae400+0x0000000000003b54]
J 1536 c1 java.awt.Container.dispatchEventImpl(Ljava/awt/AWTEvent;)V java.desktop@17.0.6 (129 bytes) @ 0x0000020787a4acfc [0x0000020787a4abc0+0x000000000000013c]
J 2133 c1 java.awt.LightweightDispatcher.retargetMouseEvent(Ljava/awt/Component;ILjava/awt/event/MouseEvent;)V java.desktop@17.0.6 (372 bytes) @ 0x0000020787bbb704 [0x0000020787bb8e20+0x00000000000028e4]
J 2237 c1 java.awt.LightweightDispatcher.processMouseEvent(Ljava/awt/event/MouseEvent;)Z java.desktop@17.0.6 (265 bytes) @ 0x0000020787c00a74 [0x0000020787bffaa0+0x0000000000000fd4]
J 1923 c1 java.awt.LightweightDispatcher.dispatchEvent(Ljava/awt/AWTEvent;)Z java.desktop@17.0.6 (73 bytes) @ 0x0000020787b20a54 [0x0000020787b20600+0x0000000000000454]
J 1536 c1 java.awt.Container.dispatchEventImpl(Ljava/awt/AWTEvent;)V java.desktop@17.0.6 (129 bytes) @ 0x0000020787a4ac9c [0x0000020787a4abc0+0x00000000000000dc]
J 1694 c1 java.awt.Window.dispatchEventImpl(Ljava/awt/AWTEvent;)V java.desktop@17.0.6 (23 bytes) @ 0x0000020787ab8694 [0x0000020787ab8080+0x0000000000000614]
J 1593 c1 java.awt.EventQueue.dispatchEventImpl(Ljava/awt/AWTEvent;Ljava/lang/Object;)V java.desktop@17.0.6 (136 bytes) @ 0x0000020787a699b4 [0x0000020787a694e0+0x00000000000004d4]
J 1592 c1 java.awt.EventQueue$4.run()Ljava/lang/Void; java.desktop@17.0.6 (60 bytes) @ 0x0000020787a68e0c [0x0000020787a68ce0+0x000000000000012c]
J 1591 c1 java.awt.EventQueue$4.run()Ljava/lang/Object; java.desktop@17.0.6 (5 bytes) @ 0x0000020787a68994 [0x0000020787a68920+0x0000000000000074]
J 1427 c1 java.security.ProtectionDomain$JavaSecurityAccessImpl.doIntersectionPrivilege(Ljava/security/PrivilegedAction;Ljava/security/AccessControlContext;Ljava/security/AccessControlContext;)Ljava/lang/Object; java.base@17.0.6 (22 bytes) @ 0x0000020787a1efb4 [0x0000020787a1ed20+0x0000000000000294]
J 1495 c1 java.awt.EventQueue.dispatchEvent(Ljava/awt/AWTEvent;)V java.desktop@17.0.6 (80 bytes) @ 0x0000020787a3b33c [0x0000020787a3a860+0x0000000000000adc]
J 1500 c1 java.awt.EventDispatchThread.pumpOneEventForFilters(I)V java.desktop@17.0.6 (113 bytes) @ 0x0000020787a3faa4 [0x0000020787a3f420+0x0000000000000684]
j  java.awt.EventDispatchThread.pumpEventsForFilter(ILjava/awt/Conditional;Ljava/awt/EventFilter;)V+35 java.desktop@17.0.6
j  java.awt.EventDispatchThread.pumpEventsForHierarchy(ILjava/awt/Conditional;Ljava/awt/Component;)V+11 java.desktop@17.0.6
j  java.awt.EventDispatchThread.pumpEvents(ILjava/awt/Conditional;)V+4 java.desktop@17.0.6
j  java.awt.EventDispatchThread.pumpEvents(Ljava/awt/Conditional;)V+3 java.desktop@17.0.6
j  java.awt.EventDispatchThread.run()V+9 java.desktop@17.0.6
v  ~StubRoutines::call_stub

siginfo: EXCEPTION_ACCESS_VIOLATION (0xc0000005), reading address 0xffffffff9e0beaa0


Register to memory mapping:

RIP=0x0000000070210ba1 libswipl.dll
RAX=0x000002079c4e5350 points into unknown readable memory: 0x000002079c4e5620 | 20 56 4e 9c 07 02 00 00
RBX=0xffffffff9e0beaa0 is an unknown value
RCX=0x0000000000000001 is an unknown value
RDX=0x0000000000000003 is an unknown value
RSP=0x0000009757bfde90 is pointing into the stack for thread: 0x000002079b078070
RBP=0x0000009757bfe028 is pointing into the stack for thread: 0x000002079b078070
RSI=0x00000000703058c0 libswipl.dll
RDI=0x0000000000000008 is an unknown value
R8 =0xffffffff9e0beaa0 is an unknown value
R9 =0x0000000000000016 is an unknown value
R10=0x00007fff19149c30 jvm.dll
R11=0x000000000000001a is an unknown value
R12=0xffffffff9c4fe1e0 is an unknown value
R13=0x0000000000000016 is an unknown value
R14=0x0000009757bfe040 is pointing into the stack for thread: 0x000002079b078070
R15=0x000002079b078070 is a thread


Registers:
RAX=0x000002079c4e5350, RBX=0xffffffff9e0beaa0, RCX=0x0000000000000001, RDX=0x0000000000000003
RSP=0x0000009757bfde90, RBP=0x0000009757bfe028, RSI=0x00000000703058c0, RDI=0x0000000000000008
R8 =0xffffffff9e0beaa0, R9 =0x0000000000000016, R10=0x00007fff19149c30, R11=0x000000000000001a
R12=0xffffffff9c4fe1e0, R13=0x0000000000000016, R14=0x0000009757bfe040, R15=0x000002079b078070
RIP=0x0000000070210ba1, EFLAGS=0x0000000000010246

Top of Stack: (sp=0x0000009757bfde90)
0x0000009757bfde90:   000002070000000c 0000000000199599
0x0000009757bfdea0:   000002079cb103c0 000002079b078070
0x0000009757bfdeb0:   0000000200000004 0000020700000004
0x0000009757bfdec0:   00000207ff17fcd0 ffffffff9c4fe1e0
0x0000009757bfded0:   000002079b078070 000002079b078318
0x0000009757bfdee0:   ffffffff9e0beaa0 0000009757bfe040
0x0000009757bfdef0:   0000009757bfe028 ffffffff9c4fe1e0
0x0000009757bfdf00:   0000000000000008 0000009757bfe040
0x0000009757bfdf10:   000002079b078070 000000006bb8e4aa
0x0000009757bfdf20:   000002079b078070 0000009757bfe020
0x0000009757bfdf30:   000002079cb103c0 000002079b078070
0x0000009757bfdf40:   000002078ece9657 000002079cb103c0
0x0000009757bfdf50:   0000000000000000 000002078ece9657
0x0000009757bfdf60:   0000009757bfe008 0000000000000000
0x0000009757bfdf70:   000002079cb103c0 000002078eced621
0x0000009757bfdf80:   000002078ece9657 000002078eced33c 

Instructions: (pc=0x0000000070210ba1)
0x0000000070210aa1:   8d 0d f9 4b 0b 00 e9 84 17 ff ff 0f 1f 40 00 4c
0x0000000070210ab1:   8b 42 38 31 c0 49 39 c8 77 37 4c 8b 4a 40 4c 39
0x0000000070210ac1:   c9 73 2e 4c 8b 51 28 4d 39 d0 77 25 4d 39 d1 76
0x0000000070210ad1:   20 83 39 04 77 1b 48 8b 42 10 48 39 c1 73 09 48
0x0000000070210ae1:   8b 40 08 48 39 c1 72 f7 48 39 c1 0f 94 c0 0f b6
0x0000000070210af1:   c0 f3 c3 66 66 66 2e 0f 1f 84 00 00 00 00 00 41
0x0000000070210b01:   57 41 56 41 55 41 54 55 57 56 53 48 83 ec 48 48
0x0000000070210b11:   89 4c 24 38 89 d7 8b 0d e3 58 0f 00 4c 89 c3 4d
0x0000000070210b21:   89 cd ff 15 cf a8 0f 00 8b 0d 89 05 0f 00 48 89
0x0000000070210b31:   c6 85 c9 75 4a 48 8b 05 d3 4a 0f 00 48 c7 05 48
0x0000000070210b41:   05 0f 00 ff ff ff ff 48 c7 05 55 05 0f 00 01 00
0x0000000070210b51:   00 00 c7 05 5b 05 0f 00 01 00 00 00 48 89 05 1c
0x0000000070210b61:   05 0f 00 48 8b 05 5d 2e 0f 00 48 89 05 3e 05 0f
0x0000000070210b71:   00 48 8d 05 07 05 0f 00 48 89 05 d0 04 0f 00 48
0x0000000070210b81:   8b 46 18 48 3b 46 08 0f 86 72 03 00 00 48 63 50
0x0000000070210b91:   04 48 8d 44 d0 28 48 39 46 40 0f 82 12 03 00 00
0x0000000070210ba1:   48 8b 0b 48 83 79 18 00 8b 41 64 0f 84 2b 03 00
0x0000000070210bb1:   00 f6 c4 04 48 89 cd 74 0f 48 8b 96 98 09 00 00
0x0000000070210bc1:   e8 ca 4f ff ff 48 89 c5 48 8b 46 40 48 8d 90 40
0x0000000070210bd1:   21 00 00 48 39 56 48 0f 82 b4 02 00 00 a8 0f 48
0x0000000070210be1:   89 c3 74 09 48 83 c3 08 f6 c3 0f 75 f7 48 89 43
0x0000000070210bf1:   68 48 c7 83 c8 00 00 00 00 00 00 00 4c 8d a3 c0
0x0000000070210c01:   00 00 00 48 8b 05 05 4a 0f 00 48 8b 00 48 c7 83
0x0000000070210c11:   c0 00 00 00 00 00 00 00 48 89 83 d8 00 00 00 48
0x0000000070210c21:   8d 05 19 04 0f 00 48 89 83 d0 00 00 00 48 8b 46
0x0000000070210c31:   08 48 85 c0 0f 84 19 04 00 00 8b 50 30 8d 42 01
0x0000000070210c41:   83 c2 02 89 83 f0 00 00 00 48 8b 46 08 8b 40 34
0x0000000070210c51:   25 4c fe ff ff 89 c1 83 c9 01 89 83 2c 01 00 00
0x0000000070210c61:   48 8d 05 48 04 0f 00 4c 89 a3 00 01 00 00 89 93
0x0000000070210c71:   28 01 00 00 89 8b f4 00 00 00 4c 8d 93 f8 00 00
0x0000000070210c81:   00 48 89 83 f8 00 00 00 48 8b 56 18 48 3b 56 08
0x0000000070210c91:   48 8b 45 00 4c 89 54 24 28 44 8b 70 18 0f 86 2c 


Stack slot to memory mapping:
stack at sp + 0 slots: 0x000002070000000c is an unknown value
stack at sp + 1 slots: 0x0000000000199599 is an unknown value
stack at sp + 2 slots: {method} {0x000002079cb103c8} 'open_query' '(Lorg/jpl7/fli/module_t;ILorg/jpl7/fli/predicate_t;Lorg/jpl7/fli/term_t;)Lorg/jpl7/fli/qid_t;' in 'org/jpl7/fli/Prolog'
stack at sp + 3 slots: 0x000002079b078070 is a thread
stack at sp + 4 slots: 0x0000000200000004 is an unknown value
stack at sp + 5 slots: 0x0000020700000004 is an unknown value
stack at sp + 6 slots: 0x00000207ff17fcd0 points into unknown readable memory: 0x000002079b39a0b4 | b4 a0 39 9b 07 02 00 00
stack at sp + 7 slots: 0xffffffff9c4fe1e0 is an unknown value


---------------  P R O C E S S  ---------------

Threads class SMR info:
_java_thread_list=0x000002079b514310, length=17, elements={
0x00000207ff15cd80, 0x00000207ff15d9f0, 0x00000207ff1700c0, 0x00000207ff170980,
0x00000207ff171330, 0x00000207ff171ce0, 0x00000207ff1739d0, 0x00000207ff1880a0,
0x00000207ff19aa80, 0x00000207ffc853f0, 0x00000207ffc93b90, 0x00000207ffe75700,
0x00000207ffe75bd0, 0x00000207ffe76230, 0x000002079b078070, 0x00000207fc30e410,
0x000002079b3d6eb0
}

Java Threads: ( => current thread )
  0x00000207ff15cd80 JavaThread "Reference Handler" daemon [_thread_blocked, id=10804, stack(0x0000009756c00000,0x0000009756d00000)]
  0x00000207ff15d9f0 JavaThread "Finalizer" daemon [_thread_blocked, id=4924, stack(0x0000009756d00000,0x0000009756e00000)]
  0x00000207ff1700c0 JavaThread "Signal Dispatcher" daemon [_thread_blocked, id=8216, stack(0x0000009756e00000,0x0000009756f00000)]
  0x00000207ff170980 JavaThread "Attach Listener" daemon [_thread_blocked, id=10716, stack(0x0000009756f00000,0x0000009757000000)]
  0x00000207ff171330 JavaThread "Service Thread" daemon [_thread_blocked, id=1580, stack(0x0000009757000000,0x0000009757100000)]
  0x00000207ff171ce0 JavaThread "Monitor Deflation Thread" daemon [_thread_blocked, id=7632, stack(0x0000009757100000,0x0000009757200000)]
  0x00000207ff1739d0 JavaThread "C2 CompilerThread0" daemon [_thread_blocked, id=11216, stack(0x0000009757200000,0x0000009757300000)]
  0x00000207ff1880a0 JavaThread "C1 CompilerThread0" daemon [_thread_blocked, id=8936, stack(0x0000009757300000,0x0000009757400000)]
  0x00000207ff19aa80 JavaThread "Sweeper thread" daemon [_thread_blocked, id=3328, stack(0x0000009757400000,0x0000009757500000)]
  0x00000207ffc853f0 JavaThread "Notification Thread" daemon [_thread_blocked, id=3172, stack(0x0000009757500000,0x0000009757600000)]
  0x00000207ffc93b90 JavaThread "Common-Cleaner" daemon [_thread_blocked, id=6172, stack(0x0000009757700000,0x0000009757800000)]
  0x00000207ffe75700 JavaThread "Java2D Disposer" daemon [_thread_blocked, id=212, stack(0x0000009757800000,0x0000009757900000)]
  0x00000207ffe75bd0 JavaThread "AWT-Shutdown" [_thread_blocked, id=9372, stack(0x0000009757900000,0x0000009757a00000)]
  0x00000207ffe76230 JavaThread "AWT-Windows" daemon [_thread_in_native, id=8076, stack(0x0000009757a00000,0x0000009757b00000)]
=>0x000002079b078070 JavaThread "AWT-EventQueue-0" [_thread_in_native, id=1016, stack(0x0000009757b00000,0x0000009757c00000)]
  0x00000207fc30e410 JavaThread "DestroyJavaVM" [_thread_blocked, id=6224, stack(0x0000009756500000,0x0000009756600000)]
  0x000002079b3d6eb0 JavaThread "TimerQueue" daemon [_thread_blocked, id=4920, stack(0x0000009757d00000,0x0000009757e00000)]

Other Threads:
  0x00000207ff153900 VMThread "VM Thread" [stack: 0x0000009756b00000,0x0000009756c00000] [id=7788]
  0x00000207ffc878d0 WatcherThread [stack: 0x0000009757600000,0x0000009757700000] [id=572]
  0x00000207fc364b10 GCTaskThread "GC Thread#0" [stack: 0x0000009756600000,0x0000009756700000] [id=8328]
  0x000002079b3d1e80 GCTaskThread "GC Thread#1" [stack: 0x0000009757e00000,0x0000009757f00000] [id=9796]
  0x000002079b3d2130 GCTaskThread "GC Thread#2" [stack: 0x0000009758300000,0x0000009758400000] [id=6432]
  0x000002079b3d23e0 GCTaskThread "GC Thread#3" [stack: 0x0000009758400000,0x0000009758500000] [id=6496]
  0x00000207fc374810 ConcurrentGCThread "G1 Main Marker" [stack: 0x0000009756700000,0x0000009756800000] [id=7312]
  0x00000207fc3759c0 ConcurrentGCThread "G1 Conc#0" [stack: 0x0000009756800000,0x0000009756900000] [id=7192]
  0x00000207fc3dde80 ConcurrentGCThread "G1 Refine#0" [stack: 0x0000009756900000,0x0000009756a00000] [id=524]
  0x000002079b3d2690 ConcurrentGCThread "G1 Refine#1" [stack: 0x0000009758500000,0x0000009758600000] [id=1044]
  0x00000207fc3de8a0 ConcurrentGCThread "G1 Service" [stack: 0x0000009756a00000,0x0000009756b00000] [id=7428]

Threads with active compile tasks:

VM state: not at safepoint (normal execution)

VM Mutex/Monitor currently owned by a thread: None

Heap address: 0x0000000089200000, size: 1902 MB, Compressed Oops mode: 32-bit

CDS archive(s) mapped at: [0x0000000800000000-0x0000000800bd0000-0x0000000800bd0000), size 12386304, SharedBaseAddress: 0x0000000800000000, ArchiveRelocationMode: 0.
Compressed class space mapped at: 0x0000000800c00000-0x0000000840c00000, reserved size: 1073741824
Narrow klass base: 0x0000000800000000, Narrow klass shift: 0, Narrow klass range: 0x100000000

GC Precious Log:
 CPUs: 4 total, 4 available
 Memory: 7603M
 Large Page Support: Disabled
 NUMA Support: Disabled
 Compressed Oops: Enabled (32-bit)
 Heap Region Size: 1M
 Heap Min Capacity: 8M
 Heap Initial Capacity: 120M
 Heap Max Capacity: 1902M
 Pre-touch: Disabled
 Parallel Workers: 4
 Concurrent Workers: 1
 Concurrent Refinement Workers: 4
 Periodic GC: Disabled

Heap:
 garbage-first heap   total 122880K, used 11458K [0x0000000089200000, 0x0000000100000000)
  region size 1024K, 6 young (6144K), 1 survivors (1024K)
 Metaspace       used 12185K, committed 12416K, reserved 1064960K
  class space    used 1355K, committed 1472K, reserved 1048576K

Heap Regions: E=young(eden), S=young(survivor), O=old, HS=humongous(starts), HC=humongous(continues), CS=collection set, F=free, OA=open archive, CA=closed archive, TAMS=top-at-mark-start (previous, next)
|   0|0x0000000089200000, 0x0000000089300000, 0x0000000089300000|100%|HS|  |TAMS 0x0000000089200000, 0x0000000089200000| Complete 
|   1|0x0000000089300000, 0x0000000089400000, 0x0000000089400000|100%|HC|  |TAMS 0x0000000089300000, 0x0000000089300000| Complete 
|   2|0x0000000089400000, 0x0000000089500000, 0x0000000089500000|100%|HC|  |TAMS 0x0000000089400000, 0x0000000089400000| Complete 
|   3|0x0000000089500000, 0x0000000089600000, 0x0000000089600000|100%| O|  |TAMS 0x0000000089500000, 0x0000000089500000| Untracked 
|   4|0x0000000089600000, 0x0000000089700000, 0x0000000089700000|100%| O|  |TAMS 0x0000000089600000, 0x0000000089600000| Untracked 
|   5|0x0000000089700000, 0x0000000089800000, 0x0000000089800000|100%| O|  |TAMS 0x0000000089700000, 0x0000000089700000| Untracked 
|   6|0x0000000089800000, 0x00000000898ca600, 0x0000000089900000| 79%| O|  |TAMS 0x0000000089800000, 0x0000000089800000| Untracked 
|   7|0x0000000089900000, 0x0000000089900000, 0x0000000089a00000|  0%| F|  |TAMS 0x0000000089900000, 0x0000000089900000| Untracked 
|   8|0x0000000089a00000, 0x0000000089a00000, 0x0000000089b00000|  0%| F|  |TAMS 0x0000000089a00000, 0x0000000089a00000| Untracked 
|   9|0x0000000089b00000, 0x0000000089b00000, 0x0000000089c00000|  0%| F|  |TAMS 0x0000000089b00000, 0x0000000089b00000| Untracked 
|  10|0x0000000089c00000, 0x0000000089c00000, 0x0000000089d00000|  0%| F|  |TAMS 0x0000000089c00000, 0x0000000089c00000| Untracked 
|  11|0x0000000089d00000, 0x0000000089d00000, 0x0000000089e00000|  0%| F|  |TAMS 0x0000000089d00000, 0x0000000089d00000| Untracked 
|  12|0x0000000089e00000, 0x0000000089e00000, 0x0000000089f00000|  0%| F|  |TAMS 0x0000000089e00000, 0x0000000089e00000| Untracked 
|  13|0x0000000089f00000, 0x0000000089f00000, 0x000000008a000000|  0%| F|  |TAMS 0x0000000089f00000, 0x0000000089f00000| Untracked 
|  14|0x000000008a000000, 0x000000008a000000, 0x000000008a100000|  0%| F|  |TAMS 0x000000008a000000, 0x000000008a000000| Untracked 
|  15|0x000000008a100000, 0x000000008a100000, 0x000000008a200000|  0%| F|  |TAMS 0x000000008a100000, 0x000000008a100000| Untracked 
|  16|0x000000008a200000, 0x000000008a200000, 0x000000008a300000|  0%| F|  |TAMS 0x000000008a200000, 0x000000008a200000| Untracked 
|  17|0x000000008a300000, 0x000000008a300000, 0x000000008a400000|  0%| F|  |TAMS 0x000000008a300000, 0x000000008a300000| Untracked 
|  18|0x000000008a400000, 0x000000008a400000, 0x000000008a500000|  0%| F|  |TAMS 0x000000008a400000, 0x000000008a400000| Untracked 
|  19|0x000000008a500000, 0x000000008a500000, 0x000000008a600000|  0%| F|  |TAMS 0x000000008a500000, 0x000000008a500000| Untracked 
|  20|0x000000008a600000, 0x000000008a600000, 0x000000008a700000|  0%| F|  |TAMS 0x000000008a600000, 0x000000008a600000| Untracked 
|  21|0x000000008a700000, 0x000000008a700000, 0x000000008a800000|  0%| F|  |TAMS 0x000000008a700000, 0x000000008a700000| Untracked 
|  22|0x000000008a800000, 0x000000008a800000, 0x000000008a900000|  0%| F|  |TAMS 0x000000008a800000, 0x000000008a800000| Untracked 
|  23|0x000000008a900000, 0x000000008a900000, 0x000000008aa00000|  0%| F|  |TAMS 0x000000008a900000, 0x000000008a900000| Untracked 
|  24|0x000000008aa00000, 0x000000008aa00000, 0x000000008ab00000|  0%| F|  |TAMS 0x000000008aa00000, 0x000000008aa00000| Untracked 
|  25|0x000000008ab00000, 0x000000008ab00000, 0x000000008ac00000|  0%| F|  |TAMS 0x000000008ab00000, 0x000000008ab00000| Untracked 
|  26|0x000000008ac00000, 0x000000008ac00000, 0x000000008ad00000|  0%| F|  |TAMS 0x000000008ac00000, 0x000000008ac00000| Untracked 
|  27|0x000000008ad00000, 0x000000008ad00000, 0x000000008ae00000|  0%| F|  |TAMS 0x000000008ad00000, 0x000000008ad00000| Untracked 
|  28|0x000000008ae00000, 0x000000008ae00000, 0x000000008af00000|  0%| F|  |TAMS 0x000000008ae00000, 0x000000008ae00000| Untracked 
|  29|0x000000008af00000, 0x000000008af00000, 0x000000008b000000|  0%| F|  |TAMS 0x000000008af00000, 0x000000008af00000| Untracked 
|  30|0x000000008b000000, 0x000000008b000000, 0x000000008b100000|  0%| F|  |TAMS 0x000000008b000000, 0x000000008b000000| Untracked 
|  31|0x000000008b100000, 0x000000008b100000, 0x000000008b200000|  0%| F|  |TAMS 0x000000008b100000, 0x000000008b100000| Untracked 
|  32|0x000000008b200000, 0x000000008b200000, 0x000000008b300000|  0%| F|  |TAMS 0x000000008b200000, 0x000000008b200000| Untracked 
|  33|0x000000008b300000, 0x000000008b300000, 0x000000008b400000|  0%| F|  |TAMS 0x000000008b300000, 0x000000008b300000| Untracked 
|  34|0x000000008b400000, 0x000000008b400000, 0x000000008b500000|  0%| F|  |TAMS 0x000000008b400000, 0x000000008b400000| Untracked 
|  35|0x000000008b500000, 0x000000008b500000, 0x000000008b600000|  0%| F|  |TAMS 0x000000008b500000, 0x000000008b500000| Untracked 
|  36|0x000000008b600000, 0x000000008b600000, 0x000000008b700000|  0%| F|  |TAMS 0x000000008b600000, 0x000000008b600000| Untracked 
|  37|0x000000008b700000, 0x000000008b700000, 0x000000008b800000|  0%| F|  |TAMS 0x000000008b700000, 0x000000008b700000| Untracked 
|  38|0x000000008b800000, 0x000000008b800000, 0x000000008b900000|  0%| F|  |TAMS 0x000000008b800000, 0x000000008b800000| Untracked 
|  39|0x000000008b900000, 0x000000008b900000, 0x000000008ba00000|  0%| F|  |TAMS 0x000000008b900000, 0x000000008b900000| Untracked 
|  40|0x000000008ba00000, 0x000000008ba00000, 0x000000008bb00000|  0%| F|  |TAMS 0x000000008ba00000, 0x000000008ba00000| Untracked 
|  41|0x000000008bb00000, 0x000000008bb00000, 0x000000008bc00000|  0%| F|  |TAMS 0x000000008bb00000, 0x000000008bb00000| Untracked 
|  42|0x000000008bc00000, 0x000000008bc00000, 0x000000008bd00000|  0%| F|  |TAMS 0x000000008bc00000, 0x000000008bc00000| Untracked 
|  43|0x000000008bd00000, 0x000000008bd00000, 0x000000008be00000|  0%| F|  |TAMS 0x000000008bd00000, 0x000000008bd00000| Untracked 
|  44|0x000000008be00000, 0x000000008be00000, 0x000000008bf00000|  0%| F|  |TAMS 0x000000008be00000, 0x000000008be00000| Untracked 
|  45|0x000000008bf00000, 0x000000008bf00000, 0x000000008c000000|  0%| F|  |TAMS 0x000000008bf00000, 0x000000008bf00000| Untracked 
|  46|0x000000008c000000, 0x000000008c000000, 0x000000008c100000|  0%| F|  |TAMS 0x000000008c000000, 0x000000008c000000| Untracked 
|  47|0x000000008c100000, 0x000000008c100000, 0x000000008c200000|  0%| F|  |TAMS 0x000000008c100000, 0x000000008c100000| Untracked 
|  48|0x000000008c200000, 0x000000008c200000, 0x000000008c300000|  0%| F|  |TAMS 0x000000008c200000, 0x000000008c200000| Untracked 
|  49|0x000000008c300000, 0x000000008c300000, 0x000000008c400000|  0%| F|  |TAMS 0x000000008c300000, 0x000000008c300000| Untracked 
|  50|0x000000008c400000, 0x000000008c400000, 0x000000008c500000|  0%| F|  |TAMS 0x000000008c400000, 0x000000008c400000| Untracked 
|  51|0x000000008c500000, 0x000000008c500000, 0x000000008c600000|  0%| F|  |TAMS 0x000000008c500000, 0x000000008c500000| Untracked 
|  52|0x000000008c600000, 0x000000008c600000, 0x000000008c700000|  0%| F|  |TAMS 0x000000008c600000, 0x000000008c600000| Untracked 
|  53|0x000000008c700000, 0x000000008c700000, 0x000000008c800000|  0%| F|  |TAMS 0x000000008c700000, 0x000000008c700000| Untracked 
|  54|0x000000008c800000, 0x000000008c800000, 0x000000008c900000|  0%| F|  |TAMS 0x000000008c800000, 0x000000008c800000| Untracked 
|  55|0x000000008c900000, 0x000000008c900000, 0x000000008ca00000|  0%| F|  |TAMS 0x000000008c900000, 0x000000008c900000| Untracked 
|  56|0x000000008ca00000, 0x000000008ca00000, 0x000000008cb00000|  0%| F|  |TAMS 0x000000008ca00000, 0x000000008ca00000| Untracked 
|  57|0x000000008cb00000, 0x000000008cb00000, 0x000000008cc00000|  0%| F|  |TAMS 0x000000008cb00000, 0x000000008cb00000| Untracked 
|  58|0x000000008cc00000, 0x000000008cc00000, 0x000000008cd00000|  0%| F|  |TAMS 0x000000008cc00000, 0x000000008cc00000| Untracked 
|  59|0x000000008cd00000, 0x000000008cd00000, 0x000000008ce00000|  0%| F|  |TAMS 0x000000008cd00000, 0x000000008cd00000| Untracked 
|  60|0x000000008ce00000, 0x000000008ce00000, 0x000000008cf00000|  0%| F|  |TAMS 0x000000008ce00000, 0x000000008ce00000| Untracked 
|  61|0x000000008cf00000, 0x000000008cf00000, 0x000000008d000000|  0%| F|  |TAMS 0x000000008cf00000, 0x000000008cf00000| Untracked 
|  62|0x000000008d000000, 0x000000008d000000, 0x000000008d100000|  0%| F|  |TAMS 0x000000008d000000, 0x000000008d000000| Untracked 
|  63|0x000000008d100000, 0x000000008d100000, 0x000000008d200000|  0%| F|  |TAMS 0x000000008d100000, 0x000000008d100000| Untracked 
|  64|0x000000008d200000, 0x000000008d200000, 0x000000008d300000|  0%| F|  |TAMS 0x000000008d200000, 0x000000008d200000| Untracked 
|  65|0x000000008d300000, 0x000000008d300000, 0x000000008d400000|  0%| F|  |TAMS 0x000000008d300000, 0x000000008d300000| Untracked 
|  66|0x000000008d400000, 0x000000008d400000, 0x000000008d500000|  0%| F|  |TAMS 0x000000008d400000, 0x000000008d400000| Untracked 
|  67|0x000000008d500000, 0x000000008d500000, 0x000000008d600000|  0%| F|  |TAMS 0x000000008d500000, 0x000000008d500000| Untracked 
|  68|0x000000008d600000, 0x000000008d600000, 0x000000008d700000|  0%| F|  |TAMS 0x000000008d600000, 0x000000008d600000| Untracked 
|  69|0x000000008d700000, 0x000000008d700000, 0x000000008d800000|  0%| F|  |TAMS 0x000000008d700000, 0x000000008d700000| Untracked 
|  70|0x000000008d800000, 0x000000008d800000, 0x000000008d900000|  0%| F|  |TAMS 0x000000008d800000, 0x000000008d800000| Untracked 
|  71|0x000000008d900000, 0x000000008d900000, 0x000000008da00000|  0%| F|  |TAMS 0x000000008d900000, 0x000000008d900000| Untracked 
|  72|0x000000008da00000, 0x000000008da00000, 0x000000008db00000|  0%| F|  |TAMS 0x000000008da00000, 0x000000008da00000| Untracked 
|  73|0x000000008db00000, 0x000000008db00000, 0x000000008dc00000|  0%| F|  |TAMS 0x000000008db00000, 0x000000008db00000| Untracked 
|  74|0x000000008dc00000, 0x000000008dc00000, 0x000000008dd00000|  0%| F|  |TAMS 0x000000008dc00000, 0x000000008dc00000| Untracked 
|  75|0x000000008dd00000, 0x000000008dd00000, 0x000000008de00000|  0%| F|  |TAMS 0x000000008dd00000, 0x000000008dd00000| Untracked 
|  76|0x000000008de00000, 0x000000008de00000, 0x000000008df00000|  0%| F|  |TAMS 0x000000008de00000, 0x000000008de00000| Untracked 
|  77|0x000000008df00000, 0x000000008df00000, 0x000000008e000000|  0%| F|  |TAMS 0x000000008df00000, 0x000000008df00000| Untracked 
|  78|0x000000008e000000, 0x000000008e000000, 0x000000008e100000|  0%| F|  |TAMS 0x000000008e000000, 0x000000008e000000| Untracked 
|  79|0x000000008e100000, 0x000000008e100000, 0x000000008e200000|  0%| F|  |TAMS 0x000000008e100000, 0x000000008e100000| Untracked 
|  80|0x000000008e200000, 0x000000008e200000, 0x000000008e300000|  0%| F|  |TAMS 0x000000008e200000, 0x000000008e200000| Untracked 
|  81|0x000000008e300000, 0x000000008e300000, 0x000000008e400000|  0%| F|  |TAMS 0x000000008e300000, 0x000000008e300000| Untracked 
|  82|0x000000008e400000, 0x000000008e400000, 0x000000008e500000|  0%| F|  |TAMS 0x000000008e400000, 0x000000008e400000| Untracked 
|  83|0x000000008e500000, 0x000000008e500000, 0x000000008e600000|  0%| F|  |TAMS 0x000000008e500000, 0x000000008e500000| Untracked 
|  84|0x000000008e600000, 0x000000008e600000, 0x000000008e700000|  0%| F|  |TAMS 0x000000008e600000, 0x000000008e600000| Untracked 
|  85|0x000000008e700000, 0x000000008e700000, 0x000000008e800000|  0%| F|  |TAMS 0x000000008e700000, 0x000000008e700000| Untracked 
|  86|0x000000008e800000, 0x000000008e800000, 0x000000008e900000|  0%| F|  |TAMS 0x000000008e800000, 0x000000008e800000| Untracked 
|  87|0x000000008e900000, 0x000000008e900000, 0x000000008ea00000|  0%| F|  |TAMS 0x000000008e900000, 0x000000008e900000| Untracked 
|  88|0x000000008ea00000, 0x000000008ea00000, 0x000000008eb00000|  0%| F|  |TAMS 0x000000008ea00000, 0x000000008ea00000| Untracked 
|  89|0x000000008eb00000, 0x000000008eb00000, 0x000000008ec00000|  0%| F|  |TAMS 0x000000008eb00000, 0x000000008eb00000| Untracked 
|  90|0x000000008ec00000, 0x000000008ec00000, 0x000000008ed00000|  0%| F|  |TAMS 0x000000008ec00000, 0x000000008ec00000| Untracked 
|  91|0x000000008ed00000, 0x000000008ed00000, 0x000000008ee00000|  0%| F|  |TAMS 0x000000008ed00000, 0x000000008ed00000| Untracked 
|  92|0x000000008ee00000, 0x000000008ee00000, 0x000000008ef00000|  0%| F|  |TAMS 0x000000008ee00000, 0x000000008ee00000| Untracked 
|  93|0x000000008ef00000, 0x000000008ef00000, 0x000000008f000000|  0%| F|  |TAMS 0x000000008ef00000, 0x000000008ef00000| Untracked 
|  94|0x000000008f000000, 0x000000008f000000, 0x000000008f100000|  0%| F|  |TAMS 0x000000008f000000, 0x000000008f000000| Untracked 
|  95|0x000000008f100000, 0x000000008f100000, 0x000000008f200000|  0%| F|  |TAMS 0x000000008f100000, 0x000000008f100000| Untracked 
|  96|0x000000008f200000, 0x000000008f200000, 0x000000008f300000|  0%| F|  |TAMS 0x000000008f200000, 0x000000008f200000| Untracked 
|  97|0x000000008f300000, 0x000000008f300000, 0x000000008f400000|  0%| F|  |TAMS 0x000000008f300000, 0x000000008f300000| Untracked 
|  98|0x000000008f400000, 0x000000008f400000, 0x000000008f500000|  0%| F|  |TAMS 0x000000008f400000, 0x000000008f400000| Untracked 
|  99|0x000000008f500000, 0x000000008f500000, 0x000000008f600000|  0%| F|  |TAMS 0x000000008f500000, 0x000000008f500000| Untracked 
| 100|0x000000008f600000, 0x000000008f600000, 0x000000008f700000|  0%| F|  |TAMS 0x000000008f600000, 0x000000008f600000| Untracked 
| 101|0x000000008f700000, 0x000000008f700000, 0x000000008f800000|  0%| F|  |TAMS 0x000000008f700000, 0x000000008f700000| Untracked 
| 102|0x000000008f800000, 0x000000008f800000, 0x000000008f900000|  0%| F|  |TAMS 0x000000008f800000, 0x000000008f800000| Untracked 
| 103|0x000000008f900000, 0x000000008f900000, 0x000000008fa00000|  0%| F|  |TAMS 0x000000008f900000, 0x000000008f900000| Untracked 
| 104|0x000000008fa00000, 0x000000008fa00000, 0x000000008fb00000|  0%| F|  |TAMS 0x000000008fa00000, 0x000000008fa00000| Untracked 
| 105|0x000000008fb00000, 0x000000008fb00000, 0x000000008fc00000|  0%| F|  |TAMS 0x000000008fb00000, 0x000000008fb00000| Untracked 
| 106|0x000000008fc00000, 0x000000008fc00000, 0x000000008fd00000|  0%| F|  |TAMS 0x000000008fc00000, 0x000000008fc00000| Untracked 
| 107|0x000000008fd00000, 0x000000008fd00000, 0x000000008fe00000|  0%| F|  |TAMS 0x000000008fd00000, 0x000000008fd00000| Untracked 
| 108|0x000000008fe00000, 0x000000008fe00000, 0x000000008ff00000|  0%| F|  |TAMS 0x000000008fe00000, 0x000000008fe00000| Untracked 
| 109|0x000000008ff00000, 0x000000008ff00000, 0x0000000090000000|  0%| F|  |TAMS 0x000000008ff00000, 0x000000008ff00000| Untracked 
| 110|0x0000000090000000, 0x0000000090000000, 0x0000000090100000|  0%| F|  |TAMS 0x0000000090000000, 0x0000000090000000| Untracked 
| 111|0x0000000090100000, 0x0000000090166358, 0x0000000090200000| 39%| S|CS|TAMS 0x0000000090100000, 0x0000000090100000| Complete 
| 112|0x0000000090200000, 0x0000000090200000, 0x0000000090300000|  0%| F|  |TAMS 0x0000000090200000, 0x0000000090200000| Untracked 
| 113|0x0000000090300000, 0x0000000090300000, 0x0000000090400000|  0%| F|  |TAMS 0x0000000090300000, 0x0000000090300000| Untracked 
| 114|0x0000000090400000, 0x0000000090400000, 0x0000000090500000|  0%| F|  |TAMS 0x0000000090400000, 0x0000000090400000| Untracked 
| 115|0x0000000090500000, 0x0000000090600000, 0x0000000090600000|100%| E|  |TAMS 0x0000000090500000, 0x0000000090500000| Complete 
| 116|0x0000000090600000, 0x0000000090700000, 0x0000000090700000|100%| E|CS|TAMS 0x0000000090600000, 0x0000000090600000| Complete 
| 117|0x0000000090700000, 0x0000000090800000, 0x0000000090800000|100%| E|CS|TAMS 0x0000000090700000, 0x0000000090700000| Complete 
| 118|0x0000000090800000, 0x0000000090900000, 0x0000000090900000|100%| E|CS|TAMS 0x0000000090800000, 0x0000000090800000| Complete 
| 119|0x0000000090900000, 0x0000000090a00000, 0x0000000090a00000|100%| E|CS|TAMS 0x0000000090900000, 0x0000000090900000| Complete 

Card table byte_map: [0x00000207fc7b0000,0x00000207fcb70000] _byte_map_base: 0x00000207fc367000

Marking Bits (Prev, Next): (CMBitMap*) 0x00000207fc365120, (CMBitMap*) 0x00000207fc365160
 Prev Bits: [0x00000207fcf30000, 0x00000207fece8000)
 Next Bits: [0x00000207967b0000, 0x0000020798568000)

Polling page: 0x00000207fa250000

Metaspace:

Usage:
  Non-class:     10.58 MB used.
      Class:      1.32 MB used.
       Both:     11.90 MB used.

Virtual space:
  Non-class space:       16.00 MB reserved,      10.69 MB ( 67%) committed,  2 nodes.
      Class space:        1.00 GB reserved,       1.44 MB ( <1%) committed,  1 nodes.
             Both:        1.02 GB reserved,      12.12 MB (  1%) committed. 

Chunk freelists:
   Non-Class:  928.00 KB
       Class:  2.55 MB
        Both:  3.45 MB

MaxMetaspaceSize: unlimited
CompressedClassSpaceSize: 1.00 GB
Initial GC threshold: 21.00 MB
Current GC threshold: 21.00 MB
CDS: on
MetaspaceReclaimPolicy: balanced
 - commit_granule_bytes: 65536.
 - commit_granule_words: 8192.
 - virtual_space_node_default_size: 1048576.
 - enlarge_chunks_in_place: 1.
 - new_chunks_are_fully_committed: 0.
 - uncommit_free_chunks: 1.
 - use_allocation_guard: 0.
 - handle_deallocations: 1.


Internal statistics:

num_allocs_failed_limit: 0.
num_arena_births: 140.
num_arena_deaths: 0.
num_vsnodes_births: 3.
num_vsnodes_deaths: 0.
num_space_committed: 194.
num_space_uncommitted: 0.
num_chunks_returned_to_freelist: 0.
num_chunks_taken_from_freelist: 231.
num_chunk_merges: 0.
num_chunk_splits: 122.
num_chunks_enlarged: 47.
num_purges: 0.
num_inconsistent_stats: 0.

CodeHeap 'non-profiled nmethods': size=120000Kb used=1046Kb max_used=1046Kb free=118953Kb
 bounds [0x000002078f280000, 0x000002078f4f0000, 0x00000207967b0000]
CodeHeap 'profiled nmethods': size=120000Kb used=5114Kb max_used=5114Kb free=114885Kb
 bounds [0x00000207877b0000, 0x0000020787cb0000, 0x000002078ece0000]
CodeHeap 'non-nmethods': size=5760Kb used=1324Kb max_used=1377Kb free=4435Kb
 bounds [0x000002078ece0000, 0x000002078ef50000, 0x000002078f280000]
 total_blobs=3263 nmethods=2604 adapters=570
 compilation: enabled
              stopped_count=0, restarted_count=0
 full_count=0

Compilation events (20 events):
Event: 13.387 Thread 0x00000207ff1880a0 2594       3       java.lang.ClassLoader::loadClass (7 bytes)
Event: 13.387 Thread 0x00000207ff1880a0 nmethod 2594 0x0000020787ca8890 code [0x0000020787ca8a40, 0x0000020787ca8c08]
Event: 13.387 Thread 0x00000207ff1880a0 2595       3       jdk.internal.loader.BuiltinClassLoader::loadClass (22 bytes)
Event: 13.387 Thread 0x00000207ff1880a0 nmethod 2595 0x0000020787ca8c90 code [0x0000020787ca8e40, 0x0000020787ca9118]
Event: 13.394 Thread 0x00000207ff1880a0 2596       3       jdk.internal.loader.ClassLoaders$AppClassLoader::loadClass (40 bytes)
Event: 13.395 Thread 0x00000207ff1880a0 nmethod 2596 0x0000020787ca9210 code [0x0000020787ca9460, 0x0000020787ca9db8]
Event: 13.395 Thread 0x00000207ff1880a0 2598       3       java.util.WeakHashMap::matchesKey (33 bytes)
Event: 13.395 Thread 0x00000207ff1880a0 nmethod 2598 0x0000020787caa110 code [0x0000020787caa2e0, 0x0000020787caa818]
Event: 13.395 Thread 0x00000207ff1880a0 2599       3       jdk.internal.loader.BuiltinClassLoader::findLoadedModule (33 bytes)
Event: 13.396 Thread 0x00000207ff1880a0 nmethod 2599 0x0000020787caa990 code [0x0000020787caaba0, 0x0000020787cab1f8]
Event: 13.396 Thread 0x00000207ff1880a0 2600   !   3       java.util.zip.ZipFile$Source::getEntryPos (173 bytes)
Event: 13.397 Thread 0x00000207ff1880a0 nmethod 2600 0x0000020787cab490 code [0x0000020787cab780, 0x0000020787cac828]
Event: 13.397 Thread 0x00000207ff1880a0 2601       3       java.util.zip.ZipCoder::hash (36 bytes)
Event: 13.398 Thread 0x00000207ff1880a0 nmethod 2601 0x0000020787cad210 code [0x0000020787cad420, 0x0000020787cadb48]
Event: 13.398 Thread 0x00000207ff1880a0 2602   !   3       java.util.zip.ZipFile::getEntry (59 bytes)
Event: 13.398 Thread 0x00000207ff1880a0 nmethod 2602 0x0000020787cade10 code [0x0000020787cae000, 0x0000020787cae478]
Event: 13.398 Thread 0x00000207ff1880a0 2604       3       java.lang.ref.Reference::clear (5 bytes)
Event: 13.398 Thread 0x00000207ff1880a0 nmethod 2604 0x0000020787cae710 code [0x0000020787cae8a0, 0x0000020787cae9e8]
Event: 13.398 Thread 0x00000207ff1880a0 2603       1       java.net.URLStreamHandler::getDefaultPort (2 bytes)
Event: 13.398 Thread 0x00000207ff1880a0 nmethod 2603 0x000002078f385790 code [0x000002078f385920, 0x000002078f3859f8]

GC Heap History (4 events):
Event: 2.255 GC heap before
{Heap before GC invocations=0 (full 0):
 garbage-first heap   total 122880K, used 15360K [0x0000000089200000, 0x0000000100000000)
  region size 1024K, 13 young (13312K), 0 survivors (0K)
 Metaspace       used 10530K, committed 10752K, reserved 1064960K
  class space    used 1242K, committed 1344K, reserved 1048576K
}
Event: 2.261 GC heap after
{Heap after GC invocations=1 (full 0):
 garbage-first heap   total 122880K, used 6926K [0x0000000089200000, 0x0000000100000000)
  region size 1024K, 2 young (2048K), 2 survivors (2048K)
 Metaspace       used 10530K, committed 10752K, reserved 1064960K
  class space    used 1242K, committed 1344K, reserved 1048576K
}
Event: 9.168 GC heap before
{Heap before GC invocations=1 (full 0):
 garbage-first heap   total 122880K, used 15118K [0x0000000089200000, 0x0000000100000000)
  region size 1024K, 10 young (10240K), 2 survivors (2048K)
 Metaspace       used 11922K, committed 12160K, reserved 1064960K
  class space    used 1336K, committed 1408K, reserved 1048576K
}
Event: 9.173 GC heap after
{Heap after GC invocations=2 (full 0):
 garbage-first heap   total 122880K, used 7362K [0x0000000089200000, 0x0000000100000000)
  region size 1024K, 1 young (1024K), 1 survivors (1024K)
 Metaspace       used 11922K, committed 12160K, reserved 1064960K
  class space    used 1336K, committed 1408K, reserved 1048576K
}

Deoptimization events (20 events):
Event: 5.595 Thread 0x000002079b078070 DEOPT PACKING pc=0x0000020787a82720 sp=0x0000009757bfd2c0
Event: 5.595 Thread 0x000002079b078070 DEOPT UNPACKING pc=0x000002078ed32b43 sp=0x0000009757bfc688 mode 0
Event: 6.310 Thread 0x000002079b078070 DEOPT PACKING pc=0x0000020787ae4e27 sp=0x0000009757bfd140
Event: 6.310 Thread 0x000002079b078070 DEOPT UNPACKING pc=0x000002078ed32b43 sp=0x0000009757bfc620 mode 0
Event: 6.886 Thread 0x000002079b078070 Uncommon trap: trap_request=0xffffff45 fr.pc=0x000002078f333634 relative=0x0000000000000594
Event: 6.887 Thread 0x000002079b078070 Uncommon trap: reason=unstable_if action=reinterpret pc=0x000002078f333634 method=java.awt.geom.AffineTransform.transform([DI[DII)V @ 41 c2
Event: 6.887 Thread 0x000002079b078070 DEOPT PACKING pc=0x000002078f333634 sp=0x0000009757bfe260
Event: 6.887 Thread 0x000002079b078070 DEOPT UNPACKING pc=0x000002078ed323a3 sp=0x0000009757bfe180 mode 2
Event: 8.433 Thread 0x000002079b078070 DEOPT PACKING pc=0x0000020787a82273 sp=0x0000009757bfdad0
Event: 8.433 Thread 0x000002079b078070 DEOPT UNPACKING pc=0x000002078ed32b43 sp=0x0000009757bfce98 mode 0
Event: 11.101 Thread 0x000002079b078070 DEOPT PACKING pc=0x0000020787ba1685 sp=0x0000009757bfd150
Event: 11.101 Thread 0x000002079b078070 DEOPT UNPACKING pc=0x000002078ed32b43 sp=0x0000009757bfc5c0 mode 0
Event: 13.340 Thread 0x000002079b078070 Uncommon trap: trap_request=0xffffff45 fr.pc=0x000002078f34f720 relative=0x0000000000001780
Event: 13.340 Thread 0x000002079b078070 Uncommon trap: reason=unstable_if action=reinterpret pc=0x000002078f34f720 method=sun.java2d.marlin.Renderer._endRendering(II)V @ 2028 c2
Event: 13.340 Thread 0x000002079b078070 DEOPT PACKING pc=0x000002078f34f720 sp=0x0000009757bfd8c0
Event: 13.340 Thread 0x000002079b078070 DEOPT UNPACKING pc=0x000002078ed323a3 sp=0x0000009757bfd6c8 mode 2
Event: 13.341 Thread 0x000002079b078070 Uncommon trap: trap_request=0xffffff45 fr.pc=0x000002078f3372dc relative=0x000000000000239c
Event: 13.341 Thread 0x000002079b078070 Uncommon trap: reason=unstable_if action=reinterpret pc=0x000002078f3372dc method=sun.java2d.marlin.Renderer._endRendering(II)V @ 2028 c2
Event: 13.341 Thread 0x000002079b078070 DEOPT PACKING pc=0x000002078f3372dc sp=0x0000009757bfd7f0
Event: 13.341 Thread 0x000002079b078070 DEOPT UNPACKING pc=0x000002078ed323a3 sp=0x0000009757bfd6c8 mode 2

Classes unloaded (0 events):
No events

Classes redefined (0 events):
No events

Internal exceptions (14 events):
Event: 0.174 Thread 0x00000207fc30e410 Exception <a 'java/lang/ClassNotFoundException'{0x000000009084b2e8}: sun/awt/resources/spi/awtProvider> (0x000000009084b2e8) 
thrown [s\open\src\hotspot\share\classfile\systemDictionary.cpp, line 256]
Event: 0.275 Thread 0x00000207fc30e410 Exception <a 'java/io/FileNotFoundException'{0x00000000908a40b0}> (0x00000000908a40b0) 
thrown [s\open\src\hotspot\share\prims\jni.cpp, line 516]
Event: 0.289 Thread 0x00000207fc30e410 Exception <a 'java/io/FileNotFoundException'{0x00000000908d1270}> (0x00000000908d1270) 
thrown [s\open\src\hotspot\share\prims\jni.cpp, line 516]
Event: 0.341 Thread 0x00000207fc30e410 Exception <a 'java/lang/NoSuchMethodError'{0x000000009071f6d0}: 'java.lang.Object java.lang.invoke.DirectMethodHandle$Holder.invokeStaticInit(java.lang.Object)'> (0x000000009071f6d0) 
thrown [s\open\src\hotspot\share\interpreter\linkResolver.cpp, line 759]
Event: 0.371 Thread 0x00000207fc30e410 Exception <a 'java/lang/NoSuchMethodError'{0x000000009078f518}: 'void java.lang.invoke.DirectMethodHandle$Holder.invokeSpecial(java.lang.Object, java.lang.Object, java.lang.Object)'> (0x000000009078f518) 
thrown [s\open\src\hotspot\share\interpreter\linkResolver.cpp, line 759]
Event: 0.381 Thread 0x00000207fc30e410 Exception <a 'java/lang/NoSuchMethodError'{0x00000000907b9520}: 'java.lang.Object java.lang.invoke.DirectMethodHandle$Holder.newInvokeSpecial(java.lang.Object, java.lang.Object, java.lang.Object, java.lang.Object, java.lang.Object)'> (0x00000000907b9520) 
thrown [s\open\src\hotspot\share\interpreter\linkResolver.cpp, line 759]
Event: 0.383 Thread 0x00000207fc30e410 Exception <a 'java/lang/NoSuchMethodError'{0x00000000907c4ee8}: 'java.lang.Object java.lang.invoke.DirectMethodHandle$Holder.invokeStatic(java.lang.Object, int, java.lang.Object, java.lang.Object, java.lang.Object, java.lang.Object)'> (0x00000000907c4ee8) 
thrown [s\open\src\hotspot\share\interpreter\linkResolver.cpp, line 759]
Event: 0.389 Thread 0x00000207fc30e410 Exception <a 'java/lang/NoSuchMethodError'{0x00000000907ea658}: 'java.lang.Object java.lang.invoke.DirectMethodHandle$Holder.invokeStatic(java.lang.Object, int, java.lang.Object)'> (0x00000000907ea658) 
thrown [s\open\src\hotspot\share\interpreter\linkResolver.cpp, line 759]
Event: 0.429 Thread 0x00000207fc30e410 Exception <a 'java/lang/ClassNotFoundException'{0x00000000906a7670}: com/sun/swing/internal/plaf/metal/resources/spi/metalProvider> (0x00000000906a7670) 
thrown [s\open\src\hotspot\share\classfile\systemDictionary.cpp, line 256]
Event: 0.430 Thread 0x00000207fc30e410 Exception <a 'java/lang/ClassNotFoundException'{0x00000000906ab280}: com/sun/swing/internal/plaf/basic/resources/spi/basicProvider> (0x00000000906ab280) 
thrown [s\open\src\hotspot\share\classfile\systemDictionary.cpp, line 256]
Event: 0.433 Thread 0x00000207fc30e410 Exception <a 'java/lang/NoSuchMethodError'{0x00000000906b8590}: 'void java.lang.invoke.DirectMethodHandle$Holder.invokeStaticInit(java.lang.Object)'> (0x00000000906b8590) 
thrown [s\open\src\hotspot\share\interpreter\linkResolver.cpp, line 759]
Event: 0.454 Thread 0x00000207fc30e410 Exception <a 'java/lang/ClassNotFoundException'{0x000000009051b000}: com/sun/java/swing/plaf/windows/resources/spi/windowsProvider> (0x000000009051b000) 
thrown [s\open\src\hotspot\share\classfile\systemDictionary.cpp, line 256]
Event: 0.643 Thread 0x000002079b079cb0 Exception <a 'java/lang/NoSuchMethodError'{0x00000000903db1f0}: 'java.lang.Object java.lang.invoke.DirectMethodHandle$Holder.newInvokeSpecial(java.lang.Object, java.lang.Object, java.lang.Object, int, int, int, int, int)'> (0x00000000903db1f0) 
thrown [s\open\src\hotspot\share\interpreter\linkResolver.cpp, line 759]
Event: 0.680 Thread 0x00000207ffe76230 Exception <a 'java/lang/NoSuchMethodError'{0x0000000090752768}: 'void java.lang.invoke.DirectMethodHandle$Holder.invokeVirtual(java.lang.Object, java.lang.Object)'> (0x0000000090752768) 
thrown [s\open\src\hotspot\share\interpreter\linkResolver.cpp, line 759]

VM Operations (20 events):
Event: 4.278 Executing VM operation: Cleanup
Event: 4.278 Executing VM operation: Cleanup done
Event: 5.288 Executing VM operation: Cleanup
Event: 5.289 Executing VM operation: Cleanup done
Event: 6.293 Executing VM operation: Cleanup
Event: 6.293 Executing VM operation: Cleanup done
Event: 7.295 Executing VM operation: Cleanup
Event: 7.296 Executing VM operation: Cleanup done
Event: 8.297 Executing VM operation: Cleanup
Event: 8.297 Executing VM operation: Cleanup done
Event: 9.167 Executing VM operation: G1CollectForAllocation
Event: 9.173 Executing VM operation: G1CollectForAllocation done
Event: 10.185 Executing VM operation: Cleanup
Event: 10.185 Executing VM operation: Cleanup done
Event: 11.193 Executing VM operation: Cleanup
Event: 11.193 Executing VM operation: Cleanup done
Event: 12.196 Executing VM operation: Cleanup
Event: 12.196 Executing VM operation: Cleanup done
Event: 13.198 Executing VM operation: Cleanup
Event: 13.198 Executing VM operation: Cleanup done

Events (20 events):
Event: 5.104 loading class java/awt/KeyboardFocusManager$4 done
Event: 5.196 Thread 0x000002079d123920 Thread added: 0x000002079d123920
Event: 5.258 loading class com/sun/java/swing/plaf/windows/AnimationController$1
Event: 5.258 loading class com/sun/java/swing/plaf/windows/AnimationController$1 done
Event: 5.258 loading class com/sun/java/swing/plaf/windows/AnimationController$AnimationState
Event: 5.258 loading class com/sun/java/swing/plaf/windows/AnimationController$AnimationState done
Event: 5.306 loading class java/util/WeakHashMap$KeyIterator
Event: 5.306 loading class java/util/WeakHashMap$HashIterator
Event: 5.306 loading class java/util/WeakHashMap$HashIterator done
Event: 5.306 loading class java/util/WeakHashMap$KeyIterator done
Event: 5.306 loading class java/util/EnumMap$KeySet
Event: 5.306 loading class java/util/EnumMap$KeySet done
Event: 5.306 loading class java/util/EnumMap$KeyIterator
Event: 5.307 loading class java/util/EnumMap$EnumMapIterator
Event: 5.307 loading class java/util/EnumMap$EnumMapIterator done
Event: 5.307 loading class java/util/EnumMap$KeyIterator done
Event: 5.766 Thread 0x000002079d123920 Thread exited: 0x000002079d123920
Event: 7.296 Thread 0x000002079b079cb0 Thread exited: 0x000002079b079cb0
Event: 7.391 Thread 0x000002079b3d51d0 Thread exited: 0x000002079b3d51d0
Event: 13.394 Loaded shared library C:\Program Files\swipl\bin\jpl.dll


Dynamic libraries:
0x00007ff684160000 - 0x00007ff684170000 	C:\Program Files\Java\jdk-17\bin\java.exe
0x00007fff51b50000 - 0x00007fff51d48000 	C:\Windows\SYSTEM32\ntdll.dll
0x00007fff51530000 - 0x00007fff515ef000 	C:\Windows\System32\KERNEL32.DLL
0x00007fff4f410000 - 0x00007fff4f6e2000 	C:\Windows\System32\KERNELBASE.dll
0x00007fff4f6f0000 - 0x00007fff4f7f0000 	C:\Windows\System32\ucrtbase.dll
0x00007fff1f640000 - 0x00007fff1f65b000 	C:\Program Files\Java\jdk-17\bin\VCRUNTIME140.dll
0x00007fff48f10000 - 0x00007fff48f28000 	C:\Program Files\Java\jdk-17\bin\jli.dll
0x00007fff4fd70000 - 0x00007fff4fe1e000 	C:\Windows\System32\ADVAPI32.dll
0x00007fff50290000 - 0x00007fff5032e000 	C:\Windows\System32\msvcrt.dll
0x00007fff50160000 - 0x00007fff501fc000 	C:\Windows\System32\sechost.dll
0x00007fff4fef0000 - 0x00007fff50015000 	C:\Windows\System32\RPCRT4.dll
0x00007fff50b90000 - 0x00007fff50d31000 	C:\Windows\System32\USER32.dll
0x00007fff3e6d0000 - 0x00007fff3e96a000 	C:\Windows\WinSxS\amd64_microsoft.windows.common-controls_6595b64144ccf1df_6.0.19041.1110_none_60b5254171f9507e\COMCTL32.dll
0x00007fff4f3e0000 - 0x00007fff4f402000 	C:\Windows\System32\win32u.dll
0x00007fff4fea0000 - 0x00007fff4fecb000 	C:\Windows\System32\GDI32.dll
0x00007fff4f2d0000 - 0x00007fff4f3df000 	C:\Windows\System32\gdi32full.dll
0x00007fff4f9e0000 - 0x00007fff4fa7d000 	C:\Windows\System32\msvcp_win.dll
0x00007fff3f410000 - 0x00007fff3f41a000 	C:\Windows\SYSTEM32\VERSION.dll
0x00007fff514f0000 - 0x00007fff51522000 	C:\Windows\System32\IMM32.DLL
0x00007fff2eef0000 - 0x00007fff2eefc000 	C:\Program Files\Java\jdk-17\bin\vcruntime140_1.dll
0x00007fff18450000 - 0x00007fff184de000 	C:\Program Files\Java\jdk-17\bin\msvcp140.dll
0x00007fff18630000 - 0x00007fff19207000 	C:\Program Files\Java\jdk-17\bin\server\jvm.dll
0x00007fff4fe80000 - 0x00007fff4fe88000 	C:\Windows\System32\PSAPI.DLL
0x00007fff395c0000 - 0x00007fff395c9000 	C:\Windows\SYSTEM32\WSOCK32.dll
0x00007fff515f0000 - 0x00007fff5165b000 	C:\Windows\System32\WS2_32.dll
0x00007fff48620000 - 0x00007fff48647000 	C:\Windows\SYSTEM32\WINMM.dll
0x00007fff4da60000 - 0x00007fff4da72000 	C:\Windows\SYSTEM32\kernel.appcore.dll
0x00007fff20d10000 - 0x00007fff20d1a000 	C:\Program Files\Java\jdk-17\bin\jimage.dll
0x00007fff39320000 - 0x00007fff39504000 	C:\Windows\SYSTEM32\DBGHELP.DLL
0x00007fff39140000 - 0x00007fff39175000 	C:\Windows\SYSTEM32\dbgcore.DLL
0x00007fff4f950000 - 0x00007fff4f9d2000 	C:\Windows\System32\bcryptPrimitives.dll
0x00007fff185c0000 - 0x00007fff185e5000 	C:\Program Files\Java\jdk-17\bin\java.dll
0x00007fff184e0000 - 0x00007fff185b7000 	C:\Program Files\Java\jdk-17\bin\jsvml.dll
0x00007fff50d40000 - 0x00007fff51484000 	C:\Windows\System32\SHELL32.dll
0x00007fff4d2b0000 - 0x00007fff4da42000 	C:\Windows\SYSTEM32\windows.storage.dll
0x00007fff51780000 - 0x00007fff51ad5000 	C:\Windows\System32\combase.dll
0x00007fff4ec70000 - 0x00007fff4eca0000 	C:\Windows\SYSTEM32\Wldp.dll
0x00007fff50460000 - 0x00007fff5050d000 	C:\Windows\System32\SHCORE.dll
0x00007fff4fb60000 - 0x00007fff4fbb5000 	C:\Windows\System32\shlwapi.dll
0x00007fff4f150000 - 0x00007fff4f16f000 	C:\Windows\SYSTEM32\profapi.dll
0x00007fff3bb60000 - 0x00007fff3bb79000 	C:\Program Files\Java\jdk-17\bin\net.dll
0x00007fff432c0000 - 0x00007fff433cc000 	C:\Windows\SYSTEM32\WINHTTP.dll
0x00007fff4e9d0000 - 0x00007fff4ea3a000 	C:\Windows\system32\mswsock.dll
0x00007fff3ab00000 - 0x00007fff3ab16000 	C:\Program Files\Java\jdk-17\bin\nio.dll
0x00007fff3aae0000 - 0x00007fff3aaf8000 	C:\Program Files\Java\jdk-17\bin\zip.dll
0x00007fff17ab0000 - 0x00007fff17c41000 	C:\Program Files\Java\jdk-17\bin\awt.dll
0x00007fff50980000 - 0x00007fff50a4d000 	C:\Windows\System32\OLEAUT32.dll
0x00007fff4bf50000 - 0x00007fff4bfe1000 	C:\Windows\SYSTEM32\apphelp.dll
0x00007fff4c050000 - 0x00007fff4c0ee000 	C:\Windows\system32\uxtheme.dll
0x00007fff51660000 - 0x00007fff51775000 	C:\Windows\System32\MSCTF.dll
0x00007fff50a50000 - 0x00007fff50b7a000 	C:\Windows\System32\ole32.dll
0x00007fff4c320000 - 0x00007fff4c34f000 	C:\Windows\system32\DWMAPI.DLL
0x00007fff2db40000 - 0x00007fff2dc65000 	C:\Windows\system32\opengl32.dll
0x00007fff2dec0000 - 0x00007fff2deec000 	C:\Windows\SYSTEM32\GLU32.dll
0x00007fff178f0000 - 0x00007fff17976000 	C:\Program Files\Java\jdk-17\bin\freetype.dll
0x00007fff17820000 - 0x00007fff178e5000 	C:\Program Files\Java\jdk-17\bin\fontmanager.dll
0x00007fff44a30000 - 0x00007fff44b29000 	C:\Windows\SYSTEM32\textinputframework.dll
0x00007fff4bd20000 - 0x00007fff4be12000 	C:\Windows\System32\CoreMessaging.dll
0x00007fff4b9c0000 - 0x00007fff4bd1e000 	C:\Windows\System32\CoreUIComponents.dll
0x00007fff4a660000 - 0x00007fff4a7b4000 	C:\Windows\SYSTEM32\wintypes.dll
0x00007fff4e3a0000 - 0x00007fff4e3d3000 	C:\Windows\SYSTEM32\ntmarta.dll
0x00007fff3aad0000 - 0x00007fff3aae0000 	C:\Program Files\Java\jdk-17\bin\verify.dll
0x00007fff503b0000 - 0x00007fff5045f000 	C:\Windows\System32\clbcatq.dll
0x00007fff477b0000 - 0x00007fff47964000 	C:\Windows\SYSTEM32\WindowsCodecs.dll
0x00007fff4fa80000 - 0x00007fff4faa7000 	C:\Windows\System32\bcrypt.dll
0x00007fff2e610000 - 0x00007fff2e64e000 	C:\Windows\system32\dataexchange.dll
0x00007fff4b450000 - 0x00007fff4b633000 	C:\Windows\system32\dcomp.dll
0x00007fff4ac20000 - 0x00007fff4ae83000 	C:\Windows\system32\d3d11.dll
0x00007fff4dbf0000 - 0x00007fff4dce3000 	C:\Windows\system32\dxgi.dll
0x00007fff47ad0000 - 0x00007fff47cd0000 	C:\Windows\system32\twinapi.appcore.dll
0x000000006bb80000 - 0x000000006bbea000 	C:\Program Files\swipl\bin\jpl.dll
0x0000000064940000 - 0x000000006498b000 	C:\Program Files\swipl\bin\libwinpthread-1.dll
0x0000000070200000 - 0x0000000070927000 	C:\Program Files\swipl\bin\libswipl.dll
0x00007fff4fed0000 - 0x00007fff4feed000 	C:\Windows\System32\imagehlp.dll
0x000000006cec0000 - 0x000000006cf41000 	C:\Program Files\swipl\bin\libgcc_s_sjlj-1.dll
0x000000006acc0000 - 0x000000006ad42000 	C:\Program Files\swipl\bin\libgmp-10.dll
0x0000000069e80000 - 0x0000000069f55000 	C:\Program Files\swipl\bin\libdwarf.dll

dbghelp: loaded successfully - version: 4.0.5 - missing functions: none
symbol engine: initialized successfully - sym options: 0x614 - pdb path: .;C:\Program Files\Java\jdk-17\bin;C:\Windows\SYSTEM32;C:\Windows\WinSxS\amd64_microsoft.windows.common-controls_6595b64144ccf1df_6.0.19041.1110_none_60b5254171f9507e;C:\Program Files\Java\jdk-17\bin\server;C:\Program Files\swipl\bin

VM Arguments:
jvm_args: -Dfile.encoding=UTF-8 
java_command: arterial_tension.visual.MainWindow
java_class_path (initial): D:\Estudio\2do Ao\Practica Laboral\ProgPago-master\ProgPago-master\lib\TimingFramework-0.55.jar;C:\Program Files\swipl\lib\jpl.jar;D:\Estudio\NetBeansProjects\SBC_For_Hipertension_Tratament_japp\build\classes
Launcher Type: SUN_STANDARD

[Global flags]
     intx CICompilerCount                          = 3                                         {product} {ergonomic}
     uint ConcGCThreads                            = 1                                         {product} {ergonomic}
     uint G1ConcRefinementThreads                  = 4                                         {product} {ergonomic}
   size_t G1HeapRegionSize                         = 1048576                                   {product} {ergonomic}
    uintx GCDrainStackTargetSize                   = 64                                        {product} {ergonomic}
   size_t InitialHeapSize                          = 125829120                                 {product} {ergonomic}
   size_t MarkStackSize                            = 4194304                                   {product} {ergonomic}
   size_t MaxHeapSize                              = 1994391552                                {product} {ergonomic}
   size_t MaxNewSize                               = 1196425216                                {product} {ergonomic}
   size_t MinHeapDeltaBytes                        = 1048576                                   {product} {ergonomic}
   size_t MinHeapSize                              = 8388608                                   {product} {ergonomic}
    uintx NonNMethodCodeHeapSize                   = 5832780                                {pd product} {ergonomic}
    uintx NonProfiledCodeHeapSize                  = 122912730                              {pd product} {ergonomic}
    uintx ProfiledCodeHeapSize                     = 122912730                              {pd product} {ergonomic}
    uintx ReservedCodeCacheSize                    = 251658240                              {pd product} {ergonomic}
     bool SegmentedCodeCache                       = true                                      {product} {ergonomic}
   size_t SoftMaxHeapSize                          = 1994391552                             {manageable} {ergonomic}
     bool UseCompressedClassPointers               = true                           {product lp64_product} {ergonomic}
     bool UseCompressedOops                        = true                           {product lp64_product} {ergonomic}
     bool UseG1GC                                  = true                                      {product} {ergonomic}
     bool UseLargePagesIndividualAllocation        = false                                  {pd product} {ergonomic}

Logging:
Log output configuration:
 #0: stdout all=warning uptime,level,tags
 #1: stderr all=off uptime,level,tags

Environment Variables:
PATH=C:\Program Files\Common Files\Oracle\Java\javapath;C:\Program Files\Python39\Scripts\;C:\Program Files\Python39\;C:\Program Files (x86)\Common Files\Oracle\Java\javapath;C:\ProgramData\Oracle\Java\javapath;C:\Windows\system32;C:\Windows;C:\Windows\System32\Wbem;C:\Windows\System32\WindowsPowerShell\v1.0\;C:\Windows\System32\OpenSSH\;C:\Program Files\Git\cmd;C:\Program Files\Java\jdk1.8.0_66\bin;C:\Program Files\Java\jdk1.8.0_66\lib\tools.jar;C:\Program Files\Java\jdk1.8.0_66\jre\lib\rt.jar;C:\Program Files\swipl\bin;C:\Program Files\swipl\lib\jpl.jar;C:\Users\rafa\AppData\Local\Microsoft\WindowsApps;C:\Program Files\JetBrains\PyCharm Community Edition 2022.2.2\bin;C:\Program Files\JetBrains\IntelliJ IDEA Community Edition 2021.3.1\bin;C:\Users\rafa\AppData\Local\Coursier\data\bin;D:\Programas\Microsoft VS Code\bin
USERNAME=rafa
OS=Windows_NT
PROCESSOR_IDENTIFIER=Intel64 Family 6 Model 78 Stepping 3, GenuineIntel



---------------  S Y S T E M  ---------------

OS:
 Windows 10 , 64 bit Build 19041 (10.0.19041.2364)
OS uptime: 0 days 0:09 hours

CPU: total 4 (initial active 4) (2 cores per cpu, 2 threads per core) family 6 model 78 stepping 3 microcode 0xcc, cx8, cmov, fxsr, ht, mmx, 3dnowpref, sse, sse2, sse3, ssse3, sse4.1, sse4.2, popcnt, lzcnt, tsc, tscinvbit, avx, avx2, aes, erms, clmul, bmi1, bmi2, rtm, adx, fma, vzeroupper, clflush, clflushopt

Memory: 4k page, system-wide physical 7603M (4190M free)
TotalPageFile size 8819M (AvailPageFile size 5212M)
current process WorkingSet (physical memory assigned to process): 98M, peak: 98M
current process commit charge ("private bytes"): 227M, peak: 227M

vm_info: Java HotSpot(TM) 64-Bit Server VM (17.0.6+9-LTS-190) for windows-amd64 JRE (17.0.6+9-LTS-190), built on Dec  6 2022 15:53:54 by "mach5one" with MS VC++ 17.1 (VS2022)

END.
