#
# A fatal error has been detected by the Java Runtime Environment:
#
#  EXCEPTION_ACCESS_VIOLATION (0xc0000005) at pc=0x0000000070210ba1, pid=8744, tid=3564
#
# JRE version: Java(TM) SE Runtime Environment (17.0.6+9) (build 17.0.6+9-LTS-190)
# Java VM: Java HotSpot(TM) 64-Bit Server VM (17.0.6+9-LTS-190, mixed mode, sharing, tiered, compressed oops, compressed class ptrs, g1 gc, windows-amd64)
# Problematic frame:
# C  [libswipl.dll+0x10ba1]
#
# No core dump will be written. Minidumps are not enabled by default on client versions of Windows
#
# If you would like to submit a bug report, please visit:
#   https://bugreport.java.com/bugreport/crash.jsp
# The crash happened outside the Java Virtual Machine in native code.
# See problematic frame for where to report the bug.
#

---------------  S U M M A R Y ------------

Command Line: D:\Estudio\NetBeansProjects\SBC_For_Hipertension_Tratament_japp\dist\SBC_For_Hipertension_Tratament_japp.jar

Host: Intel(R) Core(TM) i5-6300U CPU @ 2.40GHz, 4 cores, 7G,  Windows 10 , 64 bit Build 19041 (10.0.19041.2364)
Time: Wed Jun 14 21:56:31 2023 Hora de verano de Cuba elapsed time: 49.726769 seconds (0d 0h 0m 49s)

---------------  T H R E A D  ---------------

Current thread (0x000002483f5cc0a0):  JavaThread "AWT-EventQueue-0" [_thread_in_native, id=3564, stack(0x000000bd37300000,0x000000bd37400000)]

Stack: [0x000000bd37300000,0x000000bd37400000],  sp=0x000000bd373fe390,  free space=1016k
Native frames: (J=compiled Java code, j=interpreted, Vv=VM code, C=native code)
C  [libswipl.dll+0x10ba1]

Java frames: (J=compiled Java code, j=interpreted, Vv=VM code)
j  org.jpl7.fli.Prolog.open_query(Lorg/jpl7/fli/module_t;ILorg/jpl7/fli/predicate_t;Lorg/jpl7/fli/term_t;)Lorg/jpl7/fli/qid_t;+0
j  org.jpl7.Query.open()V+324
j  org.jpl7.Util.textToTerm(Ljava/lang/String;)Lorg/jpl7/Term;+57
j  org.jpl7.Query.<init>(Ljava/lang/String;)V+2
j  sbc_for_hipertension_tratament_japp.Connection.<init>([Ljava/lang/String;)V+62
j  arterial_tension.visual.TestWindow.connect_with_SBC(IILjava/lang/String;Ljava/lang/String;)Ljava/lang/String;+19
j  arterial_tension.visual.TestWindow.actionFinish()V+252
j  arterial_tension.visual.TestWindow.btn_finishActionPerformed(Ljava/awt/event/ActionEvent;)V+1
j  arterial_tension.visual.TestWindow.access$3400(Larterial_tension/visual/TestWindow;Ljava/awt/event/ActionEvent;)V+2
j  arterial_tension.visual.TestWindow$36.actionPerformed(Ljava/awt/event/ActionEvent;)V+5
j  javax.swing.AbstractButton.fireActionPerformed(Ljava/awt/event/ActionEvent;)V+84 java.desktop@17.0.6
j  javax.swing.AbstractButton$Handler.actionPerformed(Ljava/awt/event/ActionEvent;)V+5 java.desktop@17.0.6
j  javax.swing.DefaultButtonModel.fireActionPerformed(Ljava/awt/event/ActionEvent;)V+34 java.desktop@17.0.6
j  javax.swing.DefaultButtonModel.setPressed(Z)V+117 java.desktop@17.0.6
j  javax.swing.plaf.basic.BasicButtonListener.mouseReleased(Ljava/awt/event/MouseEvent;)V+35 java.desktop@17.0.6
j  java.awt.AWTEventMulticaster.mouseReleased(Ljava/awt/event/MouseEvent;)V+8 java.desktop@17.0.6
j  java.awt.AWTEventMulticaster.mouseReleased(Ljava/awt/event/MouseEvent;)V+8 java.desktop@17.0.6
J 3208 c1 java.awt.Component.processMouseEvent(Ljava/awt/event/MouseEvent;)V java.desktop@17.0.6 (100 bytes) @ 0x0000024828080814 [0x00000248280803a0+0x0000000000000474]
J 3207 c1 javax.swing.JComponent.processMouseEvent(Ljava/awt/event/MouseEvent;)V java.desktop@17.0.6 (27 bytes) @ 0x000002482807feec [0x000002482807fce0+0x000000000000020c]
J 1706 c1 java.awt.Component.processEvent(Ljava/awt/AWTEvent;)V java.desktop@17.0.6 (220 bytes) @ 0x0000024827d546dc [0x0000024827d540a0+0x000000000000063c]
J 1600 c1 java.awt.Container.processEvent(Ljava/awt/AWTEvent;)V java.desktop@17.0.6 (22 bytes) @ 0x0000024827cf792c [0x0000024827cf75e0+0x000000000000034c]
J 1562 c1 java.awt.Component.dispatchEventImpl(Ljava/awt/AWTEvent;)V java.desktop@17.0.6 (777 bytes) @ 0x0000024827cddce4 [0x0000024827cda180+0x0000000000003b64]
J 3236 c2 java.awt.Container.dispatchEventImpl(Ljava/awt/AWTEvent;)V java.desktop@17.0.6 (129 bytes) @ 0x000002482f6e4dc0 [0x000002482f6e4760+0x0000000000000660]
J 3191 c2 java.awt.LightweightDispatcher.retargetMouseEvent(Ljava/awt/Component;ILjava/awt/event/MouseEvent;)V java.desktop@17.0.6 (372 bytes) @ 0x000002482f6d4f20 [0x000002482f6d4ac0+0x0000000000000460]
J 3236 c2 java.awt.Container.dispatchEventImpl(Ljava/awt/AWTEvent;)V java.desktop@17.0.6 (129 bytes) @ 0x000002482f6e60f8 [0x000002482f6e4760+0x0000000000001998]
J 1552 c1 java.awt.Window.dispatchEventImpl(Ljava/awt/AWTEvent;)V java.desktop@17.0.6 (23 bytes) @ 0x0000024827ccfe14 [0x0000024827ccf800+0x0000000000000614]
J 3186 c2 java.awt.EventQueue.dispatchEventImpl(Ljava/awt/AWTEvent;Ljava/lang/Object;)V java.desktop@17.0.6 (136 bytes) @ 0x000002482f6d3304 [0x000002482f6d2f20+0x00000000000003e4]
J 1400 c1 java.awt.EventQueue$4.run()Ljava/lang/Void; java.desktop@17.0.6 (60 bytes) @ 0x0000024827c8670c [0x0000024827c865e0+0x000000000000012c]
J 1310 c1 java.awt.EventQueue$4.run()Ljava/lang/Object; java.desktop@17.0.6 (5 bytes) @ 0x0000024827c5c2c4 [0x0000024827c5c240+0x0000000000000084]
J 3144 c2 java.awt.EventQueue.dispatchEvent(Ljava/awt/AWTEvent;)V java.desktop@17.0.6 (80 bytes) @ 0x000002482f6addd0 [0x000002482f6ad9a0+0x0000000000000430]
J 3147 c2 java.awt.EventDispatchThread.pumpOneEventForFilters(I)V java.desktop@17.0.6 (113 bytes) @ 0x000002482f6b28c0 [0x000002482f6b1f60+0x0000000000000960]
j  java.awt.EventDispatchThread.pumpEventsForFilter(ILjava/awt/Conditional;Ljava/awt/EventFilter;)V+35 java.desktop@17.0.6
j  java.awt.EventDispatchThread.pumpEventsForHierarchy(ILjava/awt/Conditional;Ljava/awt/Component;)V+11 java.desktop@17.0.6
j  java.awt.EventDispatchThread.pumpEvents(ILjava/awt/Conditional;)V+4 java.desktop@17.0.6
j  java.awt.EventDispatchThread.pumpEvents(Ljava/awt/Conditional;)V+3 java.desktop@17.0.6
j  java.awt.EventDispatchThread.run()V+9 java.desktop@17.0.6
v  ~StubRoutines::call_stub

siginfo: EXCEPTION_ACCESS_VIOLATION (0xc0000005), reading address 0x00000000435907a0


Register to memory mapping:

RIP=0x0000000070210ba1 libswipl.dll
RAX=0x00000248409d6ce0 points into unknown readable memory: 0x00000248409d6fb0 | b0 6f 9d 40 48 02 00 00
RBX=0x00000000435907a0 is an unknown value
RCX=0x0000000000000001 is an unknown value
RDX=0x0000000000000003 is an unknown value
RSP=0x000000bd373fe390 is pointing into the stack for thread: 0x000002483f5cc0a0
RBP=0x000000bd373fe528 is pointing into the stack for thread: 0x000002483f5cc0a0
RSI=0x00000000703058c0 libswipl.dll
RDI=0x0000000000000008 is an unknown value
R8 =0x00000000435907a0 is an unknown value
R9 =0x0000000000000016 is an unknown value
R10=0x00007fffff7b9c30 jvm.dll
R11=0x000000000000005c is an unknown value
R12=0x00000000409c6aa0 is an unknown value
R13=0x0000000000000016 is an unknown value
R14=0x000000bd373fe540 is pointing into the stack for thread: 0x000002483f5cc0a0
R15=0x000002483f5cc0a0 is a thread


Registers:
RAX=0x00000248409d6ce0, RBX=0x00000000435907a0, RCX=0x0000000000000001, RDX=0x0000000000000003
RSP=0x000000bd373fe390, RBP=0x000000bd373fe528, RSI=0x00000000703058c0, RDI=0x0000000000000008
R8 =0x00000000435907a0, R9 =0x0000000000000016, R10=0x00007fffff7b9c30, R11=0x000000000000005c
R12=0x00000000409c6aa0, R13=0x0000000000000016, R14=0x000000bd373fe540, R15=0x000002483f5cc0a0
RIP=0x0000000070210ba1, EFLAGS=0x0000000000010246

Top of Stack: (sp=0x000000bd373fe390)
0x000000bd373fe390:   000002480000000c 0000000000199599
0x000000bd373fe3a0:   0000024840f31f48 000002483f5cc0a0
0x000000bd373fe3b0:   0000000200000004 0000024800000004
0x000000bd373fe3c0:   000002483e8ac920 00000000409c6aa0
0x000000bd373fe3d0:   000002483f5cc0a0 000002483f5cc348
0x000000bd373fe3e0:   00000000435907a0 000000bd373fe540
0x000000bd373fe3f0:   000000bd373fe528 00000000409c6aa0
0x000000bd373fe400:   0000000000000008 000000bd373fe540
0x000000bd373fe410:   000002483f5cc0a0 000000006bb8e4aa
0x000000bd373fe420:   000002483f5cc0a0 000000bd373fe520
0x000000bd373fe430:   0000024840f31f48 000002483f5cc0a0
0x000000bd373fe440:   000002482ef69657 0000024840f31f48
0x000000bd373fe450:   0000000000000000 000002482ef69657
0x000000bd373fe460:   000000bd373fe508 0000000000000000
0x000000bd373fe470:   0000024840f31f48 000002482ef6d621
0x000000bd373fe480:   000002482ef69657 000002482ef6d33c 

Instructions: (pc=0x0000000070210ba1)
0x0000000070210aa1:   8d 0d f9 4b 0b 00 e9 84 17 ff ff 0f 1f 40 00 4c
0x0000000070210ab1:   8b 42 38 31 c0 49 39 c8 77 37 4c 8b 4a 40 4c 39
0x0000000070210ac1:   c9 73 2e 4c 8b 51 28 4d 39 d0 77 25 4d 39 d1 76
0x0000000070210ad1:   20 83 39 04 77 1b 48 8b 42 10 48 39 c1 73 09 48
0x0000000070210ae1:   8b 40 08 48 39 c1 72 f7 48 39 c1 0f 94 c0 0f b6
0x0000000070210af1:   c0 f3 c3 66 66 66 2e 0f 1f 84 00 00 00 00 00 41
0x0000000070210b01:   57 41 56 41 55 41 54 55 57 56 53 48 83 ec 48 48
0x0000000070210b11:   89 4c 24 38 89 d7 8b 0d e3 58 0f 00 4c 89 c3 4d
0x0000000070210b21:   89 cd ff 15 cf a8 0f 00 8b 0d 89 05 0f 00 48 89
0x0000000070210b31:   c6 85 c9 75 4a 48 8b 05 d3 4a 0f 00 48 c7 05 48
0x0000000070210b41:   05 0f 00 ff ff ff ff 48 c7 05 55 05 0f 00 01 00
0x0000000070210b51:   00 00 c7 05 5b 05 0f 00 01 00 00 00 48 89 05 1c
0x0000000070210b61:   05 0f 00 48 8b 05 5d 2e 0f 00 48 89 05 3e 05 0f
0x0000000070210b71:   00 48 8d 05 07 05 0f 00 48 89 05 d0 04 0f 00 48
0x0000000070210b81:   8b 46 18 48 3b 46 08 0f 86 72 03 00 00 48 63 50
0x0000000070210b91:   04 48 8d 44 d0 28 48 39 46 40 0f 82 12 03 00 00
0x0000000070210ba1:   48 8b 0b 48 83 79 18 00 8b 41 64 0f 84 2b 03 00
0x0000000070210bb1:   00 f6 c4 04 48 89 cd 74 0f 48 8b 96 98 09 00 00
0x0000000070210bc1:   e8 ca 4f ff ff 48 89 c5 48 8b 46 40 48 8d 90 40
0x0000000070210bd1:   21 00 00 48 39 56 48 0f 82 b4 02 00 00 a8 0f 48
0x0000000070210be1:   89 c3 74 09 48 83 c3 08 f6 c3 0f 75 f7 48 89 43
0x0000000070210bf1:   68 48 c7 83 c8 00 00 00 00 00 00 00 4c 8d a3 c0
0x0000000070210c01:   00 00 00 48 8b 05 05 4a 0f 00 48 8b 00 48 c7 83
0x0000000070210c11:   c0 00 00 00 00 00 00 00 48 89 83 d8 00 00 00 48
0x0000000070210c21:   8d 05 19 04 0f 00 48 89 83 d0 00 00 00 48 8b 46
0x0000000070210c31:   08 48 85 c0 0f 84 19 04 00 00 8b 50 30 8d 42 01
0x0000000070210c41:   83 c2 02 89 83 f0 00 00 00 48 8b 46 08 8b 40 34
0x0000000070210c51:   25 4c fe ff ff 89 c1 83 c9 01 89 83 2c 01 00 00
0x0000000070210c61:   48 8d 05 48 04 0f 00 4c 89 a3 00 01 00 00 89 93
0x0000000070210c71:   28 01 00 00 89 8b f4 00 00 00 4c 8d 93 f8 00 00
0x0000000070210c81:   00 48 89 83 f8 00 00 00 48 8b 56 18 48 3b 56 08
0x0000000070210c91:   48 8b 45 00 4c 89 54 24 28 44 8b 70 18 0f 86 2c 


Stack slot to memory mapping:
stack at sp + 0 slots: 0x000002480000000c is an unknown value
stack at sp + 1 slots: 0x0000000000199599 is an unknown value
stack at sp + 2 slots: {method} {0x0000024840f31f50} 'open_query' '(Lorg/jpl7/fli/module_t;ILorg/jpl7/fli/predicate_t;Lorg/jpl7/fli/term_t;)Lorg/jpl7/fli/qid_t;' in 'org/jpl7/fli/Prolog'
stack at sp + 3 slots: 0x000002483f5cc0a0 is a thread
stack at sp + 4 slots: 0x0000000200000004 is an unknown value
stack at sp + 5 slots: 0x0000024800000004 is an unknown value
stack at sp + 6 slots: 0x000002483e8ac920 points into unknown readable memory: 0x000002483e9d52fc | fc 52 9d 3e 48 02 00 00
stack at sp + 7 slots: 0x00000000409c6aa0 is an unknown value


---------------  P R O C E S S  ---------------

Threads class SMR info:
_java_thread_list=0x000002483fb48750, length=17, elements={
0x000002483dccc1e0, 0x000002483dccee60, 0x000002483dce4fa0, 0x000002483dce5950,
0x000002483dce8310, 0x000002483dcec1c0, 0x000002483dcf5770, 0x000002483dcf6210,
0x000002483dd4e3e0, 0x000002483e88f880, 0x000002483e897760, 0x000002483ea9c9d0,
0x000002483ea9cea0, 0x000002483ea9d500, 0x000002483f5cc0a0, 0x000002481e9cf290,
0x000002483f8a7c00
}

Java Threads: ( => current thread )
  0x000002483dccc1e0 JavaThread "Reference Handler" daemon [_thread_blocked, id=8292, stack(0x000000bd36400000,0x000000bd36500000)]
  0x000002483dccee60 JavaThread "Finalizer" daemon [_thread_blocked, id=7212, stack(0x000000bd36500000,0x000000bd36600000)]
  0x000002483dce4fa0 JavaThread "Signal Dispatcher" daemon [_thread_blocked, id=7344, stack(0x000000bd36600000,0x000000bd36700000)]
  0x000002483dce5950 JavaThread "Attach Listener" daemon [_thread_blocked, id=10640, stack(0x000000bd36700000,0x000000bd36800000)]
  0x000002483dce8310 JavaThread "Service Thread" daemon [_thread_blocked, id=7644, stack(0x000000bd36800000,0x000000bd36900000)]
  0x000002483dcec1c0 JavaThread "Monitor Deflation Thread" daemon [_thread_blocked, id=9604, stack(0x000000bd36900000,0x000000bd36a00000)]
  0x000002483dcf5770 JavaThread "C2 CompilerThread0" daemon [_thread_blocked, id=548, stack(0x000000bd36a00000,0x000000bd36b00000)]
  0x000002483dcf6210 JavaThread "C1 CompilerThread0" daemon [_thread_blocked, id=2328, stack(0x000000bd36b00000,0x000000bd36c00000)]
  0x000002483dd4e3e0 JavaThread "Sweeper thread" daemon [_thread_blocked, id=11884, stack(0x000000bd36c00000,0x000000bd36d00000)]
  0x000002483e88f880 JavaThread "Notification Thread" daemon [_thread_blocked, id=6804, stack(0x000000bd36d00000,0x000000bd36e00000)]
  0x000002483e897760 JavaThread "Common-Cleaner" daemon [_thread_blocked, id=2792, stack(0x000000bd36f00000,0x000000bd37000000)]
  0x000002483ea9c9d0 JavaThread "Java2D Disposer" daemon [_thread_blocked, id=6880, stack(0x000000bd37000000,0x000000bd37100000)]
  0x000002483ea9cea0 JavaThread "AWT-Shutdown" [_thread_blocked, id=10692, stack(0x000000bd37100000,0x000000bd37200000)]
  0x000002483ea9d500 JavaThread "AWT-Windows" daemon [_thread_in_native, id=1472, stack(0x000000bd37200000,0x000000bd37300000)]
=>0x000002483f5cc0a0 JavaThread "AWT-EventQueue-0" [_thread_in_native, id=3564, stack(0x000000bd37300000,0x000000bd37400000)]
  0x000002481e9cf290 JavaThread "DestroyJavaVM" [_thread_blocked, id=6988, stack(0x000000bd35d00000,0x000000bd35e00000)]
  0x000002483f8a7c00 JavaThread "TimerQueue" daemon [_thread_blocked, id=11336, stack(0x000000bd37500000,0x000000bd37600000)]

Other Threads:
  0x000002483dcc67c0 VMThread "VM Thread" [stack: 0x000000bd36300000,0x000000bd36400000] [id=10404]
  0x000002481ea45360 WatcherThread [stack: 0x000000bd36e00000,0x000000bd36f00000] [id=8948]
  0x000002481ea255b0 GCTaskThread "GC Thread#0" [stack: 0x000000bd35e00000,0x000000bd35f00000] [id=5740]
  0x000002483faa5630 GCTaskThread "GC Thread#1" [stack: 0x000000bd37900000,0x000000bd37a00000] [id=2840]
  0x000002483faa58e0 GCTaskThread "GC Thread#2" [stack: 0x000000bd37a00000,0x000000bd37b00000] [id=8624]
  0x000002483fabcf70 GCTaskThread "GC Thread#3" [stack: 0x000000bd37b00000,0x000000bd37c00000] [id=9576]
  0x000002481ea35a50 ConcurrentGCThread "G1 Main Marker" [stack: 0x000000bd35f00000,0x000000bd36000000] [id=2208]
  0x000002481ea36460 ConcurrentGCThread "G1 Conc#0" [stack: 0x000000bd36000000,0x000000bd36100000] [id=12176]
  0x000002481ea9f300 ConcurrentGCThread "G1 Refine#0" [stack: 0x000000bd36100000,0x000000bd36200000] [id=1820]
  0x000002483fae29e0 ConcurrentGCThread "G1 Refine#1" [stack: 0x000000bd37c00000,0x000000bd37d00000] [id=4608]
  0x000002481eaa2c40 ConcurrentGCThread "G1 Service" [stack: 0x000000bd36200000,0x000000bd36300000] [id=7112]

Threads with active compile tasks:

VM state: not at safepoint (normal execution)

VM Mutex/Monitor currently owned by a thread: None

Heap address: 0x0000000089200000, size: 1902 MB, Compressed Oops mode: 32-bit

CDS archive(s) mapped at: [0x0000000800000000-0x0000000800bd0000-0x0000000800bd0000), size 12386304, SharedBaseAddress: 0x0000000800000000, ArchiveRelocationMode: 0.
Compressed class space mapped at: 0x0000000800c00000-0x0000000840c00000, reserved size: 1073741824
Narrow klass base: 0x0000000800000000, Narrow klass shift: 0, Narrow klass range: 0x100000000

GC Precious Log:
 CPUs: 4 total, 4 available
 Memory: 7603M
 Large Page Support: Disabled
 NUMA Support: Disabled
 Compressed Oops: Enabled (32-bit)
 Heap Region Size: 1M
 Heap Min Capacity: 8M
 Heap Initial Capacity: 120M
 Heap Max Capacity: 1902M
 Pre-touch: Disabled
 Parallel Workers: 4
 Concurrent Workers: 1
 Concurrent Refinement Workers: 4
 Periodic GC: Disabled

Heap:
 garbage-first heap   total 122880K, used 31173K [0x0000000089200000, 0x0000000100000000)
  region size 1024K, 26 young (26624K), 1 survivors (1024K)
 Metaspace       used 12877K, committed 13120K, reserved 1064960K
  class space    used 1409K, committed 1536K, reserved 1048576K

Heap Regions: E=young(eden), S=young(survivor), O=old, HS=humongous(starts), HC=humongous(continues), CS=collection set, F=free, OA=open archive, CA=closed archive, TAMS=top-at-mark-start (previous, next)
|   0|0x0000000089200000, 0x0000000089300000, 0x0000000089300000|100%|HS|  |TAMS 0x0000000089200000, 0x0000000089200000| Complete 
|   1|0x0000000089300000, 0x0000000089400000, 0x0000000089400000|100%|HC|  |TAMS 0x0000000089300000, 0x0000000089300000| Complete 
|   2|0x0000000089400000, 0x0000000089500000, 0x0000000089500000|100%|HC|  |TAMS 0x0000000089400000, 0x0000000089400000| Complete 
|   3|0x0000000089500000, 0x0000000089600000, 0x0000000089600000|100%| O|  |TAMS 0x0000000089500000, 0x0000000089500000| Untracked 
|   4|0x0000000089600000, 0x0000000089700000, 0x0000000089700000|100%| O|  |TAMS 0x0000000089600000, 0x0000000089600000| Untracked 
|   5|0x0000000089700000, 0x0000000089800000, 0x0000000089800000|100%| O|  |TAMS 0x0000000089700000, 0x0000000089700000| Untracked 
|   6|0x0000000089800000, 0x00000000898bd000, 0x0000000089900000| 73%| O|  |TAMS 0x0000000089800000, 0x0000000089800000| Untracked 
|   7|0x0000000089900000, 0x0000000089900000, 0x0000000089a00000|  0%| F|  |TAMS 0x0000000089900000, 0x0000000089900000| Untracked 
|   8|0x0000000089a00000, 0x0000000089a00000, 0x0000000089b00000|  0%| F|  |TAMS 0x0000000089a00000, 0x0000000089a00000| Untracked 
|   9|0x0000000089b00000, 0x0000000089b00000, 0x0000000089c00000|  0%| F|  |TAMS 0x0000000089b00000, 0x0000000089b00000| Untracked 
|  10|0x0000000089c00000, 0x0000000089c00000, 0x0000000089d00000|  0%| F|  |TAMS 0x0000000089c00000, 0x0000000089c00000| Untracked 
|  11|0x0000000089d00000, 0x0000000089d00000, 0x0000000089e00000|  0%| F|  |TAMS 0x0000000089d00000, 0x0000000089d00000| Untracked 
|  12|0x0000000089e00000, 0x0000000089e00000, 0x0000000089f00000|  0%| F|  |TAMS 0x0000000089e00000, 0x0000000089e00000| Untracked 
|  13|0x0000000089f00000, 0x0000000089f00000, 0x000000008a000000|  0%| F|  |TAMS 0x0000000089f00000, 0x0000000089f00000| Untracked 
|  14|0x000000008a000000, 0x000000008a000000, 0x000000008a100000|  0%| F|  |TAMS 0x000000008a000000, 0x000000008a000000| Untracked 
|  15|0x000000008a100000, 0x000000008a100000, 0x000000008a200000|  0%| F|  |TAMS 0x000000008a100000, 0x000000008a100000| Untracked 
|  16|0x000000008a200000, 0x000000008a200000, 0x000000008a300000|  0%| F|  |TAMS 0x000000008a200000, 0x000000008a200000| Untracked 
|  17|0x000000008a300000, 0x000000008a300000, 0x000000008a400000|  0%| F|  |TAMS 0x000000008a300000, 0x000000008a300000| Untracked 
|  18|0x000000008a400000, 0x000000008a400000, 0x000000008a500000|  0%| F|  |TAMS 0x000000008a400000, 0x000000008a400000| Untracked 
|  19|0x000000008a500000, 0x000000008a500000, 0x000000008a600000|  0%| F|  |TAMS 0x000000008a500000, 0x000000008a500000| Untracked 
|  20|0x000000008a600000, 0x000000008a600000, 0x000000008a700000|  0%| F|  |TAMS 0x000000008a600000, 0x000000008a600000| Untracked 
|  21|0x000000008a700000, 0x000000008a700000, 0x000000008a800000|  0%| F|  |TAMS 0x000000008a700000, 0x000000008a700000| Untracked 
|  22|0x000000008a800000, 0x000000008a800000, 0x000000008a900000|  0%| F|  |TAMS 0x000000008a800000, 0x000000008a800000| Untracked 
|  23|0x000000008a900000, 0x000000008a900000, 0x000000008aa00000|  0%| F|  |TAMS 0x000000008a900000, 0x000000008a900000| Untracked 
|  24|0x000000008aa00000, 0x000000008aa00000, 0x000000008ab00000|  0%| F|  |TAMS 0x000000008aa00000, 0x000000008aa00000| Untracked 
|  25|0x000000008ab00000, 0x000000008ab00000, 0x000000008ac00000|  0%| F|  |TAMS 0x000000008ab00000, 0x000000008ab00000| Untracked 
|  26|0x000000008ac00000, 0x000000008ac00000, 0x000000008ad00000|  0%| F|  |TAMS 0x000000008ac00000, 0x000000008ac00000| Untracked 
|  27|0x000000008ad00000, 0x000000008ad00000, 0x000000008ae00000|  0%| F|  |TAMS 0x000000008ad00000, 0x000000008ad00000| Untracked 
|  28|0x000000008ae00000, 0x000000008ae00000, 0x000000008af00000|  0%| F|  |TAMS 0x000000008ae00000, 0x000000008ae00000| Untracked 
|  29|0x000000008af00000, 0x000000008af00000, 0x000000008b000000|  0%| F|  |TAMS 0x000000008af00000, 0x000000008af00000| Untracked 
|  30|0x000000008b000000, 0x000000008b000000, 0x000000008b100000|  0%| F|  |TAMS 0x000000008b000000, 0x000000008b000000| Untracked 
|  31|0x000000008b100000, 0x000000008b100000, 0x000000008b200000|  0%| F|  |TAMS 0x000000008b100000, 0x000000008b100000| Untracked 
|  32|0x000000008b200000, 0x000000008b200000, 0x000000008b300000|  0%| F|  |TAMS 0x000000008b200000, 0x000000008b200000| Untracked 
|  33|0x000000008b300000, 0x000000008b300000, 0x000000008b400000|  0%| F|  |TAMS 0x000000008b300000, 0x000000008b300000| Untracked 
|  34|0x000000008b400000, 0x000000008b400000, 0x000000008b500000|  0%| F|  |TAMS 0x000000008b400000, 0x000000008b400000| Untracked 
|  35|0x000000008b500000, 0x000000008b500000, 0x000000008b600000|  0%| F|  |TAMS 0x000000008b500000, 0x000000008b500000| Untracked 
|  36|0x000000008b600000, 0x000000008b600000, 0x000000008b700000|  0%| F|  |TAMS 0x000000008b600000, 0x000000008b600000| Untracked 
|  37|0x000000008b700000, 0x000000008b700000, 0x000000008b800000|  0%| F|  |TAMS 0x000000008b700000, 0x000000008b700000| Untracked 
|  38|0x000000008b800000, 0x000000008b800000, 0x000000008b900000|  0%| F|  |TAMS 0x000000008b800000, 0x000000008b800000| Untracked 
|  39|0x000000008b900000, 0x000000008b900000, 0x000000008ba00000|  0%| F|  |TAMS 0x000000008b900000, 0x000000008b900000| Untracked 
|  40|0x000000008ba00000, 0x000000008ba00000, 0x000000008bb00000|  0%| F|  |TAMS 0x000000008ba00000, 0x000000008ba00000| Untracked 
|  41|0x000000008bb00000, 0x000000008bb00000, 0x000000008bc00000|  0%| F|  |TAMS 0x000000008bb00000, 0x000000008bb00000| Untracked 
|  42|0x000000008bc00000, 0x000000008bc00000, 0x000000008bd00000|  0%| F|  |TAMS 0x000000008bc00000, 0x000000008bc00000| Untracked 
|  43|0x000000008bd00000, 0x000000008bd00000, 0x000000008be00000|  0%| F|  |TAMS 0x000000008bd00000, 0x000000008bd00000| Untracked 
|  44|0x000000008be00000, 0x000000008be00000, 0x000000008bf00000|  0%| F|  |TAMS 0x000000008be00000, 0x000000008be00000| Untracked 
|  45|0x000000008bf00000, 0x000000008bf00000, 0x000000008c000000|  0%| F|  |TAMS 0x000000008bf00000, 0x000000008bf00000| Untracked 
|  46|0x000000008c000000, 0x000000008c000000, 0x000000008c100000|  0%| F|  |TAMS 0x000000008c000000, 0x000000008c000000| Untracked 
|  47|0x000000008c100000, 0x000000008c100000, 0x000000008c200000|  0%| F|  |TAMS 0x000000008c100000, 0x000000008c100000| Untracked 
|  48|0x000000008c200000, 0x000000008c200000, 0x000000008c300000|  0%| F|  |TAMS 0x000000008c200000, 0x000000008c200000| Untracked 
|  49|0x000000008c300000, 0x000000008c300000, 0x000000008c400000|  0%| F|  |TAMS 0x000000008c300000, 0x000000008c300000| Untracked 
|  50|0x000000008c400000, 0x000000008c400000, 0x000000008c500000|  0%| F|  |TAMS 0x000000008c400000, 0x000000008c400000| Untracked 
|  51|0x000000008c500000, 0x000000008c500000, 0x000000008c600000|  0%| F|  |TAMS 0x000000008c500000, 0x000000008c500000| Untracked 
|  52|0x000000008c600000, 0x000000008c600000, 0x000000008c700000|  0%| F|  |TAMS 0x000000008c600000, 0x000000008c600000| Untracked 
|  53|0x000000008c700000, 0x000000008c700000, 0x000000008c800000|  0%| F|  |TAMS 0x000000008c700000, 0x000000008c700000| Untracked 
|  54|0x000000008c800000, 0x000000008c800000, 0x000000008c900000|  0%| F|  |TAMS 0x000000008c800000, 0x000000008c800000| Untracked 
|  55|0x000000008c900000, 0x000000008c900000, 0x000000008ca00000|  0%| F|  |TAMS 0x000000008c900000, 0x000000008c900000| Untracked 
|  56|0x000000008ca00000, 0x000000008ca00000, 0x000000008cb00000|  0%| F|  |TAMS 0x000000008ca00000, 0x000000008ca00000| Untracked 
|  57|0x000000008cb00000, 0x000000008cb00000, 0x000000008cc00000|  0%| F|  |TAMS 0x000000008cb00000, 0x000000008cb00000| Untracked 
|  58|0x000000008cc00000, 0x000000008cc00000, 0x000000008cd00000|  0%| F|  |TAMS 0x000000008cc00000, 0x000000008cc00000| Untracked 
|  59|0x000000008cd00000, 0x000000008cd00000, 0x000000008ce00000|  0%| F|  |TAMS 0x000000008cd00000, 0x000000008cd00000| Untracked 
|  60|0x000000008ce00000, 0x000000008ce00000, 0x000000008cf00000|  0%| F|  |TAMS 0x000000008ce00000, 0x000000008ce00000| Untracked 
|  61|0x000000008cf00000, 0x000000008cf00000, 0x000000008d000000|  0%| F|  |TAMS 0x000000008cf00000, 0x000000008cf00000| Untracked 
|  62|0x000000008d000000, 0x000000008d000000, 0x000000008d100000|  0%| F|  |TAMS 0x000000008d000000, 0x000000008d000000| Untracked 
|  63|0x000000008d100000, 0x000000008d100000, 0x000000008d200000|  0%| F|  |TAMS 0x000000008d100000, 0x000000008d100000| Untracked 
|  64|0x000000008d200000, 0x000000008d200000, 0x000000008d300000|  0%| F|  |TAMS 0x000000008d200000, 0x000000008d200000| Untracked 
|  65|0x000000008d300000, 0x000000008d300000, 0x000000008d400000|  0%| F|  |TAMS 0x000000008d300000, 0x000000008d300000| Untracked 
|  66|0x000000008d400000, 0x000000008d400000, 0x000000008d500000|  0%| F|  |TAMS 0x000000008d400000, 0x000000008d400000| Untracked 
|  67|0x000000008d500000, 0x000000008d500000, 0x000000008d600000|  0%| F|  |TAMS 0x000000008d500000, 0x000000008d500000| Untracked 
|  68|0x000000008d600000, 0x000000008d600000, 0x000000008d700000|  0%| F|  |TAMS 0x000000008d600000, 0x000000008d600000| Untracked 
|  69|0x000000008d700000, 0x000000008d700000, 0x000000008d800000|  0%| F|  |TAMS 0x000000008d700000, 0x000000008d700000| Untracked 
|  70|0x000000008d800000, 0x000000008d800000, 0x000000008d900000|  0%| F|  |TAMS 0x000000008d800000, 0x000000008d800000| Untracked 
|  71|0x000000008d900000, 0x000000008d900000, 0x000000008da00000|  0%| F|  |TAMS 0x000000008d900000, 0x000000008d900000| Untracked 
|  72|0x000000008da00000, 0x000000008da00000, 0x000000008db00000|  0%| F|  |TAMS 0x000000008da00000, 0x000000008da00000| Untracked 
|  73|0x000000008db00000, 0x000000008db00000, 0x000000008dc00000|  0%| F|  |TAMS 0x000000008db00000, 0x000000008db00000| Untracked 
|  74|0x000000008dc00000, 0x000000008dc00000, 0x000000008dd00000|  0%| F|  |TAMS 0x000000008dc00000, 0x000000008dc00000| Untracked 
|  75|0x000000008dd00000, 0x000000008dd00000, 0x000000008de00000|  0%| F|  |TAMS 0x000000008dd00000, 0x000000008dd00000| Untracked 
|  76|0x000000008de00000, 0x000000008de00000, 0x000000008df00000|  0%| F|  |TAMS 0x000000008de00000, 0x000000008de00000| Untracked 
|  77|0x000000008df00000, 0x000000008df00000, 0x000000008e000000|  0%| F|  |TAMS 0x000000008df00000, 0x000000008df00000| Untracked 
|  78|0x000000008e000000, 0x000000008e000000, 0x000000008e100000|  0%| F|  |TAMS 0x000000008e000000, 0x000000008e000000| Untracked 
|  79|0x000000008e100000, 0x000000008e100000, 0x000000008e200000|  0%| F|  |TAMS 0x000000008e100000, 0x000000008e100000| Untracked 
|  80|0x000000008e200000, 0x000000008e200000, 0x000000008e300000|  0%| F|  |TAMS 0x000000008e200000, 0x000000008e200000| Untracked 
|  81|0x000000008e300000, 0x000000008e300000, 0x000000008e400000|  0%| F|  |TAMS 0x000000008e300000, 0x000000008e300000| Untracked 
|  82|0x000000008e400000, 0x000000008e400000, 0x000000008e500000|  0%| F|  |TAMS 0x000000008e400000, 0x000000008e400000| Untracked 
|  83|0x000000008e500000, 0x000000008e500000, 0x000000008e600000|  0%| F|  |TAMS 0x000000008e500000, 0x000000008e500000| Untracked 
|  84|0x000000008e600000, 0x000000008e600000, 0x000000008e700000|  0%| F|  |TAMS 0x000000008e600000, 0x000000008e600000| Untracked 
|  85|0x000000008e700000, 0x000000008e700000, 0x000000008e800000|  0%| F|  |TAMS 0x000000008e700000, 0x000000008e700000| Untracked 
|  86|0x000000008e800000, 0x000000008e800000, 0x000000008e900000|  0%| F|  |TAMS 0x000000008e800000, 0x000000008e800000| Untracked 
|  87|0x000000008e900000, 0x000000008e900000, 0x000000008ea00000|  0%| F|  |TAMS 0x000000008e900000, 0x000000008e900000| Untracked 
|  88|0x000000008ea00000, 0x000000008ea00000, 0x000000008eb00000|  0%| F|  |TAMS 0x000000008ea00000, 0x000000008ea00000| Untracked 
|  89|0x000000008eb00000, 0x000000008eb00000, 0x000000008ec00000|  0%| F|  |TAMS 0x000000008eb00000, 0x000000008eb00000| Untracked 
|  90|0x000000008ec00000, 0x000000008ec00000, 0x000000008ed00000|  0%| F|  |TAMS 0x000000008ec00000, 0x000000008ec00000| Untracked 
|  91|0x000000008ed00000, 0x000000008ed00000, 0x000000008ee00000|  0%| F|  |TAMS 0x000000008ed00000, 0x000000008ed00000| Untracked 
|  92|0x000000008ee00000, 0x000000008ee00000, 0x000000008ef00000|  0%| F|  |TAMS 0x000000008ee00000, 0x000000008ee00000| Untracked 
|  93|0x000000008ef00000, 0x000000008ef00000, 0x000000008f000000|  0%| F|  |TAMS 0x000000008ef00000, 0x000000008ef00000| Untracked 
|  94|0x000000008f000000, 0x000000008f100000, 0x000000008f100000|100%| E|  |TAMS 0x000000008f000000, 0x000000008f000000| Complete 
|  95|0x000000008f100000, 0x000000008f200000, 0x000000008f200000|100%| E|CS|TAMS 0x000000008f100000, 0x000000008f100000| Complete 
|  96|0x000000008f200000, 0x000000008f300000, 0x000000008f300000|100%| E|CS|TAMS 0x000000008f200000, 0x000000008f200000| Complete 
|  97|0x000000008f300000, 0x000000008f400000, 0x000000008f400000|100%| E|CS|TAMS 0x000000008f300000, 0x000000008f300000| Complete 
|  98|0x000000008f400000, 0x000000008f500000, 0x000000008f500000|100%| E|CS|TAMS 0x000000008f400000, 0x000000008f400000| Complete 
|  99|0x000000008f500000, 0x000000008f600000, 0x000000008f600000|100%| E|CS|TAMS 0x000000008f500000, 0x000000008f500000| Complete 
| 100|0x000000008f600000, 0x000000008f700000, 0x000000008f700000|100%| E|CS|TAMS 0x000000008f600000, 0x000000008f600000| Complete 
| 101|0x000000008f700000, 0x000000008f800000, 0x000000008f800000|100%| E|CS|TAMS 0x000000008f700000, 0x000000008f700000| Complete 
| 102|0x000000008f800000, 0x000000008f900000, 0x000000008f900000|100%| E|CS|TAMS 0x000000008f800000, 0x000000008f800000| Complete 
| 103|0x000000008f900000, 0x000000008fa00000, 0x000000008fa00000|100%| E|CS|TAMS 0x000000008f900000, 0x000000008f900000| Complete 
| 104|0x000000008fa00000, 0x000000008fb00000, 0x000000008fb00000|100%| E|CS|TAMS 0x000000008fa00000, 0x000000008fa00000| Complete 
| 105|0x000000008fb00000, 0x000000008fc00000, 0x000000008fc00000|100%| E|CS|TAMS 0x000000008fb00000, 0x000000008fb00000| Complete 
| 106|0x000000008fc00000, 0x000000008fd00000, 0x000000008fd00000|100%| E|CS|TAMS 0x000000008fc00000, 0x000000008fc00000| Complete 
| 107|0x000000008fd00000, 0x000000008fe00000, 0x000000008fe00000|100%| E|CS|TAMS 0x000000008fd00000, 0x000000008fd00000| Complete 
| 108|0x000000008fe00000, 0x000000008ff00000, 0x000000008ff00000|100%| E|CS|TAMS 0x000000008fe00000, 0x000000008fe00000| Complete 
| 109|0x000000008ff00000, 0x000000008ffb47b0, 0x0000000090000000| 70%| S|CS|TAMS 0x000000008ff00000, 0x000000008ff00000| Complete 
| 110|0x0000000090000000, 0x0000000090100000, 0x0000000090100000|100%| E|  |TAMS 0x0000000090000000, 0x0000000090000000| Complete 
| 111|0x0000000090100000, 0x0000000090200000, 0x0000000090200000|100%| E|CS|TAMS 0x0000000090100000, 0x0000000090100000| Complete 
| 112|0x0000000090200000, 0x0000000090300000, 0x0000000090300000|100%| E|CS|TAMS 0x0000000090200000, 0x0000000090200000| Complete 
| 113|0x0000000090300000, 0x0000000090400000, 0x0000000090400000|100%| E|CS|TAMS 0x0000000090300000, 0x0000000090300000| Complete 
| 114|0x0000000090400000, 0x0000000090500000, 0x0000000090500000|100%| E|CS|TAMS 0x0000000090400000, 0x0000000090400000| Complete 
| 115|0x0000000090500000, 0x0000000090600000, 0x0000000090600000|100%| E|CS|TAMS 0x0000000090500000, 0x0000000090500000| Complete 
| 116|0x0000000090600000, 0x0000000090700000, 0x0000000090700000|100%| E|CS|TAMS 0x0000000090600000, 0x0000000090600000| Complete 
| 117|0x0000000090700000, 0x0000000090800000, 0x0000000090800000|100%| E|CS|TAMS 0x0000000090700000, 0x0000000090700000| Complete 
| 118|0x0000000090800000, 0x0000000090900000, 0x0000000090900000|100%| E|CS|TAMS 0x0000000090800000, 0x0000000090800000| Complete 
| 119|0x0000000090900000, 0x0000000090a00000, 0x0000000090a00000|100%| E|CS|TAMS 0x0000000090900000, 0x0000000090900000| Complete 

Card table byte_map: [0x0000024837410000,0x00000248377d0000] _byte_map_base: 0x0000024836fc7000

Marking Bits (Prev, Next): (CMBitMap*) 0x000002481ea25bc0, (CMBitMap*) 0x000002481ea25c00
 Prev Bits: [0x0000024837b90000, 0x0000024839948000)
 Next Bits: [0x0000024839950000, 0x000002483b708000)

Polling page: 0x000002481e870000

Metaspace:

Usage:
  Non-class:     11.20 MB used.
      Class:      1.38 MB used.
       Both:     12.58 MB used.

Virtual space:
  Non-class space:       16.00 MB reserved,      11.31 MB ( 71%) committed,  2 nodes.
      Class space:        1.00 GB reserved,       1.50 MB ( <1%) committed,  1 nodes.
             Both:        1.02 GB reserved,      12.81 MB (  1%) committed. 

Chunk freelists:
   Non-Class:  272.00 KB
       Class:  2.53 MB
        Both:  2.80 MB

MaxMetaspaceSize: unlimited
CompressedClassSpaceSize: 1.00 GB
Initial GC threshold: 21.00 MB
Current GC threshold: 21.00 MB
CDS: on
MetaspaceReclaimPolicy: balanced
 - commit_granule_bytes: 65536.
 - commit_granule_words: 8192.
 - virtual_space_node_default_size: 1048576.
 - enlarge_chunks_in_place: 1.
 - new_chunks_are_fully_committed: 0.
 - uncommit_free_chunks: 1.
 - use_allocation_guard: 0.
 - handle_deallocations: 1.


Internal statistics:

num_allocs_failed_limit: 0.
num_arena_births: 140.
num_arena_deaths: 0.
num_vsnodes_births: 3.
num_vsnodes_deaths: 0.
num_space_committed: 205.
num_space_uncommitted: 0.
num_chunks_returned_to_freelist: 0.
num_chunks_taken_from_freelist: 235.
num_chunk_merges: 0.
num_chunk_splits: 124.
num_chunks_enlarged: 49.
num_purges: 0.
num_inconsistent_stats: 0.

CodeHeap 'non-profiled nmethods': size=120000Kb used=1977Kb max_used=1977Kb free=118022Kb
 bounds [0x000002482f500000, 0x000002482f770000, 0x0000024836a30000]
CodeHeap 'profiled nmethods': size=120000Kb used=6559Kb max_used=6559Kb free=113441Kb
 bounds [0x0000024827a30000, 0x00000248280a0000, 0x000002482ef60000]
CodeHeap 'non-nmethods': size=5760Kb used=1322Kb max_used=1410Kb free=4437Kb
 bounds [0x000002482ef60000, 0x000002482f1d0000, 0x000002482f500000]
 total_blobs=3914 nmethods=3260 adapters=566
 compilation: enabled
              stopped_count=0, restarted_count=0
 full_count=0

Compilation events (20 events):
Event: 49.677 Thread 0x000002483dcf6210 nmethod 3251 0x0000024828093810 code [0x00000248280939e0, 0x0000024828093d78]
Event: 49.679 Thread 0x000002483dcf6210 3252       1       java.util.zip.ZipEntry::getSize (5 bytes)
Event: 49.679 Thread 0x000002483dcf6210 nmethod 3252 0x000002482f6ebe90 code [0x000002482f6ec020, 0x000002482f6ec0f8]
Event: 49.687 Thread 0x000002483dcf6210 3254   !   3       java.util.zip.ZipFile$Source::getEntryPos (173 bytes)
Event: 49.689 Thread 0x000002483dcf6210 nmethod 3254 0x0000024828093e90 code [0x0000024828094180, 0x0000024828095228]
Event: 49.689 Thread 0x000002483dcf6210 3253       3       java.util.zip.ZipCoder::hash (36 bytes)
Event: 49.690 Thread 0x000002483dcf6210 nmethod 3253 0x0000024828095c10 code [0x0000024828095e20, 0x0000024828096548]
Event: 49.690 Thread 0x000002483dcf6210 3258       3       java.nio.Buffer::hasRemaining (17 bytes)
Event: 49.690 Thread 0x000002483dcf6210 nmethod 3258 0x0000024828096810 code [0x00000248280969a0, 0x0000024828096b18]
Event: 49.690 Thread 0x000002483dcf6210 3256       1       java.util.jar.Manifest::getEntries (5 bytes)
Event: 49.690 Thread 0x000002483dcf6210 nmethod 3256 0x000002482f6ec190 code [0x000002482f6ec320, 0x000002482f6ec3f8]
Event: 49.690 Thread 0x000002483dcf6210 3257       1       java.util.zip.ZipEntry::getCrc (5 bytes)
Event: 49.690 Thread 0x000002483dcf6210 nmethod 3257 0x000002482f6ec490 code [0x000002482f6ec620, 0x000002482f6ec6f8]
Event: 49.690 Thread 0x000002483dcf6210 3255       1       java.util.jar.Manifest::getMainAttributes (5 bytes)
Event: 49.690 Thread 0x000002483dcf6210 nmethod 3255 0x000002482f6ec790 code [0x000002482f6ec920, 0x000002482f6ec9f8]
Event: 49.690 Thread 0x000002483dcf6210 3259   !   3       jdk.internal.loader.URLClassPath$JarLoader::getResource (65 bytes)
Event: 49.691 Thread 0x000002483dcf6210 nmethod 3259 0x0000024828096b90 code [0x0000024828096de0, 0x0000024828097868]
Event: 49.694 Thread 0x000002483dcf5770 nmethod 3244% 0x000002482f6ecf10 code [0x000002482f6ed0e0, 0x000002482f6edbe8]
Event: 49.694 Thread 0x000002483dcf5770 3245       4       java.lang.String::isLatin1 (19 bytes)
Event: 49.694 Thread 0x000002483dcf5770 nmethod 3245 0x000002482f6ee310 code [0x000002482f6ee480, 0x000002482f6ee518]

GC Heap History (4 events):
Event: 4.446 GC heap before
{Heap before GC invocations=0 (full 0):
 garbage-first heap   total 122880K, used 15360K [0x0000000089200000, 0x0000000100000000)
  region size 1024K, 13 young (13312K), 0 survivors (0K)
 Metaspace       used 10782K, committed 11008K, reserved 1064960K
  class space    used 1248K, committed 1344K, reserved 1048576K
}
Event: 4.458 GC heap after
{Heap after GC invocations=1 (full 0):
 garbage-first heap   total 122880K, used 6885K [0x0000000089200000, 0x0000000100000000)
  region size 1024K, 2 young (2048K), 2 survivors (2048K)
 Metaspace       used 10782K, committed 11008K, reserved 1064960K
  class space    used 1248K, committed 1344K, reserved 1048576K
}
Event: 23.779 GC heap before
{Heap before GC invocations=1 (full 0):
 garbage-first heap   total 122880K, used 17125K [0x0000000089200000, 0x0000000100000000)
  region size 1024K, 12 young (12288K), 2 survivors (2048K)
 Metaspace       used 11839K, committed 12096K, reserved 1064960K
  class space    used 1296K, committed 1408K, reserved 1048576K
}
Event: 23.786 GC heap after
{Heap after GC invocations=2 (full 0):
 garbage-first heap   total 122880K, used 7621K [0x0000000089200000, 0x0000000100000000)
  region size 1024K, 1 young (1024K), 1 survivors (1024K)
 Metaspace       used 11839K, committed 12096K, reserved 1064960K
  class space    used 1296K, committed 1408K, reserved 1048576K
}

Deoptimization events (20 events):
Event: 40.272 Thread 0x000002483f5cc0a0 DEOPT PACKING pc=0x0000024827fcb157 sp=0x000000bd373fdfb0
Event: 40.272 Thread 0x000002483f5cc0a0 DEOPT UNPACKING pc=0x000002482efb2b43 sp=0x000000bd373fd3b0 mode 0
Event: 40.822 Thread 0x000002483f5cc0a0 Uncommon trap: trap_request=0xffffff45 fr.pc=0x000002482f5c59d8 relative=0x0000000000000438
Event: 40.822 Thread 0x000002483f5cc0a0 Uncommon trap: reason=unstable_if action=reinterpret pc=0x000002482f5c59d8 method=com.sun.java.swing.plaf.windows.XPStyle$Skin.equals(Ljava/lang/Object;)Z @ 21 c2
Event: 40.822 Thread 0x000002483f5cc0a0 DEOPT PACKING pc=0x000002482f5c59d8 sp=0x000000bd373fd6f0
Event: 40.822 Thread 0x000002483f5cc0a0 DEOPT UNPACKING pc=0x000002482efb23a3 sp=0x000000bd373fd5c8 mode 2
Event: 40.822 Thread 0x000002483f5cc0a0 Uncommon trap: trap_request=0xffffff45 fr.pc=0x000002482f5b7754 relative=0x0000000000000234
Event: 40.822 Thread 0x000002483f5cc0a0 Uncommon trap: reason=unstable_if action=reinterpret pc=0x000002482f5b7754 method=com.sun.java.swing.plaf.windows.XPStyle$Skin.equals(Ljava/lang/Object;)Z @ 21 c2
Event: 40.822 Thread 0x000002483f5cc0a0 DEOPT PACKING pc=0x000002482f5b7754 sp=0x000000bd373fd310
Event: 40.822 Thread 0x000002483f5cc0a0 DEOPT UNPACKING pc=0x000002482efb23a3 sp=0x000000bd373fd240 mode 2
Event: 40.862 Thread 0x000002483f5cc0a0 DEOPT PACKING pc=0x0000024827f7ea81 sp=0x000000bd373fd540
Event: 40.862 Thread 0x000002483f5cc0a0 DEOPT UNPACKING pc=0x000002482efb2b43 sp=0x000000bd373fca20 mode 0
Event: 40.941 Thread 0x000002483f5cc0a0 DEOPT PACKING pc=0x0000024827f7ea81 sp=0x000000bd373fce40
Event: 40.941 Thread 0x000002483f5cc0a0 DEOPT UNPACKING pc=0x000002482efb2b43 sp=0x000000bd373fc320 mode 0
Event: 41.019 Thread 0x000002483f5cc0a0 DEOPT PACKING pc=0x0000024827f7ea81 sp=0x000000bd373fcdd0
Event: 41.019 Thread 0x000002483f5cc0a0 DEOPT UNPACKING pc=0x000002482efb2b43 sp=0x000000bd373fc2b0 mode 0
Event: 41.099 Thread 0x000002483f5cc0a0 DEOPT PACKING pc=0x0000024827f7ea81 sp=0x000000bd373fce40
Event: 41.099 Thread 0x000002483f5cc0a0 DEOPT UNPACKING pc=0x000002482efb2b43 sp=0x000000bd373fc320 mode 0
Event: 41.177 Thread 0x000002483f5cc0a0 DEOPT PACKING pc=0x0000024827f7ea81 sp=0x000000bd373fce40
Event: 41.177 Thread 0x000002483f5cc0a0 DEOPT UNPACKING pc=0x000002482efb2b43 sp=0x000000bd373fc320 mode 0

Classes unloaded (0 events):
No events

Classes redefined (0 events):
No events

Internal exceptions (16 events):
Event: 0.114 Thread 0x000002481e9cf290 Exception <a 'java/lang/ClassNotFoundException'{0x0000000090856f00}: sun/awt/resources/spi/awtProvider> (0x0000000090856f00) 
thrown [s\open\src\hotspot\share\classfile\systemDictionary.cpp, line 256]
Event: 0.143 Thread 0x000002481e9cf290 Exception <a 'java/io/FileNotFoundException'{0x00000000908afc88}> (0x00000000908afc88) 
thrown [s\open\src\hotspot\share\prims\jni.cpp, line 516]
Event: 0.150 Thread 0x000002481e9cf290 Exception <a 'java/io/FileNotFoundException'{0x00000000908dce40}> (0x00000000908dce40) 
thrown [s\open\src\hotspot\share\prims\jni.cpp, line 516]
Event: 0.190 Thread 0x000002481e9cf290 Exception <a 'java/lang/NoSuchMethodError'{0x000000009072b080}: 'java.lang.Object java.lang.invoke.DirectMethodHandle$Holder.invokeStaticInit(java.lang.Object)'> (0x000000009072b080) 
thrown [s\open\src\hotspot\share\interpreter\linkResolver.cpp, line 759]
Event: 0.221 Thread 0x000002481e9cf290 Exception <a 'java/lang/NoSuchMethodError'{0x000000009079aec8}: 'void java.lang.invoke.DirectMethodHandle$Holder.invokeSpecial(java.lang.Object, java.lang.Object, java.lang.Object)'> (0x000000009079aec8) 
thrown [s\open\src\hotspot\share\interpreter\linkResolver.cpp, line 759]
Event: 0.230 Thread 0x000002481e9cf290 Exception <a 'java/lang/NoSuchMethodError'{0x00000000907c4ed0}: 'java.lang.Object java.lang.invoke.DirectMethodHandle$Holder.newInvokeSpecial(java.lang.Object, java.lang.Object, java.lang.Object, java.lang.Object, java.lang.Object)'> (0x00000000907c4ed0) 
thrown [s\open\src\hotspot\share\interpreter\linkResolver.cpp, line 759]
Event: 0.233 Thread 0x000002481e9cf290 Exception <a 'java/lang/NoSuchMethodError'{0x00000000907d0ae8}: 'java.lang.Object java.lang.invoke.DirectMethodHandle$Holder.invokeStatic(java.lang.Object, int, java.lang.Object, java.lang.Object, java.lang.Object, java.lang.Object)'> (0x00000000907d0ae8) 
thrown [s\open\src\hotspot\share\interpreter\linkResolver.cpp, line 759]
Event: 0.239 Thread 0x000002481e9cf290 Exception <a 'java/lang/NoSuchMethodError'{0x00000000907f6000}: 'java.lang.Object java.lang.invoke.DirectMethodHandle$Holder.invokeStatic(java.lang.Object, int, java.lang.Object)'> (0x00000000907f6000) 
thrown [s\open\src\hotspot\share\interpreter\linkResolver.cpp, line 759]
Event: 0.277 Thread 0x000002481e9cf290 Exception <a 'java/lang/ClassNotFoundException'{0x00000000906b3208}: com/sun/swing/internal/plaf/metal/resources/spi/metalProvider> (0x00000000906b3208) 
thrown [s\open\src\hotspot\share\classfile\systemDictionary.cpp, line 256]
Event: 0.278 Thread 0x000002481e9cf290 Exception <a 'java/lang/ClassNotFoundException'{0x00000000906b6e18}: com/sun/swing/internal/plaf/basic/resources/spi/basicProvider> (0x00000000906b6e18) 
thrown [s\open\src\hotspot\share\classfile\systemDictionary.cpp, line 256]
Event: 0.281 Thread 0x000002481e9cf290 Exception <a 'java/lang/NoSuchMethodError'{0x00000000906c4128}: 'void java.lang.invoke.DirectMethodHandle$Holder.invokeStaticInit(java.lang.Object)'> (0x00000000906c4128) 
thrown [s\open\src\hotspot\share\interpreter\linkResolver.cpp, line 759]
Event: 0.299 Thread 0x000002481e9cf290 Exception <a 'java/lang/ClassNotFoundException'{0x0000000090526c18}: com/sun/java/swing/plaf/windows/resources/spi/windowsProvider> (0x0000000090526c18) 
thrown [s\open\src\hotspot\share\classfile\systemDictionary.cpp, line 256]
Event: 0.414 Thread 0x000002483eb20470 Exception <a 'java/lang/NoSuchMethodError'{0x000000009031b888}: 'java.lang.Object java.lang.invoke.DirectMethodHandle$Holder.newInvokeSpecial(java.lang.Object, java.lang.Object, java.lang.Object, int, int, int, int, int)'> (0x000000009031b888) 
thrown [s\open\src\hotspot\share\interpreter\linkResolver.cpp, line 759]
Event: 0.434 Thread 0x000002483ea9d500 Exception <a 'java/lang/NoSuchMethodError'{0x00000000907526c0}: 'void java.lang.invoke.DirectMethodHandle$Holder.invokeVirtual(java.lang.Object, java.lang.Object)'> (0x00000000907526c0) 
thrown [s\open\src\hotspot\share\interpreter\linkResolver.cpp, line 759]
Event: 37.400 Thread 0x000002483f5cc0a0 Implicit null exception at 0x000002482f5ceb97 to 0x000002482f5cf624
Event: 37.406 Thread 0x000002483f5cc0a0 Implicit null exception at 0x000002482f5d02d3 to 0x000002482f5d0d10

VM Operations (20 events):
Event: 39.911 Executing VM operation: Cleanup
Event: 39.911 Executing VM operation: Cleanup done
Event: 40.923 Executing VM operation: Cleanup
Event: 40.923 Executing VM operation: Cleanup done
Event: 41.939 Executing VM operation: Cleanup
Event: 41.939 Executing VM operation: Cleanup done
Event: 42.950 Executing VM operation: Cleanup
Event: 42.950 Executing VM operation: Cleanup done
Event: 43.960 Executing VM operation: Cleanup
Event: 43.960 Executing VM operation: Cleanup done
Event: 44.961 Executing VM operation: Cleanup
Event: 44.962 Executing VM operation: Cleanup done
Event: 45.971 Executing VM operation: Cleanup
Event: 45.971 Executing VM operation: Cleanup done
Event: 46.979 Executing VM operation: Cleanup
Event: 46.979 Executing VM operation: Cleanup done
Event: 47.983 Executing VM operation: Cleanup
Event: 47.983 Executing VM operation: Cleanup done
Event: 48.984 Executing VM operation: Cleanup
Event: 48.984 Executing VM operation: Cleanup done

Events (20 events):
Event: 38.294 loading class sun/awt/DebugSettings done
Event: 38.295 loading class javax/swing/JComponent$KeyboardState
Event: 38.296 loading class javax/swing/JComponent$KeyboardState done
Event: 38.296 loading class javax/swing/JComponent$IntVector
Event: 38.296 loading class javax/swing/JComponent$IntVector done
Event: 38.296 loading class javax/swing/Popup$HeavyWeightWindow
Event: 38.296 loading class sun/awt/ModalExclude
Event: 38.296 loading class sun/awt/ModalExclude done
Event: 38.296 loading class javax/swing/JWindow
Event: 38.297 loading class javax/swing/JWindow done
Event: 38.298 loading class javax/swing/Popup$HeavyWeightWindow done
Event: 38.299 loading class javax/swing/JComponent$ActionStandin
Event: 38.299 loading class javax/swing/JComponent$ActionStandin done
Event: 38.306 loading class com/sun/java/swing/plaf/windows/WindowsTextFieldUI$WindowsFieldCaret$SafeScroller
Event: 38.307 loading class com/sun/java/swing/plaf/windows/WindowsTextFieldUI$WindowsFieldCaret$SafeScroller done
Event: 38.486 Thread 0x000002483f645d00 Thread exited: 0x000002483f645d00
Event: 40.962 Thread 0x0000024841a257e0 Thread added: 0x0000024841a257e0
Event: 41.490 Thread 0x0000024841a257e0 Thread exited: 0x0000024841a257e0
Event: 42.561 Thread 0x000002483f8a68c0 Thread exited: 0x000002483f8a68c0
Event: 49.686 Loaded shared library C:\Program Files\swipl\bin\jpl.dll


Dynamic libraries:
0x00007ff792300000 - 0x00007ff792310000 	C:\Program Files\Java\jdk-17\bin\javaw.exe
0x00007ff82dcf0000 - 0x00007ff82dee8000 	C:\Windows\SYSTEM32\ntdll.dll
0x00007ff82c4f0000 - 0x00007ff82c5af000 	C:\Windows\System32\KERNEL32.DLL
0x00007ff82b4c0000 - 0x00007ff82b792000 	C:\Windows\System32\KERNELBASE.dll
0x00007ff82b930000 - 0x00007ff82ba30000 	C:\Windows\System32\ucrtbase.dll
0x00007ff8230f0000 - 0x00007ff823108000 	C:\Program Files\Java\jdk-17\bin\jli.dll
0x00007ff82c3c0000 - 0x00007ff82c46e000 	C:\Windows\System32\ADVAPI32.dll
0x00007ff81a000000 - 0x00007ff81a01b000 	C:\Program Files\Java\jdk-17\bin\VCRUNTIME140.dll
0x00007ff82c5f0000 - 0x00007ff82c68e000 	C:\Windows\System32\msvcrt.dll
0x00007ff82c0a0000 - 0x00007ff82c13c000 	C:\Windows\System32\sechost.dll
0x00007ff82bde0000 - 0x00007ff82bf05000 	C:\Windows\System32\RPCRT4.dll
0x00007ff82c750000 - 0x00007ff82c8f1000 	C:\Windows\System32\USER32.dll
0x00007ff81a820000 - 0x00007ff81aaba000 	C:\Windows\WinSxS\amd64_microsoft.windows.common-controls_6595b64144ccf1df_6.0.19041.1110_none_60b5254171f9507e\COMCTL32.dll
0x00007ff82bbf0000 - 0x00007ff82bc12000 	C:\Windows\System32\win32u.dll
0x00007ff82c390000 - 0x00007ff82c3bb000 	C:\Windows\System32\GDI32.dll
0x00007ff82b3b0000 - 0x00007ff82b4bf000 	C:\Windows\System32\gdi32full.dll
0x00007ff82bb50000 - 0x00007ff82bbed000 	C:\Windows\System32\msvcp_win.dll
0x00007ff817e10000 - 0x00007ff817e1a000 	C:\Windows\SYSTEM32\VERSION.dll
0x00007ff82c5b0000 - 0x00007ff82c5e2000 	C:\Windows\System32\IMM32.DLL
0x00007ff821050000 - 0x00007ff82105c000 	C:\Program Files\Java\jdk-17\bin\vcruntime140_1.dll
0x00007ff8256f0000 - 0x00007ff82577e000 	C:\Program Files\Java\jdk-17\bin\msvcp140.dll
0x00007ffffeca0000 - 0x00007fffff877000 	C:\Program Files\Java\jdk-17\bin\server\jvm.dll
0x00007ff82d910000 - 0x00007ff82d918000 	C:\Windows\System32\PSAPI.DLL
0x00007ff816880000 - 0x00007ff8168a7000 	C:\Windows\SYSTEM32\WINMM.dll
0x00007ff815490000 - 0x00007ff815499000 	C:\Windows\SYSTEM32\WSOCK32.dll
0x00007ff82d920000 - 0x00007ff82d98b000 	C:\Windows\System32\WS2_32.dll
0x00007ff829c00000 - 0x00007ff829c12000 	C:\Windows\SYSTEM32\kernel.appcore.dll
0x00007ff81a7f0000 - 0x00007ff81a7fa000 	C:\Program Files\Java\jdk-17\bin\jimage.dll
0x00007ff815700000 - 0x00007ff8158e4000 	C:\Windows\SYSTEM32\DBGHELP.DLL
0x00007ff815450000 - 0x00007ff815485000 	C:\Windows\SYSTEM32\dbgcore.DLL
0x00007ff82bc20000 - 0x00007ff82bca2000 	C:\Windows\System32\bcryptPrimitives.dll
0x00007ff819d90000 - 0x00007ff819db5000 	C:\Program Files\Java\jdk-17\bin\java.dll
0x00007ff8002a0000 - 0x00007ff800377000 	C:\Program Files\Java\jdk-17\bin\jsvml.dll
0x00007ff82d160000 - 0x00007ff82d8a4000 	C:\Windows\System32\SHELL32.dll
0x00007ff829000000 - 0x00007ff829792000 	C:\Windows\SYSTEM32\windows.storage.dll
0x00007ff82c910000 - 0x00007ff82cc65000 	C:\Windows\System32\combase.dll
0x00007ff82ae10000 - 0x00007ff82ae40000 	C:\Windows\SYSTEM32\Wldp.dll
0x00007ff82c6a0000 - 0x00007ff82c74d000 	C:\Windows\System32\SHCORE.dll
0x00007ff82c210000 - 0x00007ff82c265000 	C:\Windows\System32\shlwapi.dll
0x00007ff82b2f0000 - 0x00007ff82b30f000 	C:\Windows\SYSTEM32\profapi.dll
0x00007ff819d70000 - 0x00007ff819d89000 	C:\Program Files\Java\jdk-17\bin\net.dll
0x00007ff8243d0000 - 0x00007ff8244dc000 	C:\Windows\SYSTEM32\WINHTTP.dll
0x00007ff82ab70000 - 0x00007ff82abda000 	C:\Windows\system32\mswsock.dll
0x00007ff819d30000 - 0x00007ff819d46000 	C:\Program Files\Java\jdk-17\bin\nio.dll
0x00007ff819d10000 - 0x00007ff819d28000 	C:\Program Files\Java\jdk-17\bin\zip.dll
0x00007ff825780000 - 0x00007ff825911000 	C:\Program Files\Java\jdk-17\bin\awt.dll
0x00007ff82c140000 - 0x00007ff82c20d000 	C:\Windows\System32\OLEAUT32.dll
0x00007ff8280f0000 - 0x00007ff828181000 	C:\Windows\SYSTEM32\apphelp.dll
0x00007ff828240000 - 0x00007ff8282de000 	C:\Windows\system32\uxtheme.dll
0x00007ff82c270000 - 0x00007ff82c385000 	C:\Windows\System32\MSCTF.dll
0x00007ff82bf70000 - 0x00007ff82c09a000 	C:\Windows\System32\ole32.dll
0x00007ff8284c0000 - 0x00007ff8284ef000 	C:\Windows\system32\DWMAPI.DLL
0x00007ff809c90000 - 0x00007ff809db5000 	C:\Windows\system32\opengl32.dll
0x00007ff808500000 - 0x00007ff80852c000 	C:\Windows\SYSTEM32\GLU32.dll
0x00007ff825640000 - 0x00007ff8256c6000 	C:\Program Files\Java\jdk-17\bin\freetype.dll
0x00007ff825570000 - 0x00007ff825635000 	C:\Program Files\Java\jdk-17\bin\fontmanager.dll
0x00007ff820930000 - 0x00007ff820a29000 	C:\Windows\SYSTEM32\textinputframework.dll
0x00007ff827b60000 - 0x00007ff827ebe000 	C:\Windows\System32\CoreUIComponents.dll
0x00007ff82a540000 - 0x00007ff82a573000 	C:\Windows\SYSTEM32\ntmarta.dll
0x00007ff827ec0000 - 0x00007ff827fb2000 	C:\Windows\System32\CoreMessaging.dll
0x00007ff826800000 - 0x00007ff826954000 	C:\Windows\SYSTEM32\wintypes.dll
0x00007ff81a1b0000 - 0x00007ff81a1c0000 	C:\Program Files\Java\jdk-17\bin\verify.dll
0x00007ff82da20000 - 0x00007ff82dacf000 	C:\Windows\System32\clbcatq.dll
0x00007ff823660000 - 0x00007ff823814000 	C:\Windows\SYSTEM32\WindowsCodecs.dll
0x00007ff82b7a0000 - 0x00007ff82b7c7000 	C:\Windows\System32\bcrypt.dll
0x00007ff808a80000 - 0x00007ff808abe000 	C:\Windows\system32\dataexchange.dll
0x00007ff826dc0000 - 0x00007ff827023000 	C:\Windows\system32\d3d11.dll
0x00007ff8275f0000 - 0x00007ff8277d3000 	C:\Windows\system32\dcomp.dll
0x00007ff829c70000 - 0x00007ff829d63000 	C:\Windows\system32\dxgi.dll
0x00007ff823820000 - 0x00007ff823a20000 	C:\Windows\system32\twinapi.appcore.dll
0x000000006bb80000 - 0x000000006bbea000 	C:\Program Files\swipl\bin\jpl.dll
0x0000000064940000 - 0x000000006498b000 	C:\Program Files\swipl\bin\libwinpthread-1.dll
0x0000000070200000 - 0x0000000070927000 	C:\Program Files\swipl\bin\libswipl.dll
0x00007ff82d140000 - 0x00007ff82d15d000 	C:\Windows\System32\imagehlp.dll
0x0000000069e80000 - 0x0000000069f55000 	C:\Program Files\swipl\bin\libdwarf.dll
0x000000006acc0000 - 0x000000006ad42000 	C:\Program Files\swipl\bin\libgmp-10.dll
0x000000006cec0000 - 0x000000006cf41000 	C:\Program Files\swipl\bin\libgcc_s_sjlj-1.dll

dbghelp: loaded successfully - version: 4.0.5 - missing functions: none
symbol engine: initialized successfully - sym options: 0x614 - pdb path: .;C:\Program Files\Java\jdk-17\bin;C:\Windows\SYSTEM32;C:\Windows\WinSxS\amd64_microsoft.windows.common-controls_6595b64144ccf1df_6.0.19041.1110_none_60b5254171f9507e;C:\Program Files\Java\jdk-17\bin\server;C:\Program Files\swipl\bin

VM Arguments:
java_command: D:\Estudio\NetBeansProjects\SBC_For_Hipertension_Tratament_japp\dist\SBC_For_Hipertension_Tratament_japp.jar
java_class_path (initial): D:\Estudio\NetBeansProjects\SBC_For_Hipertension_Tratament_japp\dist\SBC_For_Hipertension_Tratament_japp.jar
Launcher Type: SUN_STANDARD

[Global flags]
     intx CICompilerCount                          = 3                                         {product} {ergonomic}
     uint ConcGCThreads                            = 1                                         {product} {ergonomic}
     uint G1ConcRefinementThreads                  = 4                                         {product} {ergonomic}
   size_t G1HeapRegionSize                         = 1048576                                   {product} {ergonomic}
    uintx GCDrainStackTargetSize                   = 64                                        {product} {ergonomic}
   size_t InitialHeapSize                          = 125829120                                 {product} {ergonomic}
   size_t MarkStackSize                            = 4194304                                   {product} {ergonomic}
   size_t MaxHeapSize                              = 1994391552                                {product} {ergonomic}
   size_t MaxNewSize                               = 1196425216                                {product} {ergonomic}
   size_t MinHeapDeltaBytes                        = 1048576                                   {product} {ergonomic}
   size_t MinHeapSize                              = 8388608                                   {product} {ergonomic}
    uintx NonNMethodCodeHeapSize                   = 5832780                                {pd product} {ergonomic}
    uintx NonProfiledCodeHeapSize                  = 122912730                              {pd product} {ergonomic}
    uintx ProfiledCodeHeapSize                     = 122912730                              {pd product} {ergonomic}
    uintx ReservedCodeCacheSize                    = 251658240                              {pd product} {ergonomic}
     bool SegmentedCodeCache                       = true                                      {product} {ergonomic}
   size_t SoftMaxHeapSize                          = 1994391552                             {manageable} {ergonomic}
     bool UseCompressedClassPointers               = true                           {product lp64_product} {ergonomic}
     bool UseCompressedOops                        = true                           {product lp64_product} {ergonomic}
     bool UseG1GC                                  = true                                      {product} {ergonomic}
     bool UseLargePagesIndividualAllocation        = false                                  {pd product} {ergonomic}

Logging:
Log output configuration:
 #0: stdout all=warning uptime,level,tags
 #1: stderr all=off uptime,level,tags

Environment Variables:
PATH=C:\Program Files\Common Files\Oracle\Java\javapath;C:\Program Files\Python39\Scripts\;C:\Program Files\Python39\;C:\Program Files (x86)\Common Files\Oracle\Java\javapath;C:\ProgramData\Oracle\Java\javapath;C:\Windows\system32;C:\Windows;C:\Windows\System32\Wbem;C:\Windows\System32\WindowsPowerShell\v1.0\;C:\Windows\System32\OpenSSH\;C:\Program Files\Git\cmd;C:\Program Files\Java\jdk1.8.0_66\bin;C:\Program Files\Java\jdk1.8.0_66\lib\tools.jar;C:\Program Files\Java\jdk1.8.0_66\jre\lib\rt.jar;C:\Program Files\swipl\bin;C:\Program Files\swipl\lib\jpl.jar;C:\Users\rafa\AppData\Local\Microsoft\WindowsApps;C:\Program Files\JetBrains\PyCharm Community Edition 2022.2.2\bin;C:\Program Files\JetBrains\IntelliJ IDEA Community Edition 2021.3.1\bin;C:\Users\rafa\AppData\Local\Coursier\data\bin;D:\Programas\Microsoft VS Code\bin
USERNAME=rafa
OS=Windows_NT
PROCESSOR_IDENTIFIER=Intel64 Family 6 Model 78 Stepping 3, GenuineIntel



---------------  S Y S T E M  ---------------

OS:
 Windows 10 , 64 bit Build 19041 (10.0.19041.2364)
OS uptime: 0 days 0:47 hours

CPU: total 4 (initial active 4) (2 cores per cpu, 2 threads per core) family 6 model 78 stepping 3 microcode 0xcc, cx8, cmov, fxsr, ht, mmx, 3dnowpref, sse, sse2, sse3, ssse3, sse4.1, sse4.2, popcnt, lzcnt, tsc, tscinvbit, avx, avx2, aes, erms, clmul, bmi1, bmi2, rtm, adx, fma, vzeroupper, clflush, clflushopt

Memory: 4k page, system-wide physical 7603M (3536M free)
TotalPageFile size 8819M (AvailPageFile size 3975M)
current process WorkingSet (physical memory assigned to process): 111M, peak: 117M
current process commit charge ("private bytes"): 228M, peak: 242M

vm_info: Java HotSpot(TM) 64-Bit Server VM (17.0.6+9-LTS-190) for windows-amd64 JRE (17.0.6+9-LTS-190), built on Dec  6 2022 15:53:54 by "mach5one" with MS VC++ 17.1 (VS2022)

END.
