#
# A fatal error has been detected by the Java Runtime Environment:
#
#  EXCEPTION_ACCESS_VIOLATION (0xc0000005) at pc=0x0000000070210ba1, pid=10844, tid=5004
#
# JRE version: Java(TM) SE Runtime Environment (17.0.6+9) (build 17.0.6+9-LTS-190)
# Java VM: Java HotSpot(TM) 64-Bit Server VM (17.0.6+9-LTS-190, mixed mode, sharing, tiered, compressed oops, compressed class ptrs, g1 gc, windows-amd64)
# Problematic frame:
# C  [libswipl.dll+0x10ba1]
#
# No core dump will be written. Minidumps are not enabled by default on client versions of Windows
#
# If you would like to submit a bug report, please visit:
#   https://bugreport.java.com/bugreport/crash.jsp
# The crash happened outside the Java Virtual Machine in native code.
# See problematic frame for where to report the bug.
#

---------------  S U M M A R Y ------------

Command Line: D:\Estudio\NetBeansProjects\SBC_For_Hipertension_Tratament_japp\dist\SBC_For_Hipertension_Tratament_japp.jar

Host: Intel(R) Core(TM) i5-6300U CPU @ 2.40GHz, 4 cores, 7G,  Windows 10 , 64 bit Build 19041 (10.0.19041.2364)
Time: Sun Jun 11 15:28:33 2023 Hora de verano de Cuba elapsed time: 15.633241 seconds (0d 0h 0m 15s)

---------------  T H R E A D  ---------------

Current thread (0x00000256b4bab600):  JavaThread "AWT-EventQueue-0" [_thread_in_native, id=5004, stack(0x000000abce900000,0x000000abcea00000)]

Stack: [0x000000abce900000,0x000000abcea00000],  sp=0x000000abce9fdb60,  free space=1014k
Native frames: (J=compiled Java code, j=interpreted, Vv=VM code, C=native code)
C  [libswipl.dll+0x10ba1]

Java frames: (J=compiled Java code, j=interpreted, Vv=VM code)
j  org.jpl7.fli.Prolog.open_query(Lorg/jpl7/fli/module_t;ILorg/jpl7/fli/predicate_t;Lorg/jpl7/fli/term_t;)Lorg/jpl7/fli/qid_t;+0
j  org.jpl7.Query.open()V+324
j  org.jpl7.Util.textToTerm(Ljava/lang/String;)Lorg/jpl7/Term;+57
j  org.jpl7.Query.<init>(Ljava/lang/String;)V+2
j  sbc_for_hipertension_tratament_japp.Connection.<init>([Ljava/lang/String;)V+62
j  arterial_tension.visual.TestWindow.connect_with_SBC(IILjava/lang/String;Ljava/lang/String;)Ljava/lang/String;+19
j  arterial_tension.visual.TestWindow.actionFinish()V+270
j  arterial_tension.visual.TestWindow.btn_finishActionPerformed(Ljava/awt/event/ActionEvent;)V+1
j  arterial_tension.visual.TestWindow.access$3200(Larterial_tension/visual/TestWindow;Ljava/awt/event/ActionEvent;)V+2
j  arterial_tension.visual.TestWindow$34.actionPerformed(Ljava/awt/event/ActionEvent;)V+5
j  javax.swing.AbstractButton.fireActionPerformed(Ljava/awt/event/ActionEvent;)V+84 java.desktop@17.0.6
j  javax.swing.AbstractButton$Handler.actionPerformed(Ljava/awt/event/ActionEvent;)V+5 java.desktop@17.0.6
j  javax.swing.DefaultButtonModel.fireActionPerformed(Ljava/awt/event/ActionEvent;)V+34 java.desktop@17.0.6
j  javax.swing.DefaultButtonModel.setPressed(Z)V+117 java.desktop@17.0.6
j  javax.swing.plaf.basic.BasicButtonListener.mouseReleased(Ljava/awt/event/MouseEvent;)V+35 java.desktop@17.0.6
j  java.awt.AWTEventMulticaster.mouseReleased(Ljava/awt/event/MouseEvent;)V+8 java.desktop@17.0.6
j  java.awt.AWTEventMulticaster.mouseReleased(Ljava/awt/event/MouseEvent;)V+8 java.desktop@17.0.6
j  java.awt.Component.processMouseEvent(Ljava/awt/event/MouseEvent;)V+64 java.desktop@17.0.6
j  javax.swing.JComponent.processMouseEvent(Ljava/awt/event/MouseEvent;)V+23 java.desktop@17.0.6
J 2165 c1 java.awt.Component.processEvent(Ljava/awt/AWTEvent;)V java.desktop@17.0.6 (220 bytes) @ 0x000002569e6098dc [0x000002569e6092a0+0x000000000000063c]
J 1571 c1 java.awt.Container.processEvent(Ljava/awt/AWTEvent;)V java.desktop@17.0.6 (22 bytes) @ 0x000002569e4b8f2c [0x000002569e4b8be0+0x000000000000034c]
J 1551 c1 java.awt.Component.dispatchEventImpl(Ljava/awt/AWTEvent;)V java.desktop@17.0.6 (777 bytes) @ 0x000002569e4abba4 [0x000002569e4a8020+0x0000000000003b84]
J 1390 c1 java.awt.Container.dispatchEventImpl(Ljava/awt/AWTEvent;)V java.desktop@17.0.6 (129 bytes) @ 0x000002569e45817c [0x000002569e458040+0x000000000000013c]
J 1592 c1 java.awt.LightweightDispatcher.retargetMouseEvent(Ljava/awt/Component;ILjava/awt/event/MouseEvent;)V java.desktop@17.0.6 (372 bytes) @ 0x000002569e4cfdcc [0x000002569e4cd720+0x00000000000026ac]
J 2171 c1 java.awt.LightweightDispatcher.processMouseEvent(Ljava/awt/event/MouseEvent;)Z java.desktop@17.0.6 (265 bytes) @ 0x000002569e60e774 [0x000002569e60d7a0+0x0000000000000fd4]
J 1573 c1 java.awt.LightweightDispatcher.dispatchEvent(Ljava/awt/AWTEvent;)Z java.desktop@17.0.6 (73 bytes) @ 0x000002569e4b9754 [0x000002569e4b9300+0x0000000000000454]
J 1390 c1 java.awt.Container.dispatchEventImpl(Ljava/awt/AWTEvent;)V java.desktop@17.0.6 (129 bytes) @ 0x000002569e45811c [0x000002569e458040+0x00000000000000dc]
J 1570 c1 java.awt.Window.dispatchEventImpl(Ljava/awt/AWTEvent;)V java.desktop@17.0.6 (23 bytes) @ 0x000002569e4b8714 [0x000002569e4b8100+0x0000000000000614]
J 1463 c1 java.awt.EventQueue.dispatchEventImpl(Ljava/awt/AWTEvent;Ljava/lang/Object;)V java.desktop@17.0.6 (136 bytes) @ 0x000002569e478c34 [0x000002569e478760+0x00000000000004d4]
J 1462 c1 java.awt.EventQueue$4.run()Ljava/lang/Void; java.desktop@17.0.6 (60 bytes) @ 0x000002569e47808c [0x000002569e477f60+0x000000000000012c]
J 1564 c1 java.awt.EventQueue$4.run()Ljava/lang/Object; java.desktop@17.0.6 (5 bytes) @ 0x000002569e4b5894 [0x000002569e4b5820+0x0000000000000074]
J 1311 c1 java.security.ProtectionDomain$JavaSecurityAccessImpl.doIntersectionPrivilege(Ljava/security/PrivilegedAction;Ljava/security/AccessControlContext;Ljava/security/AccessControlContext;)Ljava/lang/Object; java.base@17.0.6 (22 bytes) @ 0x000002569e435634 [0x000002569e4353a0+0x0000000000000294]
J 1381 c1 java.awt.EventQueue.dispatchEvent(Ljava/awt/AWTEvent;)V java.desktop@17.0.6 (80 bytes) @ 0x000002569e45173c [0x000002569e450c60+0x0000000000000adc]
J 1384 c1 java.awt.EventDispatchThread.pumpOneEventForFilters(I)V java.desktop@17.0.6 (113 bytes) @ 0x000002569e454d24 [0x000002569e4546a0+0x0000000000000684]
j  java.awt.EventDispatchThread.pumpEventsForFilter(ILjava/awt/Conditional;Ljava/awt/EventFilter;)V+35 java.desktop@17.0.6
j  java.awt.EventDispatchThread.pumpEventsForHierarchy(ILjava/awt/Conditional;Ljava/awt/Component;)V+11 java.desktop@17.0.6
j  java.awt.EventDispatchThread.pumpEvents(ILjava/awt/Conditional;)V+4 java.desktop@17.0.6
j  java.awt.EventDispatchThread.pumpEvents(Ljava/awt/Conditional;)V+3 java.desktop@17.0.6
j  java.awt.EventDispatchThread.run()V+9 java.desktop@17.0.6
v  ~StubRoutines::call_stub

siginfo: EXCEPTION_ACCESS_VIOLATION (0xc0000005), reading address 0xffffffffb8b8e820


Register to memory mapping:

RIP=0x0000000070210ba1 libswipl.dll
RAX=0x00000256b6dd53c0 points into unknown readable memory: 0x00000256b6dd5690 | 90 56 dd b6 56 02 00 00
RBX=0xffffffffb8b8e820 is an unknown value
RCX=0x0000000000000001 is an unknown value
RDX=0x0000000000000003 is an unknown value
RSP=0x000000abce9fdb60 is pointing into the stack for thread: 0x00000256b4bab600
RBP=0x000000abce9fdcf8 is pointing into the stack for thread: 0x00000256b4bab600
RSI=0x00000000703058c0 libswipl.dll
RDI=0x0000000000000008 is an unknown value
R8 =0xffffffffb8b8e820 is an unknown value
R9 =0x0000000000000016 is an unknown value
R10=0x00007ffa8c079c30 jvm.dll
R11=0x0000000000000020 is an unknown value
R12=0xffffffffb6dee250 is an unknown value
R13=0x0000000000000016 is an unknown value
R14=0x000000abce9fdd10 is pointing into the stack for thread: 0x00000256b4bab600
R15=0x00000256b4bab600 is a thread


Registers:
RAX=0x00000256b6dd53c0, RBX=0xffffffffb8b8e820, RCX=0x0000000000000001, RDX=0x0000000000000003
RSP=0x000000abce9fdb60, RBP=0x000000abce9fdcf8, RSI=0x00000000703058c0, RDI=0x0000000000000008
R8 =0xffffffffb8b8e820, R9 =0x0000000000000016, R10=0x00007ffa8c079c30, R11=0x0000000000000020
R12=0xffffffffb6dee250, R13=0x0000000000000016, R14=0x000000abce9fdd10, R15=0x00000256b4bab600
RIP=0x0000000070210ba1, EFLAGS=0x0000000000010246

Top of Stack: (sp=0x000000abce9fdb60)
0x000000abce9fdb60:   000002560000000c 0000000000199599
0x000000abce9fdb70:   00000256b720dfe8 00000256b4bab600
0x000000abce9fdb80:   0000000200000004 0000025600000004
0x000000abce9fdb90:   00000256b4806070 ffffffffb6dee250
0x000000abce9fdba0:   00000256b4bab600 00000256b4bab8a8
0x000000abce9fdbb0:   ffffffffb8b8e820 000000abce9fdd10
0x000000abce9fdbc0:   000000abce9fdcf8 ffffffffb6dee250
0x000000abce9fdbd0:   0000000000000008 000000abce9fdd10
0x000000abce9fdbe0:   00000256b4bab600 000000006bb8e4aa
0x000000abce9fdbf0:   00000256b4bab600 000000abce9fdcf0
0x000000abce9fdc00:   00000256b720dfe8 00000256b4bab600
0x000000abce9fdc10:   00000256a5749657 00000256b720dfe8
0x000000abce9fdc20:   000000008f956430 00000256a5749657
0x000000abce9fdc30:   000000abce9fdcd8 0000000000000000
0x000000abce9fdc40:   00000256b720dfe8 00000256a574d621
0x000000abce9fdc50:   00000256a5749657 00000256a574d33c 

Instructions: (pc=0x0000000070210ba1)
0x0000000070210aa1:   8d 0d f9 4b 0b 00 e9 84 17 ff ff 0f 1f 40 00 4c
0x0000000070210ab1:   8b 42 38 31 c0 49 39 c8 77 37 4c 8b 4a 40 4c 39
0x0000000070210ac1:   c9 73 2e 4c 8b 51 28 4d 39 d0 77 25 4d 39 d1 76
0x0000000070210ad1:   20 83 39 04 77 1b 48 8b 42 10 48 39 c1 73 09 48
0x0000000070210ae1:   8b 40 08 48 39 c1 72 f7 48 39 c1 0f 94 c0 0f b6
0x0000000070210af1:   c0 f3 c3 66 66 66 2e 0f 1f 84 00 00 00 00 00 41
0x0000000070210b01:   57 41 56 41 55 41 54 55 57 56 53 48 83 ec 48 48
0x0000000070210b11:   89 4c 24 38 89 d7 8b 0d e3 58 0f 00 4c 89 c3 4d
0x0000000070210b21:   89 cd ff 15 cf a8 0f 00 8b 0d 89 05 0f 00 48 89
0x0000000070210b31:   c6 85 c9 75 4a 48 8b 05 d3 4a 0f 00 48 c7 05 48
0x0000000070210b41:   05 0f 00 ff ff ff ff 48 c7 05 55 05 0f 00 01 00
0x0000000070210b51:   00 00 c7 05 5b 05 0f 00 01 00 00 00 48 89 05 1c
0x0000000070210b61:   05 0f 00 48 8b 05 5d 2e 0f 00 48 89 05 3e 05 0f
0x0000000070210b71:   00 48 8d 05 07 05 0f 00 48 89 05 d0 04 0f 00 48
0x0000000070210b81:   8b 46 18 48 3b 46 08 0f 86 72 03 00 00 48 63 50
0x0000000070210b91:   04 48 8d 44 d0 28 48 39 46 40 0f 82 12 03 00 00
0x0000000070210ba1:   48 8b 0b 48 83 79 18 00 8b 41 64 0f 84 2b 03 00
0x0000000070210bb1:   00 f6 c4 04 48 89 cd 74 0f 48 8b 96 98 09 00 00
0x0000000070210bc1:   e8 ca 4f ff ff 48 89 c5 48 8b 46 40 48 8d 90 40
0x0000000070210bd1:   21 00 00 48 39 56 48 0f 82 b4 02 00 00 a8 0f 48
0x0000000070210be1:   89 c3 74 09 48 83 c3 08 f6 c3 0f 75 f7 48 89 43
0x0000000070210bf1:   68 48 c7 83 c8 00 00 00 00 00 00 00 4c 8d a3 c0
0x0000000070210c01:   00 00 00 48 8b 05 05 4a 0f 00 48 8b 00 48 c7 83
0x0000000070210c11:   c0 00 00 00 00 00 00 00 48 89 83 d8 00 00 00 48
0x0000000070210c21:   8d 05 19 04 0f 00 48 89 83 d0 00 00 00 48 8b 46
0x0000000070210c31:   08 48 85 c0 0f 84 19 04 00 00 8b 50 30 8d 42 01
0x0000000070210c41:   83 c2 02 89 83 f0 00 00 00 48 8b 46 08 8b 40 34
0x0000000070210c51:   25 4c fe ff ff 89 c1 83 c9 01 89 83 2c 01 00 00
0x0000000070210c61:   48 8d 05 48 04 0f 00 4c 89 a3 00 01 00 00 89 93
0x0000000070210c71:   28 01 00 00 89 8b f4 00 00 00 4c 8d 93 f8 00 00
0x0000000070210c81:   00 48 89 83 f8 00 00 00 48 8b 56 18 48 3b 56 08
0x0000000070210c91:   48 8b 45 00 4c 89 54 24 28 44 8b 70 18 0f 86 2c 


Stack slot to memory mapping:
stack at sp + 0 slots: 0x000002560000000c is an unknown value
stack at sp + 1 slots: 0x0000000000199599 is an unknown value
stack at sp + 2 slots: {method} {0x00000256b720dff0} 'open_query' '(Lorg/jpl7/fli/module_t;ILorg/jpl7/fli/predicate_t;Lorg/jpl7/fli/term_t;)Lorg/jpl7/fli/qid_t;' in 'org/jpl7/fli/Prolog'
stack at sp + 3 slots: 0x00000256b4bab600 is a thread
stack at sp + 4 slots: 0x0000000200000004 is an unknown value
stack at sp + 5 slots: 0x0000025600000004 is an unknown value
stack at sp + 6 slots: 0x00000256b4806070 points into unknown readable memory: 0x00000256b5bbb174 | 74 b1 bb b5 56 02 00 00
stack at sp + 7 slots: 0xffffffffb6dee250 is an unknown value


---------------  P R O C E S S  ---------------

Threads class SMR info:
_java_thread_list=0x00000256b5bf9d20, length=17, elements={
0x00000256b3d37740, 0x00000256b3d38b50, 0x00000256b3d4e4e0, 0x00000256b3d4f630,
0x00000256b3d4ffe0, 0x00000256b3d54dd0, 0x00000256b3d56300, 0x00000256b3d5b550,
0x00000256b3d906e0, 0x00000256b4894910, 0x00000256b489f4c0, 0x00000256b4adfb10,
0x00000256b4ad6300, 0x00000256b4b00ca0, 0x00000256b4bab600, 0x00000256b4bf3600,
0x00000256b4bf1450
}

Java Threads: ( => current thread )
  0x00000256b3d37740 JavaThread "Reference Handler" daemon [_thread_blocked, id=1468, stack(0x000000abcd900000,0x000000abcda00000)]
  0x00000256b3d38b50 JavaThread "Finalizer" daemon [_thread_blocked, id=4864, stack(0x000000abcda00000,0x000000abcdb00000)]
  0x00000256b3d4e4e0 JavaThread "Signal Dispatcher" daemon [_thread_blocked, id=8404, stack(0x000000abcdb00000,0x000000abcdc00000)]
  0x00000256b3d4f630 JavaThread "Attach Listener" daemon [_thread_blocked, id=3196, stack(0x000000abcdc00000,0x000000abcdd00000)]
  0x00000256b3d4ffe0 JavaThread "Service Thread" daemon [_thread_blocked, id=11756, stack(0x000000abcdd00000,0x000000abcde00000)]
  0x00000256b3d54dd0 JavaThread "Monitor Deflation Thread" daemon [_thread_blocked, id=108, stack(0x000000abcde00000,0x000000abcdf00000)]
  0x00000256b3d56300 JavaThread "C2 CompilerThread0" daemon [_thread_blocked, id=240, stack(0x000000abcdf00000,0x000000abce000000)]
  0x00000256b3d5b550 JavaThread "C1 CompilerThread0" daemon [_thread_blocked, id=4520, stack(0x000000abce000000,0x000000abce100000)]
  0x00000256b3d906e0 JavaThread "Sweeper thread" daemon [_thread_blocked, id=11968, stack(0x000000abce100000,0x000000abce200000)]
  0x00000256b4894910 JavaThread "Notification Thread" daemon [_thread_blocked, id=8280, stack(0x000000abce200000,0x000000abce300000)]
  0x00000256b489f4c0 JavaThread "Common-Cleaner" daemon [_thread_blocked, id=9188, stack(0x000000abce400000,0x000000abce500000)]
  0x00000256b4adfb10 JavaThread "Java2D Disposer" daemon [_thread_blocked, id=3728, stack(0x000000abce500000,0x000000abce600000)]
  0x00000256b4ad6300 JavaThread "AWT-Shutdown" [_thread_blocked, id=7112, stack(0x000000abce600000,0x000000abce700000)]
  0x00000256b4b00ca0 JavaThread "AWT-Windows" daemon [_thread_in_native, id=11772, stack(0x000000abce700000,0x000000abce800000)]
=>0x00000256b4bab600 JavaThread "AWT-EventQueue-0" [_thread_in_native, id=5004, stack(0x000000abce900000,0x000000abcea00000)]
  0x00000256b4bf3600 JavaThread "DestroyJavaVM" [_thread_blocked, id=10128, stack(0x000000abcd200000,0x000000abcd300000)]
  0x00000256b4bf1450 JavaThread "TimerQueue" daemon [_thread_blocked, id=1684, stack(0x000000abcea00000,0x000000abceb00000)]

Other Threads:
  0x00000256b3d317e0 VMThread "VM Thread" [stack: 0x000000abcd800000,0x000000abcd900000] [id=9996]
  0x00000256b489b220 WatcherThread [stack: 0x000000abce300000,0x000000abce400000] [id=6244]
  0x00000256969d5880 GCTaskThread "GC Thread#0" [stack: 0x000000abcd300000,0x000000abcd400000] [id=9116]
  0x00000256b5d17ae0 GCTaskThread "GC Thread#1" [stack: 0x000000abcee00000,0x000000abcef00000] [id=10748]
  0x00000256b5c0c500 GCTaskThread "GC Thread#2" [stack: 0x000000abcef00000,0x000000abcf000000] [id=8556]
  0x00000256b5c0f270 GCTaskThread "GC Thread#3" [stack: 0x000000abcf000000,0x000000abcf100000] [id=3548]
  0x00000256969e5c20 ConcurrentGCThread "G1 Main Marker" [stack: 0x000000abcd400000,0x000000abcd500000] [id=10348]
  0x00000256969e6530 ConcurrentGCThread "G1 Conc#0" [stack: 0x000000abcd500000,0x000000abcd600000] [id=8272]
  0x0000025696a4d550 ConcurrentGCThread "G1 Refine#0" [stack: 0x000000abcd600000,0x000000abcd700000] [id=8492]
  0x00000256b5d1e860 ConcurrentGCThread "G1 Refine#1" [stack: 0x000000abcf100000,0x000000abcf200000] [id=2652]
  0x0000025696a4de70 ConcurrentGCThread "G1 Service" [stack: 0x000000abcd700000,0x000000abcd800000] [id=1112]

Threads with active compile tasks:

VM state: not at safepoint (normal execution)

VM Mutex/Monitor currently owned by a thread: None

Heap address: 0x0000000089200000, size: 1902 MB, Compressed Oops mode: 32-bit

CDS archive(s) mapped at: [0x0000000800000000-0x0000000800bd0000-0x0000000800bd0000), size 12386304, SharedBaseAddress: 0x0000000800000000, ArchiveRelocationMode: 0.
Compressed class space mapped at: 0x0000000800c00000-0x0000000840c00000, reserved size: 1073741824
Narrow klass base: 0x0000000800000000, Narrow klass shift: 0, Narrow klass range: 0x100000000

GC Precious Log:
 CPUs: 4 total, 4 available
 Memory: 7603M
 Large Page Support: Disabled
 NUMA Support: Disabled
 Compressed Oops: Enabled (32-bit)
 Heap Region Size: 1M
 Heap Min Capacity: 8M
 Heap Initial Capacity: 120M
 Heap Max Capacity: 1902M
 Pre-touch: Disabled
 Parallel Workers: 4
 Concurrent Workers: 1
 Concurrent Refinement Workers: 4
 Periodic GC: Disabled

Heap:
 garbage-first heap   total 122880K, used 22482K [0x0000000089200000, 0x0000000100000000)
  region size 1024K, 17 young (17408K), 1 survivors (1024K)
 Metaspace       used 11543K, committed 11776K, reserved 1064960K
  class space    used 1256K, committed 1344K, reserved 1048576K

Heap Regions: E=young(eden), S=young(survivor), O=old, HS=humongous(starts), HC=humongous(continues), CS=collection set, F=free, OA=open archive, CA=closed archive, TAMS=top-at-mark-start (previous, next)
|   0|0x0000000089200000, 0x0000000089300000, 0x0000000089300000|100%|HS|  |TAMS 0x0000000089200000, 0x0000000089200000| Complete 
|   1|0x0000000089300000, 0x0000000089400000, 0x0000000089400000|100%|HC|  |TAMS 0x0000000089300000, 0x0000000089300000| Complete 
|   2|0x0000000089400000, 0x0000000089500000, 0x0000000089500000|100%|HC|  |TAMS 0x0000000089400000, 0x0000000089400000| Complete 
|   3|0x0000000089500000, 0x0000000089600000, 0x0000000089600000|100%| O|  |TAMS 0x0000000089500000, 0x0000000089500000| Untracked 
|   4|0x0000000089600000, 0x0000000089700000, 0x0000000089700000|100%| O|  |TAMS 0x0000000089600000, 0x0000000089600000| Untracked 
|   5|0x0000000089700000, 0x0000000089800000, 0x0000000089800000|100%| O|  |TAMS 0x0000000089700000, 0x0000000089700000| Untracked 
|   6|0x0000000089800000, 0x0000000089897400, 0x0000000089900000| 59%| O|  |TAMS 0x0000000089800000, 0x0000000089800000| Untracked 
|   7|0x0000000089900000, 0x0000000089900000, 0x0000000089a00000|  0%| F|  |TAMS 0x0000000089900000, 0x0000000089900000| Untracked 
|   8|0x0000000089a00000, 0x0000000089a00000, 0x0000000089b00000|  0%| F|  |TAMS 0x0000000089a00000, 0x0000000089a00000| Untracked 
|   9|0x0000000089b00000, 0x0000000089b00000, 0x0000000089c00000|  0%| F|  |TAMS 0x0000000089b00000, 0x0000000089b00000| Untracked 
|  10|0x0000000089c00000, 0x0000000089c00000, 0x0000000089d00000|  0%| F|  |TAMS 0x0000000089c00000, 0x0000000089c00000| Untracked 
|  11|0x0000000089d00000, 0x0000000089d00000, 0x0000000089e00000|  0%| F|  |TAMS 0x0000000089d00000, 0x0000000089d00000| Untracked 
|  12|0x0000000089e00000, 0x0000000089e00000, 0x0000000089f00000|  0%| F|  |TAMS 0x0000000089e00000, 0x0000000089e00000| Untracked 
|  13|0x0000000089f00000, 0x0000000089f00000, 0x000000008a000000|  0%| F|  |TAMS 0x0000000089f00000, 0x0000000089f00000| Untracked 
|  14|0x000000008a000000, 0x000000008a000000, 0x000000008a100000|  0%| F|  |TAMS 0x000000008a000000, 0x000000008a000000| Untracked 
|  15|0x000000008a100000, 0x000000008a100000, 0x000000008a200000|  0%| F|  |TAMS 0x000000008a100000, 0x000000008a100000| Untracked 
|  16|0x000000008a200000, 0x000000008a200000, 0x000000008a300000|  0%| F|  |TAMS 0x000000008a200000, 0x000000008a200000| Untracked 
|  17|0x000000008a300000, 0x000000008a300000, 0x000000008a400000|  0%| F|  |TAMS 0x000000008a300000, 0x000000008a300000| Untracked 
|  18|0x000000008a400000, 0x000000008a400000, 0x000000008a500000|  0%| F|  |TAMS 0x000000008a400000, 0x000000008a400000| Untracked 
|  19|0x000000008a500000, 0x000000008a500000, 0x000000008a600000|  0%| F|  |TAMS 0x000000008a500000, 0x000000008a500000| Untracked 
|  20|0x000000008a600000, 0x000000008a600000, 0x000000008a700000|  0%| F|  |TAMS 0x000000008a600000, 0x000000008a600000| Untracked 
|  21|0x000000008a700000, 0x000000008a700000, 0x000000008a800000|  0%| F|  |TAMS 0x000000008a700000, 0x000000008a700000| Untracked 
|  22|0x000000008a800000, 0x000000008a800000, 0x000000008a900000|  0%| F|  |TAMS 0x000000008a800000, 0x000000008a800000| Untracked 
|  23|0x000000008a900000, 0x000000008a900000, 0x000000008aa00000|  0%| F|  |TAMS 0x000000008a900000, 0x000000008a900000| Untracked 
|  24|0x000000008aa00000, 0x000000008aa00000, 0x000000008ab00000|  0%| F|  |TAMS 0x000000008aa00000, 0x000000008aa00000| Untracked 
|  25|0x000000008ab00000, 0x000000008ab00000, 0x000000008ac00000|  0%| F|  |TAMS 0x000000008ab00000, 0x000000008ab00000| Untracked 
|  26|0x000000008ac00000, 0x000000008ac00000, 0x000000008ad00000|  0%| F|  |TAMS 0x000000008ac00000, 0x000000008ac00000| Untracked 
|  27|0x000000008ad00000, 0x000000008ad00000, 0x000000008ae00000|  0%| F|  |TAMS 0x000000008ad00000, 0x000000008ad00000| Untracked 
|  28|0x000000008ae00000, 0x000000008ae00000, 0x000000008af00000|  0%| F|  |TAMS 0x000000008ae00000, 0x000000008ae00000| Untracked 
|  29|0x000000008af00000, 0x000000008af00000, 0x000000008b000000|  0%| F|  |TAMS 0x000000008af00000, 0x000000008af00000| Untracked 
|  30|0x000000008b000000, 0x000000008b000000, 0x000000008b100000|  0%| F|  |TAMS 0x000000008b000000, 0x000000008b000000| Untracked 
|  31|0x000000008b100000, 0x000000008b100000, 0x000000008b200000|  0%| F|  |TAMS 0x000000008b100000, 0x000000008b100000| Untracked 
|  32|0x000000008b200000, 0x000000008b200000, 0x000000008b300000|  0%| F|  |TAMS 0x000000008b200000, 0x000000008b200000| Untracked 
|  33|0x000000008b300000, 0x000000008b300000, 0x000000008b400000|  0%| F|  |TAMS 0x000000008b300000, 0x000000008b300000| Untracked 
|  34|0x000000008b400000, 0x000000008b400000, 0x000000008b500000|  0%| F|  |TAMS 0x000000008b400000, 0x000000008b400000| Untracked 
|  35|0x000000008b500000, 0x000000008b500000, 0x000000008b600000|  0%| F|  |TAMS 0x000000008b500000, 0x000000008b500000| Untracked 
|  36|0x000000008b600000, 0x000000008b600000, 0x000000008b700000|  0%| F|  |TAMS 0x000000008b600000, 0x000000008b600000| Untracked 
|  37|0x000000008b700000, 0x000000008b700000, 0x000000008b800000|  0%| F|  |TAMS 0x000000008b700000, 0x000000008b700000| Untracked 
|  38|0x000000008b800000, 0x000000008b800000, 0x000000008b900000|  0%| F|  |TAMS 0x000000008b800000, 0x000000008b800000| Untracked 
|  39|0x000000008b900000, 0x000000008b900000, 0x000000008ba00000|  0%| F|  |TAMS 0x000000008b900000, 0x000000008b900000| Untracked 
|  40|0x000000008ba00000, 0x000000008ba00000, 0x000000008bb00000|  0%| F|  |TAMS 0x000000008ba00000, 0x000000008ba00000| Untracked 
|  41|0x000000008bb00000, 0x000000008bb00000, 0x000000008bc00000|  0%| F|  |TAMS 0x000000008bb00000, 0x000000008bb00000| Untracked 
|  42|0x000000008bc00000, 0x000000008bc00000, 0x000000008bd00000|  0%| F|  |TAMS 0x000000008bc00000, 0x000000008bc00000| Untracked 
|  43|0x000000008bd00000, 0x000000008bd00000, 0x000000008be00000|  0%| F|  |TAMS 0x000000008bd00000, 0x000000008bd00000| Untracked 
|  44|0x000000008be00000, 0x000000008be00000, 0x000000008bf00000|  0%| F|  |TAMS 0x000000008be00000, 0x000000008be00000| Untracked 
|  45|0x000000008bf00000, 0x000000008bf00000, 0x000000008c000000|  0%| F|  |TAMS 0x000000008bf00000, 0x000000008bf00000| Untracked 
|  46|0x000000008c000000, 0x000000008c000000, 0x000000008c100000|  0%| F|  |TAMS 0x000000008c000000, 0x000000008c000000| Untracked 
|  47|0x000000008c100000, 0x000000008c100000, 0x000000008c200000|  0%| F|  |TAMS 0x000000008c100000, 0x000000008c100000| Untracked 
|  48|0x000000008c200000, 0x000000008c200000, 0x000000008c300000|  0%| F|  |TAMS 0x000000008c200000, 0x000000008c200000| Untracked 
|  49|0x000000008c300000, 0x000000008c300000, 0x000000008c400000|  0%| F|  |TAMS 0x000000008c300000, 0x000000008c300000| Untracked 
|  50|0x000000008c400000, 0x000000008c400000, 0x000000008c500000|  0%| F|  |TAMS 0x000000008c400000, 0x000000008c400000| Untracked 
|  51|0x000000008c500000, 0x000000008c500000, 0x000000008c600000|  0%| F|  |TAMS 0x000000008c500000, 0x000000008c500000| Untracked 
|  52|0x000000008c600000, 0x000000008c600000, 0x000000008c700000|  0%| F|  |TAMS 0x000000008c600000, 0x000000008c600000| Untracked 
|  53|0x000000008c700000, 0x000000008c700000, 0x000000008c800000|  0%| F|  |TAMS 0x000000008c700000, 0x000000008c700000| Untracked 
|  54|0x000000008c800000, 0x000000008c800000, 0x000000008c900000|  0%| F|  |TAMS 0x000000008c800000, 0x000000008c800000| Untracked 
|  55|0x000000008c900000, 0x000000008c900000, 0x000000008ca00000|  0%| F|  |TAMS 0x000000008c900000, 0x000000008c900000| Untracked 
|  56|0x000000008ca00000, 0x000000008ca00000, 0x000000008cb00000|  0%| F|  |TAMS 0x000000008ca00000, 0x000000008ca00000| Untracked 
|  57|0x000000008cb00000, 0x000000008cb00000, 0x000000008cc00000|  0%| F|  |TAMS 0x000000008cb00000, 0x000000008cb00000| Untracked 
|  58|0x000000008cc00000, 0x000000008cc00000, 0x000000008cd00000|  0%| F|  |TAMS 0x000000008cc00000, 0x000000008cc00000| Untracked 
|  59|0x000000008cd00000, 0x000000008cd00000, 0x000000008ce00000|  0%| F|  |TAMS 0x000000008cd00000, 0x000000008cd00000| Untracked 
|  60|0x000000008ce00000, 0x000000008ce00000, 0x000000008cf00000|  0%| F|  |TAMS 0x000000008ce00000, 0x000000008ce00000| Untracked 
|  61|0x000000008cf00000, 0x000000008cf00000, 0x000000008d000000|  0%| F|  |TAMS 0x000000008cf00000, 0x000000008cf00000| Untracked 
|  62|0x000000008d000000, 0x000000008d000000, 0x000000008d100000|  0%| F|  |TAMS 0x000000008d000000, 0x000000008d000000| Untracked 
|  63|0x000000008d100000, 0x000000008d100000, 0x000000008d200000|  0%| F|  |TAMS 0x000000008d100000, 0x000000008d100000| Untracked 
|  64|0x000000008d200000, 0x000000008d200000, 0x000000008d300000|  0%| F|  |TAMS 0x000000008d200000, 0x000000008d200000| Untracked 
|  65|0x000000008d300000, 0x000000008d300000, 0x000000008d400000|  0%| F|  |TAMS 0x000000008d300000, 0x000000008d300000| Untracked 
|  66|0x000000008d400000, 0x000000008d400000, 0x000000008d500000|  0%| F|  |TAMS 0x000000008d400000, 0x000000008d400000| Untracked 
|  67|0x000000008d500000, 0x000000008d500000, 0x000000008d600000|  0%| F|  |TAMS 0x000000008d500000, 0x000000008d500000| Untracked 
|  68|0x000000008d600000, 0x000000008d600000, 0x000000008d700000|  0%| F|  |TAMS 0x000000008d600000, 0x000000008d600000| Untracked 
|  69|0x000000008d700000, 0x000000008d700000, 0x000000008d800000|  0%| F|  |TAMS 0x000000008d700000, 0x000000008d700000| Untracked 
|  70|0x000000008d800000, 0x000000008d800000, 0x000000008d900000|  0%| F|  |TAMS 0x000000008d800000, 0x000000008d800000| Untracked 
|  71|0x000000008d900000, 0x000000008d900000, 0x000000008da00000|  0%| F|  |TAMS 0x000000008d900000, 0x000000008d900000| Untracked 
|  72|0x000000008da00000, 0x000000008da00000, 0x000000008db00000|  0%| F|  |TAMS 0x000000008da00000, 0x000000008da00000| Untracked 
|  73|0x000000008db00000, 0x000000008db00000, 0x000000008dc00000|  0%| F|  |TAMS 0x000000008db00000, 0x000000008db00000| Untracked 
|  74|0x000000008dc00000, 0x000000008dc00000, 0x000000008dd00000|  0%| F|  |TAMS 0x000000008dc00000, 0x000000008dc00000| Untracked 
|  75|0x000000008dd00000, 0x000000008dd00000, 0x000000008de00000|  0%| F|  |TAMS 0x000000008dd00000, 0x000000008dd00000| Untracked 
|  76|0x000000008de00000, 0x000000008de00000, 0x000000008df00000|  0%| F|  |TAMS 0x000000008de00000, 0x000000008de00000| Untracked 
|  77|0x000000008df00000, 0x000000008df00000, 0x000000008e000000|  0%| F|  |TAMS 0x000000008df00000, 0x000000008df00000| Untracked 
|  78|0x000000008e000000, 0x000000008e000000, 0x000000008e100000|  0%| F|  |TAMS 0x000000008e000000, 0x000000008e000000| Untracked 
|  79|0x000000008e100000, 0x000000008e100000, 0x000000008e200000|  0%| F|  |TAMS 0x000000008e100000, 0x000000008e100000| Untracked 
|  80|0x000000008e200000, 0x000000008e200000, 0x000000008e300000|  0%| F|  |TAMS 0x000000008e200000, 0x000000008e200000| Untracked 
|  81|0x000000008e300000, 0x000000008e300000, 0x000000008e400000|  0%| F|  |TAMS 0x000000008e300000, 0x000000008e300000| Untracked 
|  82|0x000000008e400000, 0x000000008e400000, 0x000000008e500000|  0%| F|  |TAMS 0x000000008e400000, 0x000000008e400000| Untracked 
|  83|0x000000008e500000, 0x000000008e500000, 0x000000008e600000|  0%| F|  |TAMS 0x000000008e500000, 0x000000008e500000| Untracked 
|  84|0x000000008e600000, 0x000000008e600000, 0x000000008e700000|  0%| F|  |TAMS 0x000000008e600000, 0x000000008e600000| Untracked 
|  85|0x000000008e700000, 0x000000008e700000, 0x000000008e800000|  0%| F|  |TAMS 0x000000008e700000, 0x000000008e700000| Untracked 
|  86|0x000000008e800000, 0x000000008e800000, 0x000000008e900000|  0%| F|  |TAMS 0x000000008e800000, 0x000000008e800000| Untracked 
|  87|0x000000008e900000, 0x000000008e900000, 0x000000008ea00000|  0%| F|  |TAMS 0x000000008e900000, 0x000000008e900000| Untracked 
|  88|0x000000008ea00000, 0x000000008ea00000, 0x000000008eb00000|  0%| F|  |TAMS 0x000000008ea00000, 0x000000008ea00000| Untracked 
|  89|0x000000008eb00000, 0x000000008eb00000, 0x000000008ec00000|  0%| F|  |TAMS 0x000000008eb00000, 0x000000008eb00000| Untracked 
|  90|0x000000008ec00000, 0x000000008ec00000, 0x000000008ed00000|  0%| F|  |TAMS 0x000000008ec00000, 0x000000008ec00000| Untracked 
|  91|0x000000008ed00000, 0x000000008ed00000, 0x000000008ee00000|  0%| F|  |TAMS 0x000000008ed00000, 0x000000008ed00000| Untracked 
|  92|0x000000008ee00000, 0x000000008ee00000, 0x000000008ef00000|  0%| F|  |TAMS 0x000000008ee00000, 0x000000008ee00000| Untracked 
|  93|0x000000008ef00000, 0x000000008ef00000, 0x000000008f000000|  0%| F|  |TAMS 0x000000008ef00000, 0x000000008ef00000| Untracked 
|  94|0x000000008f000000, 0x000000008f000000, 0x000000008f100000|  0%| F|  |TAMS 0x000000008f000000, 0x000000008f000000| Untracked 
|  95|0x000000008f100000, 0x000000008f100000, 0x000000008f200000|  0%| F|  |TAMS 0x000000008f100000, 0x000000008f100000| Untracked 
|  96|0x000000008f200000, 0x000000008f200000, 0x000000008f300000|  0%| F|  |TAMS 0x000000008f200000, 0x000000008f200000| Untracked 
|  97|0x000000008f300000, 0x000000008f300000, 0x000000008f400000|  0%| F|  |TAMS 0x000000008f300000, 0x000000008f300000| Untracked 
|  98|0x000000008f400000, 0x000000008f400000, 0x000000008f500000|  0%| F|  |TAMS 0x000000008f400000, 0x000000008f400000| Untracked 
|  99|0x000000008f500000, 0x000000008f500000, 0x000000008f600000|  0%| F|  |TAMS 0x000000008f500000, 0x000000008f500000| Untracked 
| 100|0x000000008f600000, 0x000000008f600000, 0x000000008f700000|  0%| F|  |TAMS 0x000000008f600000, 0x000000008f600000| Untracked 
| 101|0x000000008f700000, 0x000000008f700000, 0x000000008f800000|  0%| F|  |TAMS 0x000000008f700000, 0x000000008f700000| Untracked 
| 102|0x000000008f800000, 0x000000008f800000, 0x000000008f900000|  0%| F|  |TAMS 0x000000008f800000, 0x000000008f800000| Untracked 
| 103|0x000000008f900000, 0x000000008f973708, 0x000000008fa00000| 45%| E|  |TAMS 0x000000008f900000, 0x000000008f900000| Complete 
| 104|0x000000008fa00000, 0x000000008fb00000, 0x000000008fb00000|100%| E|CS|TAMS 0x000000008fa00000, 0x000000008fa00000| Complete 
| 105|0x000000008fb00000, 0x000000008fc00000, 0x000000008fc00000|100%| E|CS|TAMS 0x000000008fb00000, 0x000000008fb00000| Complete 
| 106|0x000000008fc00000, 0x000000008fd00000, 0x000000008fd00000|100%| E|CS|TAMS 0x000000008fc00000, 0x000000008fc00000| Complete 
| 107|0x000000008fd00000, 0x000000008fe00000, 0x000000008fe00000|100%| E|CS|TAMS 0x000000008fd00000, 0x000000008fd00000| Complete 
| 108|0x000000008fe00000, 0x000000008ff00000, 0x000000008ff00000|100%| E|CS|TAMS 0x000000008fe00000, 0x000000008fe00000| Complete 
| 109|0x000000008ff00000, 0x0000000090000000, 0x0000000090000000|100%| E|CS|TAMS 0x000000008ff00000, 0x000000008ff00000| Complete 
| 110|0x0000000090000000, 0x000000009005d6b0, 0x0000000090100000| 36%| S|CS|TAMS 0x0000000090000000, 0x0000000090000000| Complete 
| 111|0x0000000090100000, 0x0000000090200000, 0x0000000090200000|100%| E|CS|TAMS 0x0000000090100000, 0x0000000090100000| Complete 
| 112|0x0000000090200000, 0x0000000090300000, 0x0000000090300000|100%| E|CS|TAMS 0x0000000090200000, 0x0000000090200000| Complete 
| 113|0x0000000090300000, 0x0000000090400000, 0x0000000090400000|100%| E|CS|TAMS 0x0000000090300000, 0x0000000090300000| Complete 
| 114|0x0000000090400000, 0x0000000090500000, 0x0000000090500000|100%| E|CS|TAMS 0x0000000090400000, 0x0000000090400000| Complete 
| 115|0x0000000090500000, 0x0000000090600000, 0x0000000090600000|100%| E|CS|TAMS 0x0000000090500000, 0x0000000090500000| Complete 
| 116|0x0000000090600000, 0x0000000090700000, 0x0000000090700000|100%| E|CS|TAMS 0x0000000090600000, 0x0000000090600000| Complete 
| 117|0x0000000090700000, 0x0000000090800000, 0x0000000090800000|100%| E|CS|TAMS 0x0000000090700000, 0x0000000090700000| Complete 
| 118|0x0000000090800000, 0x0000000090900000, 0x0000000090900000|100%| E|CS|TAMS 0x0000000090800000, 0x0000000090800000| Complete 
| 119|0x0000000090900000, 0x0000000090a00000, 0x0000000090a00000|100%| E|CS|TAMS 0x0000000090900000, 0x0000000090900000| Complete 

Card table byte_map: [0x00000256ad5d0000,0x00000256ad990000] _byte_map_base: 0x00000256ad187000

Marking Bits (Prev, Next): (CMBitMap*) 0x00000256969d5d90, (CMBitMap*) 0x00000256969d5dd0
 Prev Bits: [0x00000256add50000, 0x00000256afb08000)
 Next Bits: [0x00000256afb10000, 0x00000256b18c8000)

Polling page: 0x0000025694820000

Metaspace:

Usage:
  Non-class:     10.05 MB used.
      Class:      1.23 MB used.
       Both:     11.27 MB used.

Virtual space:
  Non-class space:       16.00 MB reserved,      10.19 MB ( 64%) committed,  2 nodes.
      Class space:        1.00 GB reserved,       1.31 MB ( <1%) committed,  1 nodes.
             Both:        1.02 GB reserved,      11.50 MB (  1%) committed. 

Chunk freelists:
   Non-Class:  928.00 KB
       Class:  2.69 MB
        Both:  3.60 MB

MaxMetaspaceSize: unlimited
CompressedClassSpaceSize: 1.00 GB
Initial GC threshold: 21.00 MB
Current GC threshold: 21.00 MB
CDS: on
MetaspaceReclaimPolicy: balanced
 - commit_granule_bytes: 65536.
 - commit_granule_words: 8192.
 - virtual_space_node_default_size: 1048576.
 - enlarge_chunks_in_place: 1.
 - new_chunks_are_fully_committed: 0.
 - uncommit_free_chunks: 1.
 - use_allocation_guard: 0.
 - handle_deallocations: 1.


Internal statistics:

num_allocs_failed_limit: 0.
num_arena_births: 126.
num_arena_deaths: 0.
num_vsnodes_births: 3.
num_vsnodes_deaths: 0.
num_space_committed: 184.
num_space_uncommitted: 0.
num_chunks_returned_to_freelist: 0.
num_chunks_taken_from_freelist: 215.
num_chunk_merges: 0.
num_chunk_splits: 115.
num_chunks_enlarged: 43.
num_purges: 0.
num_inconsistent_stats: 0.

CodeHeap 'non-profiled nmethods': size=120000Kb used=1129Kb max_used=1129Kb free=118870Kb
 bounds [0x00000256a5ce0000, 0x00000256a5f50000, 0x00000256ad210000]
CodeHeap 'profiled nmethods': size=120000Kb used=4897Kb max_used=4897Kb free=115103Kb
 bounds [0x000002569e210000, 0x000002569e6e0000, 0x00000256a5740000]
CodeHeap 'non-nmethods': size=5760Kb used=1315Kb max_used=1374Kb free=4444Kb
 bounds [0x00000256a5740000, 0x00000256a59b0000, 0x00000256a5ce0000]
 total_blobs=3205 nmethods=2553 adapters=564
 compilation: enabled
              stopped_count=0, restarted_count=0
 full_count=0

Compilation events (20 events):
Event: 15.598 Thread 0x00000256b3d5b550 2543       3       jdk.internal.ref.CleanerImpl$PhantomCleanableRef::<init> (12 bytes)
Event: 15.598 Thread 0x00000256b3d5b550 nmethod 2543 0x000002569e6d4390 code [0x000002569e6d4540, 0x000002569e6d46e8]
Event: 15.598 Thread 0x00000256b3d5b550 2545       3       jdk.internal.loader.ClassLoaders$BootClassLoader::loadClassOrNull (10 bytes)
Event: 15.599 Thread 0x00000256b3d5b550 nmethod 2545 0x000002569e6d4790 code [0x000002569e6d4960, 0x000002569e6d4bf8]
Event: 15.599 Thread 0x00000256b3d5b550 2546       1       java.util.zip.ZipEntry::getSize (5 bytes)
Event: 15.599 Thread 0x00000256b3d5b550 nmethod 2546 0x00000256a5df9510 code [0x00000256a5df96a0, 0x00000256a5df9778]
Event: 15.599 Thread 0x00000256b3d5b550 2548   !   3       java.util.zip.ZipFile$Source::getEntryPos (173 bytes)
Event: 15.600 Thread 0x00000256b3d5b550 nmethod 2548 0x000002569e6d4d10 code [0x000002569e6d5000, 0x000002569e6d60a8]
Event: 15.600 Thread 0x00000256b3d5b550 2547       3       java.util.zip.ZipCoder::hash (36 bytes)
Event: 15.600 Thread 0x00000256b3d5b550 nmethod 2547 0x000002569e6d6a90 code [0x000002569e6d6ca0, 0x000002569e6d73c8]
Event: 15.601 Thread 0x00000256b3d5b550 2550   !   3       java.util.zip.ZipFile::getEntry (59 bytes)
Event: 15.601 Thread 0x00000256b3d5b550 nmethod 2550 0x000002569e6d7690 code [0x000002569e6d7880, 0x000002569e6d7cf8]
Event: 15.601 Thread 0x00000256b3d5b550 2551       1       java.util.jar.Manifest::getMainAttributes (5 bytes)
Event: 15.601 Thread 0x00000256b3d5b550 nmethod 2551 0x00000256a5df9c90 code [0x00000256a5df9e20, 0x00000256a5df9ef8]
Event: 15.601 Thread 0x00000256b3d5b550 2554       3       java.util.zip.ZipUtils::CENFLG (9 bytes)
Event: 15.601 Thread 0x00000256b3d5b550 nmethod 2554 0x000002569e6d7f90 code [0x000002569e6d8120, 0x000002569e6d82d8]
Event: 15.601 Thread 0x00000256b3d5b550 2552       1       java.util.jar.Manifest::getEntries (5 bytes)
Event: 15.601 Thread 0x00000256b3d5b550 nmethod 2552 0x00000256a5df9f90 code [0x00000256a5dfa120, 0x00000256a5dfa1f8]
Event: 15.601 Thread 0x00000256b3d5b550 2553       1       java.util.zip.ZipEntry::getCrc (5 bytes)
Event: 15.601 Thread 0x00000256b3d5b550 nmethod 2553 0x00000256a5dfa290 code [0x00000256a5dfa420, 0x00000256a5dfa4f8]

GC Heap History (4 events):
Event: 1.440 GC heap before
{Heap before GC invocations=0 (full 0):
 garbage-first heap   total 122880K, used 15360K [0x0000000089200000, 0x0000000100000000)
  region size 1024K, 13 young (13312K), 0 survivors (0K)
 Metaspace       used 9853K, committed 10048K, reserved 1064960K
  class space    used 1144K, committed 1280K, reserved 1048576K
}
Event: 1.447 GC heap after
{Heap after GC invocations=1 (full 0):
 garbage-first heap   total 122880K, used 6679K [0x0000000089200000, 0x0000000100000000)
  region size 1024K, 2 young (2048K), 2 survivors (2048K)
 Metaspace       used 9853K, committed 10048K, reserved 1064960K
  class space    used 1144K, committed 1280K, reserved 1048576K
}
Event: 5.409 GC heap before
{Heap before GC invocations=1 (full 0):
 garbage-first heap   total 122880K, used 15895K [0x0000000089200000, 0x0000000100000000)
  region size 1024K, 11 young (11264K), 2 survivors (2048K)
 Metaspace       used 11118K, committed 11328K, reserved 1064960K
  class space    used 1236K, committed 1344K, reserved 1048576K
}
Event: 5.414 GC heap after
{Heap after GC invocations=2 (full 0):
 garbage-first heap   total 122880K, used 7122K [0x0000000089200000, 0x0000000100000000)
  region size 1024K, 1 young (1024K), 1 survivors (1024K)
 Metaspace       used 11118K, committed 11328K, reserved 1064960K
  class space    used 1236K, committed 1344K, reserved 1048576K
}

Deoptimization events (20 events):
Event: 5.219 Thread 0x00000256b4bab600 DEOPT PACKING pc=0x000002569e521b12 sp=0x000000abce9fc5d0
Event: 5.219 Thread 0x00000256b4bab600 DEOPT UNPACKING pc=0x00000256a5792b43 sp=0x000000abce9fbab8 mode 0
Event: 5.240 Thread 0x00000256b4bab600 Uncommon trap: trap_request=0xffffff45 fr.pc=0x00000256a5d86d14 relative=0x0000000000000a94
Event: 5.241 Thread 0x00000256b4bab600 Uncommon trap: reason=unstable_if action=reinterpret pc=0x00000256a5d86d14 method=java.util.concurrent.locks.AbstractQueuedSynchronizer.acquire(Ljava/util/concurrent/locks/AbstractQueuedSynchronizer$Node;IZZZJ)I @ 22 c2
Event: 5.241 Thread 0x00000256b4bab600 DEOPT PACKING pc=0x00000256a5d86d14 sp=0x000000abce9feda0
Event: 5.241 Thread 0x00000256b4bab600 DEOPT UNPACKING pc=0x00000256a57923a3 sp=0x000000abce9fed80 mode 2
Event: 5.248 Thread 0x00000256b4bab600 DEOPT PACKING pc=0x000002569e521b12 sp=0x000000abce9fc560
Event: 5.248 Thread 0x00000256b4bab600 DEOPT UNPACKING pc=0x00000256a5792b43 sp=0x000000abce9fba48 mode 0
Event: 5.277 Thread 0x00000256b4bab600 DEOPT PACKING pc=0x000002569e504301 sp=0x000000abce9fc860
Event: 5.278 Thread 0x00000256b4bab600 DEOPT UNPACKING pc=0x00000256a5792b43 sp=0x000000abce9fbd40 mode 0
Event: 5.368 Thread 0x00000256b4bab600 DEOPT PACKING pc=0x000002569e4e9ccf sp=0x000000abce9fd160
Event: 5.368 Thread 0x00000256b4bab600 DEOPT UNPACKING pc=0x00000256a5792b43 sp=0x000000abce9fc540 mode 0
Event: 5.453 Thread 0x00000256b4bab600 DEOPT PACKING pc=0x000002569e357172 sp=0x000000abce9fd100
Event: 5.453 Thread 0x00000256b4bab600 DEOPT UNPACKING pc=0x00000256a5792b43 sp=0x000000abce9fc500 mode 0
Event: 9.361 Thread 0x00000256b4bab600 DEOPT PACKING pc=0x000002569e4e98f3 sp=0x000000abce9fd7a0
Event: 9.361 Thread 0x00000256b4bab600 DEOPT UNPACKING pc=0x00000256a5792b43 sp=0x000000abce9fcb68 mode 0
Event: 9.408 Thread 0x00000256b4bab600 DEOPT PACKING pc=0x000002569e4e9ccf sp=0x000000abce9fd610
Event: 9.408 Thread 0x00000256b4bab600 DEOPT UNPACKING pc=0x00000256a5792b43 sp=0x000000abce9fc9d8 mode 0
Event: 12.937 Thread 0x00000256b4bab600 DEOPT PACKING pc=0x000002569e4ee185 sp=0x000000abce9fced0
Event: 12.937 Thread 0x00000256b4bab600 DEOPT UNPACKING pc=0x00000256a5792b43 sp=0x000000abce9fc340 mode 0

Classes unloaded (0 events):
No events

Classes redefined (0 events):
No events

Internal exceptions (13 events):
Event: 0.108 Thread 0x000002569697f8e0 Exception <a 'java/lang/ClassNotFoundException'{0x0000000090857588}: sun/awt/resources/spi/awtProvider> (0x0000000090857588) 
thrown [s\open\src\hotspot\share\classfile\systemDictionary.cpp, line 256]
Event: 0.133 Thread 0x000002569697f8e0 Exception <a 'java/io/FileNotFoundException'{0x00000000908b0338}> (0x00000000908b0338) 
thrown [s\open\src\hotspot\share\prims\jni.cpp, line 516]
Event: 0.142 Thread 0x000002569697f8e0 Exception <a 'java/io/FileNotFoundException'{0x00000000908dd8c8}> (0x00000000908dd8c8) 
thrown [s\open\src\hotspot\share\prims\jni.cpp, line 516]
Event: 0.185 Thread 0x000002569697f8e0 Exception <a 'java/lang/NoSuchMethodError'{0x0000000090728808}: 'java.lang.Object java.lang.invoke.DirectMethodHandle$Holder.invokeStaticInit(java.lang.Object)'> (0x0000000090728808) 
thrown [s\open\src\hotspot\share\interpreter\linkResolver.cpp, line 759]
Event: 0.224 Thread 0x000002569697f8e0 Exception <a 'java/lang/NoSuchMethodError'{0x00000000907b52f0}: 'void java.lang.invoke.DirectMethodHandle$Holder.invokeSpecial(java.lang.Object, java.lang.Object, java.lang.Object)'> (0x00000000907b52f0) 
thrown [s\open\src\hotspot\share\interpreter\linkResolver.cpp, line 759]
Event: 0.234 Thread 0x000002569697f8e0 Exception <a 'java/lang/NoSuchMethodError'{0x00000000907df720}: 'java.lang.Object java.lang.invoke.DirectMethodHandle$Holder.newInvokeSpecial(java.lang.Object, java.lang.Object, java.lang.Object, java.lang.Object, java.lang.Object)'> (0x00000000907df720) 
thrown [s\open\src\hotspot\share\interpreter\linkResolver.cpp, line 759]
Event: 0.236 Thread 0x000002569697f8e0 Exception <a 'java/lang/NoSuchMethodError'{0x00000000907eb0e8}: 'java.lang.Object java.lang.invoke.DirectMethodHandle$Holder.invokeStatic(java.lang.Object, int, java.lang.Object, java.lang.Object, java.lang.Object, java.lang.Object)'> (0x00000000907eb0e8) 
thrown [s\open\src\hotspot\share\interpreter\linkResolver.cpp, line 759]
Event: 0.241 Thread 0x000002569697f8e0 Exception <a 'java/lang/NoSuchMethodError'{0x0000000090610f60}: 'java.lang.Object java.lang.invoke.DirectMethodHandle$Holder.invokeStatic(java.lang.Object, int, java.lang.Object)'> (0x0000000090610f60) 
thrown [s\open\src\hotspot\share\interpreter\linkResolver.cpp, line 759]
Event: 0.275 Thread 0x000002569697f8e0 Exception <a 'java/lang/ClassNotFoundException'{0x00000000906c9cf8}: com/sun/swing/internal/plaf/metal/resources/spi/metalProvider> (0x00000000906c9cf8) 
thrown [s\open\src\hotspot\share\classfile\systemDictionary.cpp, line 256]
Event: 0.276 Thread 0x000002569697f8e0 Exception <a 'java/lang/ClassNotFoundException'{0x00000000906cdb50}: com/sun/swing/internal/plaf/basic/resources/spi/basicProvider> (0x00000000906cdb50) 
thrown [s\open\src\hotspot\share\classfile\systemDictionary.cpp, line 256]
Event: 0.344 Thread 0x00000256b4b7b0f0 Exception <a 'java/lang/NoSuchMethodError'{0x000000009041ba88}: 'java.lang.Object java.lang.invoke.DirectMethodHandle$Holder.newInvokeSpecial(java.lang.Object, java.lang.Object, java.lang.Object, int, int, int, int, int)'> (0x000000009041ba88) 
thrown [s\open\src\hotspot\share\interpreter\linkResolver.cpp, line 759]
Event: 0.369 Thread 0x00000256b4b00ca0 Exception <a 'java/lang/NoSuchMethodError'{0x0000000090752a60}: 'void java.lang.invoke.DirectMethodHandle$Holder.invokeVirtual(java.lang.Object, java.lang.Object)'> (0x0000000090752a60) 
thrown [s\open\src\hotspot\share\interpreter\linkResolver.cpp, line 759]
Event: 0.383 Thread 0x000002569697f8e0 Exception <a 'java/lang/NoSuchMethodError'{0x0000000090466260}: 'void java.lang.invoke.DirectMethodHandle$Holder.invokeStaticInit(java.lang.Object)'> (0x0000000090466260) 
thrown [s\open\src\hotspot\share\interpreter\linkResolver.cpp, line 759]

VM Operations (20 events):
Event: 5.409 Executing VM operation: G1CollectForAllocation
Event: 5.414 Executing VM operation: G1CollectForAllocation done
Event: 6.416 Executing VM operation: Cleanup
Event: 6.416 Executing VM operation: Cleanup done
Event: 7.430 Executing VM operation: Cleanup
Event: 7.430 Executing VM operation: Cleanup done
Event: 8.443 Executing VM operation: Cleanup
Event: 8.443 Executing VM operation: Cleanup done
Event: 9.455 Executing VM operation: Cleanup
Event: 9.455 Executing VM operation: Cleanup done
Event: 10.467 Executing VM operation: Cleanup
Event: 10.468 Executing VM operation: Cleanup done
Event: 11.480 Executing VM operation: Cleanup
Event: 11.480 Executing VM operation: Cleanup done
Event: 12.491 Executing VM operation: Cleanup
Event: 12.491 Executing VM operation: Cleanup done
Event: 13.505 Executing VM operation: Cleanup
Event: 13.505 Executing VM operation: Cleanup done
Event: 15.529 Executing VM operation: Cleanup
Event: 15.529 Executing VM operation: Cleanup done

Events (20 events):
Event: 4.944 loading class sun/awt/AWTAccessor$AccessibleBundleAccessor
Event: 4.944 loading class sun/awt/AWTAccessor$AccessibleBundleAccessor done
Event: 4.944 loading class javax/accessibility/AccessibleBundle$1 done
Event: 4.946 loading class java/awt/KeyboardFocusManager$4
Event: 4.946 loading class java/awt/KeyboardFocusManager$4 done
Event: 4.994 Thread 0x00000256b5a40790 Thread added: 0x00000256b5a40790
Event: 5.872 Thread 0x00000256b5a40790 Thread exited: 0x00000256b5a40790
Event: 6.089 loading class sun/java2d/pipe/ShapeSpanIterator
Event: 6.089 loading class sun/java2d/pipe/SpanIterator
Event: 6.089 loading class sun/java2d/pipe/SpanIterator done
Event: 6.089 loading class sun/awt/geom/PathConsumer2D
Event: 6.089 loading class sun/awt/geom/PathConsumer2D done
Event: 6.089 loading class sun/java2d/pipe/ShapeSpanIterator done
Event: 6.090 loading class java/awt/geom/Path2D$Float$TxIterator
Event: 6.090 loading class java/awt/geom/Path2D$Iterator
Event: 6.090 loading class java/awt/geom/Path2D$Iterator done
Event: 6.090 loading class java/awt/geom/Path2D$Float$TxIterator done
Event: 6.464 Thread 0x00000256b4bf22c0 Thread exited: 0x00000256b4bf22c0
Event: 6.528 Thread 0x00000256b4b7b0f0 Thread exited: 0x00000256b4b7b0f0
Event: 15.596 Loaded shared library C:\Program Files\swipl\bin\jpl.dll


Dynamic libraries:
0x00007ff7837b0000 - 0x00007ff7837c0000 	C:\Program Files\Java\jdk-17\bin\javaw.exe
0x00007ffab82d0000 - 0x00007ffab84c8000 	C:\Windows\SYSTEM32\ntdll.dll
0x00007ffab7380000 - 0x00007ffab743f000 	C:\Windows\System32\KERNEL32.DLL
0x00007ffab5dc0000 - 0x00007ffab6092000 	C:\Windows\System32\KERNELBASE.dll
0x00007ffab5990000 - 0x00007ffab5a90000 	C:\Windows\System32\ucrtbase.dll
0x00007ffaa35c0000 - 0x00007ffaa35d8000 	C:\Program Files\Java\jdk-17\bin\jli.dll
0x00007ffab7280000 - 0x00007ffab732e000 	C:\Windows\System32\ADVAPI32.dll
0x00007ffab6bd0000 - 0x00007ffab6c6e000 	C:\Windows\System32\msvcrt.dll
0x00007ffaa49b0000 - 0x00007ffaa49cb000 	C:\Program Files\Java\jdk-17\bin\VCRUNTIME140.dll
0x00007ffab74a0000 - 0x00007ffab753c000 	C:\Windows\System32\sechost.dll
0x00007ffab6c70000 - 0x00007ffab6d95000 	C:\Windows\System32\RPCRT4.dll
0x00007ffab77e0000 - 0x00007ffab7981000 	C:\Windows\System32\USER32.dll
0x00007ffaa4f60000 - 0x00007ffaa51fa000 	C:\Windows\WinSxS\amd64_microsoft.windows.common-controls_6595b64144ccf1df_6.0.19041.1110_none_60b5254171f9507e\COMCTL32.dll
0x00007ffab5ac0000 - 0x00007ffab5ae2000 	C:\Windows\System32\win32u.dll
0x00007ffab7990000 - 0x00007ffab79bb000 	C:\Windows\System32\GDI32.dll
0x00007ffab5af0000 - 0x00007ffab5bff000 	C:\Windows\System32\gdi32full.dll
0x00007ffab5c00000 - 0x00007ffab5c9d000 	C:\Windows\System32\msvcp_win.dll
0x00007ffaa27f0000 - 0x00007ffaa27fa000 	C:\Windows\SYSTEM32\VERSION.dll
0x00007ffab7340000 - 0x00007ffab7372000 	C:\Windows\System32\IMM32.DLL
0x00007ffaa4b50000 - 0x00007ffaa4b5c000 	C:\Program Files\Java\jdk-17\bin\vcruntime140_1.dll
0x00007ffa90480000 - 0x00007ffa9050e000 	C:\Program Files\Java\jdk-17\bin\msvcp140.dll
0x00007ffa8b560000 - 0x00007ffa8c137000 	C:\Program Files\Java\jdk-17\bin\server\jvm.dll
0x00007ffab8250000 - 0x00007ffab8258000 	C:\Windows\System32\PSAPI.DLL
0x00007ffaaef90000 - 0x00007ffaaefb7000 	C:\Windows\SYSTEM32\WINMM.dll
0x00007ffaa1390000 - 0x00007ffaa1399000 	C:\Windows\SYSTEM32\WSOCK32.dll
0x00007ffab8110000 - 0x00007ffab817b000 	C:\Windows\System32\WS2_32.dll
0x00007ffab4230000 - 0x00007ffab4242000 	C:\Windows\SYSTEM32\kernel.appcore.dll
0x00007ffaa49a0000 - 0x00007ffaa49aa000 	C:\Program Files\Java\jdk-17\bin\jimage.dll
0x00007ffaa0990000 - 0x00007ffaa0b74000 	C:\Windows\SYSTEM32\DBGHELP.DLL
0x00007ffaa07d0000 - 0x00007ffaa0805000 	C:\Windows\SYSTEM32\dbgcore.DLL
0x00007ffab60a0000 - 0x00007ffab6122000 	C:\Windows\System32\bcryptPrimitives.dll
0x00007ffaa4140000 - 0x00007ffaa4165000 	C:\Program Files\Java\jdk-17\bin\java.dll
0x00007ffa90510000 - 0x00007ffa905e7000 	C:\Program Files\Java\jdk-17\bin\jsvml.dll
0x00007ffab79c0000 - 0x00007ffab8104000 	C:\Windows\System32\SHELL32.dll
0x00007ffab39c0000 - 0x00007ffab4152000 	C:\Windows\SYSTEM32\windows.storage.dll
0x00007ffab6e00000 - 0x00007ffab7155000 	C:\Windows\System32\combase.dll
0x00007ffab53f0000 - 0x00007ffab5420000 	C:\Windows\SYSTEM32\Wldp.dll
0x00007ffab6520000 - 0x00007ffab65cd000 	C:\Windows\System32\SHCORE.dll
0x00007ffab65d0000 - 0x00007ffab6625000 	C:\Windows\System32\shlwapi.dll
0x00007ffab58d0000 - 0x00007ffab58ef000 	C:\Windows\SYSTEM32\profapi.dll
0x00007ffaa47e0000 - 0x00007ffaa47f9000 	C:\Program Files\Java\jdk-17\bin\net.dll
0x00007ffaabfa0000 - 0x00007ffaac0ac000 	C:\Windows\SYSTEM32\WINHTTP.dll
0x00007ffab5150000 - 0x00007ffab51ba000 	C:\Windows\system32\mswsock.dll
0x00007ffaa4120000 - 0x00007ffaa4136000 	C:\Program Files\Java\jdk-17\bin\nio.dll
0x00007ffaa40e0000 - 0x00007ffaa40f8000 	C:\Program Files\Java\jdk-17\bin\zip.dll
0x00007ffa8b3c0000 - 0x00007ffa8b551000 	C:\Program Files\Java\jdk-17\bin\awt.dll
0x00007ffab8180000 - 0x00007ffab824d000 	C:\Windows\System32\OLEAUT32.dll
0x00007ffab26d0000 - 0x00007ffab2761000 	C:\Windows\SYSTEM32\apphelp.dll
0x00007ffab29a0000 - 0x00007ffab29cf000 	C:\Windows\system32\DWMAPI.DLL
0x00007ffab27d0000 - 0x00007ffab286e000 	C:\Windows\system32\uxtheme.dll
0x00007ffa94330000 - 0x00007ffa94455000 	C:\Windows\system32\opengl32.dll
0x00007ffa94ab0000 - 0x00007ffa94adc000 	C:\Windows\SYSTEM32\GLU32.dll
0x00007ffab7160000 - 0x00007ffab7275000 	C:\Windows\System32\MSCTF.dll
0x00007ffab63d0000 - 0x00007ffab64fa000 	C:\Windows\System32\ole32.dll
0x00007ffa8aec0000 - 0x00007ffa8af46000 	C:\Program Files\Java\jdk-17\bin\freetype.dll
0x00007ffa8adf0000 - 0x00007ffa8aeb5000 	C:\Program Files\Java\jdk-17\bin\fontmanager.dll
0x00007ffaaaf70000 - 0x00007ffaab069000 	C:\Windows\SYSTEM32\textinputframework.dll
0x00007ffab1d90000 - 0x00007ffab20ee000 	C:\Windows\System32\CoreUIComponents.dll
0x00007ffab2240000 - 0x00007ffab2332000 	C:\Windows\System32\CoreMessaging.dll
0x00007ffab4b20000 - 0x00007ffab4b53000 	C:\Windows\SYSTEM32\ntmarta.dll
0x00007ffab16b0000 - 0x00007ffab1804000 	C:\Windows\SYSTEM32\wintypes.dll
0x00007ffaa4400000 - 0x00007ffaa4410000 	C:\Program Files\Java\jdk-17\bin\verify.dll
0x00007ffab6630000 - 0x00007ffab66df000 	C:\Windows\System32\clbcatq.dll
0x00007ffaad850000 - 0x00007ffaada04000 	C:\Windows\SYSTEM32\WindowsCodecs.dll
0x00007ffab5a90000 - 0x00007ffab5ab7000 	C:\Windows\System32\bcrypt.dll
0x00007ffa94250000 - 0x00007ffa9428e000 	C:\Windows\system32\dataexchange.dll
0x00007ffab0d40000 - 0x00007ffab0fa3000 	C:\Windows\system32\d3d11.dll
0x00007ffab1820000 - 0x00007ffab1a03000 	C:\Windows\system32\dcomp.dll
0x00007ffab4250000 - 0x00007ffab4343000 	C:\Windows\system32\dxgi.dll
0x00007ffaae130000 - 0x00007ffaae330000 	C:\Windows\system32\twinapi.appcore.dll
0x000000006bb80000 - 0x000000006bbea000 	C:\Program Files\swipl\bin\jpl.dll
0x0000000064940000 - 0x000000006498b000 	C:\Program Files\swipl\bin\libwinpthread-1.dll
0x0000000070200000 - 0x0000000070927000 	C:\Program Files\swipl\bin\libswipl.dll
0x00007ffab6500000 - 0x00007ffab651d000 	C:\Windows\System32\imagehlp.dll
0x0000000069e80000 - 0x0000000069f55000 	C:\Program Files\swipl\bin\libdwarf.dll
0x000000006acc0000 - 0x000000006ad42000 	C:\Program Files\swipl\bin\libgmp-10.dll
0x000000006cec0000 - 0x000000006cf41000 	C:\Program Files\swipl\bin\libgcc_s_sjlj-1.dll

dbghelp: loaded successfully - version: 4.0.5 - missing functions: none
symbol engine: initialized successfully - sym options: 0x614 - pdb path: .;C:\Program Files\Java\jdk-17\bin;C:\Windows\SYSTEM32;C:\Windows\WinSxS\amd64_microsoft.windows.common-controls_6595b64144ccf1df_6.0.19041.1110_none_60b5254171f9507e;C:\Program Files\Java\jdk-17\bin\server;C:\Program Files\swipl\bin

VM Arguments:
java_command: D:\Estudio\NetBeansProjects\SBC_For_Hipertension_Tratament_japp\dist\SBC_For_Hipertension_Tratament_japp.jar
java_class_path (initial): D:\Estudio\NetBeansProjects\SBC_For_Hipertension_Tratament_japp\dist\SBC_For_Hipertension_Tratament_japp.jar
Launcher Type: SUN_STANDARD

[Global flags]
     intx CICompilerCount                          = 3                                         {product} {ergonomic}
     uint ConcGCThreads                            = 1                                         {product} {ergonomic}
     uint G1ConcRefinementThreads                  = 4                                         {product} {ergonomic}
   size_t G1HeapRegionSize                         = 1048576                                   {product} {ergonomic}
    uintx GCDrainStackTargetSize                   = 64                                        {product} {ergonomic}
   size_t InitialHeapSize                          = 125829120                                 {product} {ergonomic}
   size_t MarkStackSize                            = 4194304                                   {product} {ergonomic}
   size_t MaxHeapSize                              = 1994391552                                {product} {ergonomic}
   size_t MaxNewSize                               = 1196425216                                {product} {ergonomic}
   size_t MinHeapDeltaBytes                        = 1048576                                   {product} {ergonomic}
   size_t MinHeapSize                              = 8388608                                   {product} {ergonomic}
    uintx NonNMethodCodeHeapSize                   = 5832780                                {pd product} {ergonomic}
    uintx NonProfiledCodeHeapSize                  = 122912730                              {pd product} {ergonomic}
    uintx ProfiledCodeHeapSize                     = 122912730                              {pd product} {ergonomic}
    uintx ReservedCodeCacheSize                    = 251658240                              {pd product} {ergonomic}
     bool SegmentedCodeCache                       = true                                      {product} {ergonomic}
   size_t SoftMaxHeapSize                          = 1994391552                             {manageable} {ergonomic}
     bool UseCompressedClassPointers               = true                           {product lp64_product} {ergonomic}
     bool UseCompressedOops                        = true                           {product lp64_product} {ergonomic}
     bool UseG1GC                                  = true                                      {product} {ergonomic}
     bool UseLargePagesIndividualAllocation        = false                                  {pd product} {ergonomic}

Logging:
Log output configuration:
 #0: stdout all=warning uptime,level,tags
 #1: stderr all=off uptime,level,tags

Environment Variables:
PATH=C:\Program Files\Common Files\Oracle\Java\javapath;C:\Program Files\Python39\Scripts\;C:\Program Files\Python39\;C:\Program Files (x86)\Common Files\Oracle\Java\javapath;C:\ProgramData\Oracle\Java\javapath;C:\Windows\system32;C:\Windows;C:\Windows\System32\Wbem;C:\Windows\System32\WindowsPowerShell\v1.0\;C:\Windows\System32\OpenSSH\;C:\Program Files\Git\cmd;C:\Program Files\Java\jdk1.8.0_66\bin;C:\Program Files\Java\jdk1.8.0_66\lib\tools.jar;C:\Program Files\Java\jdk1.8.0_66\jre\lib\rt.jar;C:\Program Files\swipl\bin;C:\Program Files\swipl\lib\jpl.jar;C:\Users\rafa\AppData\Local\Microsoft\WindowsApps;C:\Program Files\JetBrains\PyCharm Community Edition 2022.2.2\bin;C:\Program Files\JetBrains\IntelliJ IDEA Community Edition 2021.3.1\bin;C:\Users\rafa\AppData\Local\Coursier\data\bin;D:\Programas\Microsoft VS Code\bin
USERNAME=rafa
OS=Windows_NT
PROCESSOR_IDENTIFIER=Intel64 Family 6 Model 78 Stepping 3, GenuineIntel



---------------  S Y S T E M  ---------------

OS:
 Windows 10 , 64 bit Build 19041 (10.0.19041.2364)
OS uptime: 0 days 1:00 hours

CPU: total 4 (initial active 4) (2 cores per cpu, 2 threads per core) family 6 model 78 stepping 3 microcode 0xcc, cx8, cmov, fxsr, ht, mmx, 3dnowpref, sse, sse2, sse3, ssse3, sse4.1, sse4.2, popcnt, lzcnt, tsc, tscinvbit, avx, avx2, aes, erms, clmul, bmi1, bmi2, rtm, adx, fma, vzeroupper, clflush, clflushopt

Memory: 4k page, system-wide physical 7603M (3358M free)
TotalPageFile size 8819M (AvailPageFile size 3726M)
current process WorkingSet (physical memory assigned to process): 98M, peak: 104M
current process commit charge ("private bytes"): 230M, peak: 235M

vm_info: Java HotSpot(TM) 64-Bit Server VM (17.0.6+9-LTS-190) for windows-amd64 JRE (17.0.6+9-LTS-190), built on Dec  6 2022 15:53:54 by "mach5one" with MS VC++ 17.1 (VS2022)

END.
