#
# A fatal error has been detected by the Java Runtime Environment:
#
#  EXCEPTION_ACCESS_VIOLATION (0xc0000005) at pc=0x0000000070210ba1, pid=7544, tid=6008
#
# JRE version: Java(TM) SE Runtime Environment (17.0.6+9) (build 17.0.6+9-LTS-190)
# Java VM: Java HotSpot(TM) 64-Bit Server VM (17.0.6+9-LTS-190, mixed mode, sharing, tiered, compressed oops, compressed class ptrs, g1 gc, windows-amd64)
# Problematic frame:
# C  [libswipl.dll+0x10ba1]
#
# No core dump will be written. Minidumps are not enabled by default on client versions of Windows
#
# If you would like to submit a bug report, please visit:
#   https://bugreport.java.com/bugreport/crash.jsp
# The crash happened outside the Java Virtual Machine in native code.
# See problematic frame for where to report the bug.
#

---------------  S U M M A R Y ------------

Command Line: D:\Estudio\NetBeansProjects\SBC_For_Hipertension_Tratament_japp\dist\SBC_For_Hipertension_Tratament_japp.jar

Host: Intel(R) Core(TM) i5-6300U CPU @ 2.40GHz, 4 cores, 7G,  Windows 10 , 64 bit Build 19041 (10.0.19041.2364)
Time: Sun Jun 11 16:22:24 2023 Hora de verano de Cuba elapsed time: 45.526327 seconds (0d 0h 0m 45s)

---------------  T H R E A D  ---------------

Current thread (0x000002a748449c60):  JavaThread "AWT-EventQueue-0" [_thread_in_native, id=6008, stack(0x000000fdefa00000,0x000000fdefb00000)]

Stack: [0x000000fdefa00000,0x000000fdefb00000],  sp=0x000000fdefafdf40,  free space=1015k
Native frames: (J=compiled Java code, j=interpreted, Vv=VM code, C=native code)
C  [libswipl.dll+0x10ba1]

Java frames: (J=compiled Java code, j=interpreted, Vv=VM code)
j  org.jpl7.fli.Prolog.open_query(Lorg/jpl7/fli/module_t;ILorg/jpl7/fli/predicate_t;Lorg/jpl7/fli/term_t;)Lorg/jpl7/fli/qid_t;+0
j  org.jpl7.Query.open()V+324
j  org.jpl7.Util.textToTerm(Ljava/lang/String;)Lorg/jpl7/Term;+57
j  org.jpl7.Query.<init>(Ljava/lang/String;)V+2
j  sbc_for_hipertension_tratament_japp.Connection.<init>([Ljava/lang/String;)V+62
j  arterial_tension.visual.TestWindow.connect_with_SBC(IILjava/lang/String;Ljava/lang/String;)Ljava/lang/String;+19
j  arterial_tension.visual.TestWindow.actionFinish()V+270
j  arterial_tension.visual.TestWindow.btn_finishActionPerformed(Ljava/awt/event/ActionEvent;)V+1
j  arterial_tension.visual.TestWindow.access$3200(Larterial_tension/visual/TestWindow;Ljava/awt/event/ActionEvent;)V+2
j  arterial_tension.visual.TestWindow$34.actionPerformed(Ljava/awt/event/ActionEvent;)V+5
j  javax.swing.AbstractButton.fireActionPerformed(Ljava/awt/event/ActionEvent;)V+84 java.desktop@17.0.6
j  javax.swing.AbstractButton$Handler.actionPerformed(Ljava/awt/event/ActionEvent;)V+5 java.desktop@17.0.6
j  javax.swing.DefaultButtonModel.fireActionPerformed(Ljava/awt/event/ActionEvent;)V+34 java.desktop@17.0.6
j  javax.swing.DefaultButtonModel.setPressed(Z)V+117 java.desktop@17.0.6
j  javax.swing.plaf.basic.BasicButtonListener.mouseReleased(Ljava/awt/event/MouseEvent;)V+35 java.desktop@17.0.6
j  java.awt.AWTEventMulticaster.mouseReleased(Ljava/awt/event/MouseEvent;)V+8 java.desktop@17.0.6
j  java.awt.AWTEventMulticaster.mouseReleased(Ljava/awt/event/MouseEvent;)V+8 java.desktop@17.0.6
j  java.awt.Component.processMouseEvent(Ljava/awt/event/MouseEvent;)V+64 java.desktop@17.0.6
j  javax.swing.JComponent.processMouseEvent(Ljava/awt/event/MouseEvent;)V+23 java.desktop@17.0.6
J 2232 c1 java.awt.Component.processEvent(Ljava/awt/AWTEvent;)V java.desktop@17.0.6 (220 bytes) @ 0x000002a73184205c [0x000002a731841a20+0x000000000000063c]
J 2076 c1 java.awt.Container.processEvent(Ljava/awt/AWTEvent;)V java.desktop@17.0.6 (22 bytes) @ 0x000002a7317e532c [0x000002a7317e4fe0+0x000000000000034c]
J 1718 c1 java.awt.Component.dispatchEventImpl(Ljava/awt/AWTEvent;)V java.desktop@17.0.6 (777 bytes) @ 0x000002a7317093d4 [0x000002a731705880+0x0000000000003b54]
J 1512 c1 java.awt.Container.dispatchEventImpl(Ljava/awt/AWTEvent;)V java.desktop@17.0.6 (129 bytes) @ 0x000002a7316791fc [0x000002a7316790c0+0x000000000000013c]
J 2162 c1 java.awt.LightweightDispatcher.retargetMouseEvent(Ljava/awt/Component;ILjava/awt/event/MouseEvent;)V java.desktop@17.0.6 (372 bytes) @ 0x000002a73181f984 [0x000002a73181d0a0+0x00000000000028e4]
J 2332 c1 java.awt.LightweightDispatcher.processMouseEvent(Ljava/awt/event/MouseEvent;)Z java.desktop@17.0.6 (265 bytes) @ 0x000002a73186f304 [0x000002a73186e320+0x0000000000000fe4]
J 2145 c1 java.awt.LightweightDispatcher.dispatchEvent(Ljava/awt/AWTEvent;)Z java.desktop@17.0.6 (73 bytes) @ 0x000002a731812854 [0x000002a731812400+0x0000000000000454]
J 1512 c1 java.awt.Container.dispatchEventImpl(Ljava/awt/AWTEvent;)V java.desktop@17.0.6 (129 bytes) @ 0x000002a73167919c [0x000002a7316790c0+0x00000000000000dc]
J 2119 c1 java.awt.Window.dispatchEventImpl(Ljava/awt/AWTEvent;)V java.desktop@17.0.6 (23 bytes) @ 0x000002a731806414 [0x000002a731805e00+0x0000000000000614]
J 1620 c1 java.awt.EventQueue.dispatchEventImpl(Ljava/awt/AWTEvent;Ljava/lang/Object;)V java.desktop@17.0.6 (136 bytes) @ 0x000002a7316bf434 [0x000002a7316bef60+0x00000000000004d4]
J 1619 c1 java.awt.EventQueue$4.run()Ljava/lang/Void; java.desktop@17.0.6 (60 bytes) @ 0x000002a7316be88c [0x000002a7316be760+0x000000000000012c]
J 1618 c1 java.awt.EventQueue$4.run()Ljava/lang/Object; java.desktop@17.0.6 (5 bytes) @ 0x000002a7316be414 [0x000002a7316be3a0+0x0000000000000074]
J 1406 c1 java.security.ProtectionDomain$JavaSecurityAccessImpl.doIntersectionPrivilege(Ljava/security/PrivilegedAction;Ljava/security/AccessControlContext;Ljava/security/AccessControlContext;)Ljava/lang/Object; java.base@17.0.6 (22 bytes) @ 0x000002a731650c34 [0x000002a7316509a0+0x0000000000000294]
J 1490 c1 java.awt.EventQueue.dispatchEvent(Ljava/awt/AWTEvent;)V java.desktop@17.0.6 (80 bytes) @ 0x000002a73167053c [0x000002a73166fa60+0x0000000000000adc]
J 1503 c1 java.awt.EventDispatchThread.pumpOneEventForFilters(I)V java.desktop@17.0.6 (113 bytes) @ 0x000002a7316756a4 [0x000002a731675020+0x0000000000000684]
j  java.awt.EventDispatchThread.pumpEventsForFilter(ILjava/awt/Conditional;Ljava/awt/EventFilter;)V+35 java.desktop@17.0.6
j  java.awt.EventDispatchThread.pumpEventsForHierarchy(ILjava/awt/Conditional;Ljava/awt/Component;)V+11 java.desktop@17.0.6
j  java.awt.EventDispatchThread.pumpEvents(ILjava/awt/Conditional;)V+4 java.desktop@17.0.6
j  java.awt.EventDispatchThread.pumpEvents(Ljava/awt/Conditional;)V+3 java.desktop@17.0.6
j  java.awt.EventDispatchThread.run()V+9 java.desktop@17.0.6
v  ~StubRoutines::call_stub

siginfo: EXCEPTION_ACCESS_VIOLATION (0xc0000005), reading address 0x000000004c4be040


Register to memory mapping:

RIP=0x0000000070210ba1 libswipl.dll
RAX=0x000002a74a6f53c0 points into unknown readable memory: 0x000002a74a6f5690 | 90 56 6f 4a a7 02 00 00
RBX=0x000000004c4be040 is an unknown value
RCX=0x0000000000000001 is an unknown value
RDX=0x0000000000000003 is an unknown value
RSP=0x000000fdefafdf40 is pointing into the stack for thread: 0x000002a748449c60
RBP=0x000000fdefafe0d8 is pointing into the stack for thread: 0x000002a748449c60
RSI=0x00000000703058c0 libswipl.dll
RDI=0x0000000000000008 is an unknown value
R8 =0x000000004c4be040 is an unknown value
R9 =0x0000000000000016 is an unknown value
R10=0x00007ffae4249c30 jvm.dll
R11=0x0000000000000020 is an unknown value
R12=0x000000004a70e250 is an unknown value
R13=0x0000000000000016 is an unknown value
R14=0x000000fdefafe0f0 is pointing into the stack for thread: 0x000002a748449c60
R15=0x000002a748449c60 is a thread


Registers:
RAX=0x000002a74a6f53c0, RBX=0x000000004c4be040, RCX=0x0000000000000001, RDX=0x0000000000000003
RSP=0x000000fdefafdf40, RBP=0x000000fdefafe0d8, RSI=0x00000000703058c0, RDI=0x0000000000000008
R8 =0x000000004c4be040, R9 =0x0000000000000016, R10=0x00007ffae4249c30, R11=0x0000000000000020
R12=0x000000004a70e250, R13=0x0000000000000016, R14=0x000000fdefafe0f0, R15=0x000002a748449c60
RIP=0x0000000070210ba1, EFLAGS=0x0000000000010246

Top of Stack: (sp=0x000000fdefafdf40)
0x000000fdefafdf40:   000002a70000000c 0000000000199599
0x000000fdefafdf50:   000002a74ab12518 000002a748449c60
0x000000fdefafdf60:   0000000200000004 000002a700000004
0x000000fdefafdf70:   000002a7476ed2f0 000000004a70e250
0x000000fdefafdf80:   000002a748449c60 000002a748449f08
0x000000fdefafdf90:   000000004c4be040 000000fdefafe0f0
0x000000fdefafdfa0:   000000fdefafe0d8 000000004a70e250
0x000000fdefafdfb0:   0000000000000008 000000fdefafe0f0
0x000000fdefafdfc0:   000002a748449c60 000000006bb8e4aa
0x000000fdefafdfd0:   000002a748449c60 000000fdefafe0d0
0x000000fdefafdfe0:   000002a74ab12518 000002a748449c60
0x000000fdefafdff0:   000002a738929657 000002a74ab12518
0x000000fdefafe000:   0000000000000000 000002a738929657
0x000000fdefafe010:   000000fdefafe0b8 0000000000000000
0x000000fdefafe020:   000002a74ab12518 000002a73892d621
0x000000fdefafe030:   000002a738929657 000002a73892d33c 

Instructions: (pc=0x0000000070210ba1)
0x0000000070210aa1:   8d 0d f9 4b 0b 00 e9 84 17 ff ff 0f 1f 40 00 4c
0x0000000070210ab1:   8b 42 38 31 c0 49 39 c8 77 37 4c 8b 4a 40 4c 39
0x0000000070210ac1:   c9 73 2e 4c 8b 51 28 4d 39 d0 77 25 4d 39 d1 76
0x0000000070210ad1:   20 83 39 04 77 1b 48 8b 42 10 48 39 c1 73 09 48
0x0000000070210ae1:   8b 40 08 48 39 c1 72 f7 48 39 c1 0f 94 c0 0f b6
0x0000000070210af1:   c0 f3 c3 66 66 66 2e 0f 1f 84 00 00 00 00 00 41
0x0000000070210b01:   57 41 56 41 55 41 54 55 57 56 53 48 83 ec 48 48
0x0000000070210b11:   89 4c 24 38 89 d7 8b 0d e3 58 0f 00 4c 89 c3 4d
0x0000000070210b21:   89 cd ff 15 cf a8 0f 00 8b 0d 89 05 0f 00 48 89
0x0000000070210b31:   c6 85 c9 75 4a 48 8b 05 d3 4a 0f 00 48 c7 05 48
0x0000000070210b41:   05 0f 00 ff ff ff ff 48 c7 05 55 05 0f 00 01 00
0x0000000070210b51:   00 00 c7 05 5b 05 0f 00 01 00 00 00 48 89 05 1c
0x0000000070210b61:   05 0f 00 48 8b 05 5d 2e 0f 00 48 89 05 3e 05 0f
0x0000000070210b71:   00 48 8d 05 07 05 0f 00 48 89 05 d0 04 0f 00 48
0x0000000070210b81:   8b 46 18 48 3b 46 08 0f 86 72 03 00 00 48 63 50
0x0000000070210b91:   04 48 8d 44 d0 28 48 39 46 40 0f 82 12 03 00 00
0x0000000070210ba1:   48 8b 0b 48 83 79 18 00 8b 41 64 0f 84 2b 03 00
0x0000000070210bb1:   00 f6 c4 04 48 89 cd 74 0f 48 8b 96 98 09 00 00
0x0000000070210bc1:   e8 ca 4f ff ff 48 89 c5 48 8b 46 40 48 8d 90 40
0x0000000070210bd1:   21 00 00 48 39 56 48 0f 82 b4 02 00 00 a8 0f 48
0x0000000070210be1:   89 c3 74 09 48 83 c3 08 f6 c3 0f 75 f7 48 89 43
0x0000000070210bf1:   68 48 c7 83 c8 00 00 00 00 00 00 00 4c 8d a3 c0
0x0000000070210c01:   00 00 00 48 8b 05 05 4a 0f 00 48 8b 00 48 c7 83
0x0000000070210c11:   c0 00 00 00 00 00 00 00 48 89 83 d8 00 00 00 48
0x0000000070210c21:   8d 05 19 04 0f 00 48 89 83 d0 00 00 00 48 8b 46
0x0000000070210c31:   08 48 85 c0 0f 84 19 04 00 00 8b 50 30 8d 42 01
0x0000000070210c41:   83 c2 02 89 83 f0 00 00 00 48 8b 46 08 8b 40 34
0x0000000070210c51:   25 4c fe ff ff 89 c1 83 c9 01 89 83 2c 01 00 00
0x0000000070210c61:   48 8d 05 48 04 0f 00 4c 89 a3 00 01 00 00 89 93
0x0000000070210c71:   28 01 00 00 89 8b f4 00 00 00 4c 8d 93 f8 00 00
0x0000000070210c81:   00 48 89 83 f8 00 00 00 48 8b 56 18 48 3b 56 08
0x0000000070210c91:   48 8b 45 00 4c 89 54 24 28 44 8b 70 18 0f 86 2c 


Stack slot to memory mapping:
stack at sp + 0 slots: 0x000002a70000000c is an unknown value
stack at sp + 1 slots: 0x0000000000199599 is an unknown value
stack at sp + 2 slots: {method} {0x000002a74ab12520} 'open_query' '(Lorg/jpl7/fli/module_t;ILorg/jpl7/fli/predicate_t;Lorg/jpl7/fli/term_t;)Lorg/jpl7/fli/qid_t;' in 'org/jpl7/fli/Prolog'
stack at sp + 3 slots: 0x000002a748449c60 is a thread
stack at sp + 4 slots: 0x0000000200000004 is an unknown value
stack at sp + 5 slots: 0x000002a700000004 is an unknown value
stack at sp + 6 slots: 0x000002a7476ed2f0 points into unknown readable memory: 0x000002a749471884 | 84 18 47 49 a7 02 00 00
stack at sp + 7 slots: 0x000000004a70e250 is an unknown value


---------------  P R O C E S S  ---------------

Threads class SMR info:
_java_thread_list=0x000002a7494930b0, length=17, elements={
0x000002a74765bd80, 0x000002a74765e910, 0x000002a747674960, 0x000002a747675220,
0x000002a747675ae0, 0x000002a7476798a0, 0x000002a74767a540, 0x000002a747682f00,
0x000002a7476f5f60, 0x000002a7481ad280, 0x000002a7481b5fd0, 0x000002a7483d1ff0,
0x000002a7483e4010, 0x000002a7483e44e0, 0x000002a748449c60, 0x000002a72834e130,
0x000002a74851a180
}

Java Threads: ( => current thread )
  0x000002a74765bd80 JavaThread "Reference Handler" daemon [_thread_blocked, id=10364, stack(0x000000fdeeb00000,0x000000fdeec00000)]
  0x000002a74765e910 JavaThread "Finalizer" daemon [_thread_blocked, id=1788, stack(0x000000fdeec00000,0x000000fdeed00000)]
  0x000002a747674960 JavaThread "Signal Dispatcher" daemon [_thread_blocked, id=9084, stack(0x000000fdeed00000,0x000000fdeee00000)]
  0x000002a747675220 JavaThread "Attach Listener" daemon [_thread_blocked, id=8856, stack(0x000000fdeee00000,0x000000fdeef00000)]
  0x000002a747675ae0 JavaThread "Service Thread" daemon [_thread_blocked, id=9380, stack(0x000000fdeef00000,0x000000fdef000000)]
  0x000002a7476798a0 JavaThread "Monitor Deflation Thread" daemon [_thread_blocked, id=11860, stack(0x000000fdef000000,0x000000fdef100000)]
  0x000002a74767a540 JavaThread "C2 CompilerThread0" daemon [_thread_blocked, id=10132, stack(0x000000fdef100000,0x000000fdef200000)]
  0x000002a747682f00 JavaThread "C1 CompilerThread0" daemon [_thread_blocked, id=7096, stack(0x000000fdef200000,0x000000fdef300000)]
  0x000002a7476f5f60 JavaThread "Sweeper thread" daemon [_thread_blocked, id=9688, stack(0x000000fdef300000,0x000000fdef400000)]
  0x000002a7481ad280 JavaThread "Notification Thread" daemon [_thread_blocked, id=2736, stack(0x000000fdef400000,0x000000fdef500000)]
  0x000002a7481b5fd0 JavaThread "Common-Cleaner" daemon [_thread_blocked, id=4364, stack(0x000000fdef600000,0x000000fdef700000)]
  0x000002a7483d1ff0 JavaThread "Java2D Disposer" daemon [_thread_blocked, id=11748, stack(0x000000fdef700000,0x000000fdef800000)]
  0x000002a7483e4010 JavaThread "AWT-Shutdown" [_thread_blocked, id=2028, stack(0x000000fdef800000,0x000000fdef900000)]
  0x000002a7483e44e0 JavaThread "AWT-Windows" daemon [_thread_in_native, id=2140, stack(0x000000fdef900000,0x000000fdefa00000)]
=>0x000002a748449c60 JavaThread "AWT-EventQueue-0" [_thread_in_native, id=6008, stack(0x000000fdefa00000,0x000000fdefb00000)]
  0x000002a72834e130 JavaThread "DestroyJavaVM" [_thread_blocked, id=9700, stack(0x000000fdee400000,0x000000fdee500000)]
  0x000002a74851a180 JavaThread "TimerQueue" daemon [_thread_blocked, id=1188, stack(0x000000fdefc00000,0x000000fdefd00000)]

Other Threads:
  0x000002a7476555a0 VMThread "VM Thread" [stack: 0x000000fdeea00000,0x000000fdeeb00000] [id=4536]
  0x000002a7481afb70 WatcherThread [stack: 0x000000fdef500000,0x000000fdef600000] [id=11504]
  0x000002a7283a3b30 GCTaskThread "GC Thread#0" [stack: 0x000000fdee500000,0x000000fdee600000] [id=7072]
  0x000002a748fe57b0 GCTaskThread "GC Thread#1" [stack: 0x000000fdf0200000,0x000000fdf0300000] [id=1216]
  0x000002a748fe5a60 GCTaskThread "GC Thread#2" [stack: 0x000000fdf0300000,0x000000fdf0400000] [id=2604]
  0x000002a748fe5d10 GCTaskThread "GC Thread#3" [stack: 0x000000fdf0400000,0x000000fdf0500000] [id=5372]
  0x000002a7283b4fe0 ConcurrentGCThread "G1 Main Marker" [stack: 0x000000fdee600000,0x000000fdee700000] [id=7052]
  0x000002a7283b59f0 ConcurrentGCThread "G1 Conc#0" [stack: 0x000000fdee700000,0x000000fdee800000] [id=8416]
  0x000002a72841c050 ConcurrentGCThread "G1 Refine#0" [stack: 0x000000fdee800000,0x000000fdee900000] [id=7180]
  0x000002a7494902b0 ConcurrentGCThread "G1 Refine#1" [stack: 0x000000fdf0500000,0x000000fdf0600000] [id=7492]
  0x000002a72841da80 ConcurrentGCThread "G1 Service" [stack: 0x000000fdee900000,0x000000fdeea00000] [id=8772]

Threads with active compile tasks:

VM state: not at safepoint (normal execution)

VM Mutex/Monitor currently owned by a thread: None

Heap address: 0x0000000089200000, size: 1902 MB, Compressed Oops mode: 32-bit

CDS archive(s) mapped at: [0x0000000800000000-0x0000000800bd0000-0x0000000800bd0000), size 12386304, SharedBaseAddress: 0x0000000800000000, ArchiveRelocationMode: 0.
Compressed class space mapped at: 0x0000000800c00000-0x0000000840c00000, reserved size: 1073741824
Narrow klass base: 0x0000000800000000, Narrow klass shift: 0, Narrow klass range: 0x100000000

GC Precious Log:
 CPUs: 4 total, 4 available
 Memory: 7603M
 Large Page Support: Disabled
 NUMA Support: Disabled
 Compressed Oops: Enabled (32-bit)
 Heap Region Size: 1M
 Heap Min Capacity: 8M
 Heap Initial Capacity: 120M
 Heap Max Capacity: 1902M
 Pre-touch: Disabled
 Parallel Workers: 4
 Concurrent Workers: 1
 Concurrent Refinement Workers: 4
 Periodic GC: Disabled

Heap:
 garbage-first heap   total 122880K, used 8293K [0x0000000089200000, 0x0000000100000000)
  region size 1024K, 3 young (3072K), 1 survivors (1024K)
 Metaspace       used 12077K, committed 12224K, reserved 1064960K
  class space    used 1347K, committed 1408K, reserved 1048576K

Heap Regions: E=young(eden), S=young(survivor), O=old, HS=humongous(starts), HC=humongous(continues), CS=collection set, F=free, OA=open archive, CA=closed archive, TAMS=top-at-mark-start (previous, next)
|   0|0x0000000089200000, 0x0000000089300000, 0x0000000089300000|100%|HS|  |TAMS 0x0000000089200000, 0x0000000089200000| Complete 
|   1|0x0000000089300000, 0x0000000089400000, 0x0000000089400000|100%|HC|  |TAMS 0x0000000089300000, 0x0000000089300000| Complete 
|   2|0x0000000089400000, 0x0000000089500000, 0x0000000089500000|100%|HC|  |TAMS 0x0000000089400000, 0x0000000089400000| Complete 
|   3|0x0000000089500000, 0x0000000089600000, 0x0000000089600000|100%| O|  |TAMS 0x0000000089500000, 0x0000000089500000| Untracked 
|   4|0x0000000089600000, 0x0000000089700000, 0x0000000089700000|100%| O|  |TAMS 0x0000000089600000, 0x0000000089600000| Untracked 
|   5|0x0000000089700000, 0x0000000089800000, 0x0000000089800000|100%| O|  |TAMS 0x0000000089700000, 0x0000000089700000| Untracked 
|   6|0x0000000089800000, 0x00000000898b0000, 0x0000000089900000| 68%| O|  |TAMS 0x0000000089800000, 0x0000000089800000| Untracked 
|   7|0x0000000089900000, 0x0000000089900000, 0x0000000089a00000|  0%| F|  |TAMS 0x0000000089900000, 0x0000000089900000| Untracked 
|   8|0x0000000089a00000, 0x0000000089a00000, 0x0000000089b00000|  0%| F|  |TAMS 0x0000000089a00000, 0x0000000089a00000| Untracked 
|   9|0x0000000089b00000, 0x0000000089b00000, 0x0000000089c00000|  0%| F|  |TAMS 0x0000000089b00000, 0x0000000089b00000| Untracked 
|  10|0x0000000089c00000, 0x0000000089c00000, 0x0000000089d00000|  0%| F|  |TAMS 0x0000000089c00000, 0x0000000089c00000| Untracked 
|  11|0x0000000089d00000, 0x0000000089d00000, 0x0000000089e00000|  0%| F|  |TAMS 0x0000000089d00000, 0x0000000089d00000| Untracked 
|  12|0x0000000089e00000, 0x0000000089e00000, 0x0000000089f00000|  0%| F|  |TAMS 0x0000000089e00000, 0x0000000089e00000| Untracked 
|  13|0x0000000089f00000, 0x0000000089f00000, 0x000000008a000000|  0%| F|  |TAMS 0x0000000089f00000, 0x0000000089f00000| Untracked 
|  14|0x000000008a000000, 0x000000008a000000, 0x000000008a100000|  0%| F|  |TAMS 0x000000008a000000, 0x000000008a000000| Untracked 
|  15|0x000000008a100000, 0x000000008a100000, 0x000000008a200000|  0%| F|  |TAMS 0x000000008a100000, 0x000000008a100000| Untracked 
|  16|0x000000008a200000, 0x000000008a200000, 0x000000008a300000|  0%| F|  |TAMS 0x000000008a200000, 0x000000008a200000| Untracked 
|  17|0x000000008a300000, 0x000000008a300000, 0x000000008a400000|  0%| F|  |TAMS 0x000000008a300000, 0x000000008a300000| Untracked 
|  18|0x000000008a400000, 0x000000008a400000, 0x000000008a500000|  0%| F|  |TAMS 0x000000008a400000, 0x000000008a400000| Untracked 
|  19|0x000000008a500000, 0x000000008a500000, 0x000000008a600000|  0%| F|  |TAMS 0x000000008a500000, 0x000000008a500000| Untracked 
|  20|0x000000008a600000, 0x000000008a600000, 0x000000008a700000|  0%| F|  |TAMS 0x000000008a600000, 0x000000008a600000| Untracked 
|  21|0x000000008a700000, 0x000000008a700000, 0x000000008a800000|  0%| F|  |TAMS 0x000000008a700000, 0x000000008a700000| Untracked 
|  22|0x000000008a800000, 0x000000008a800000, 0x000000008a900000|  0%| F|  |TAMS 0x000000008a800000, 0x000000008a800000| Untracked 
|  23|0x000000008a900000, 0x000000008a900000, 0x000000008aa00000|  0%| F|  |TAMS 0x000000008a900000, 0x000000008a900000| Untracked 
|  24|0x000000008aa00000, 0x000000008aa00000, 0x000000008ab00000|  0%| F|  |TAMS 0x000000008aa00000, 0x000000008aa00000| Untracked 
|  25|0x000000008ab00000, 0x000000008ab00000, 0x000000008ac00000|  0%| F|  |TAMS 0x000000008ab00000, 0x000000008ab00000| Untracked 
|  26|0x000000008ac00000, 0x000000008ac00000, 0x000000008ad00000|  0%| F|  |TAMS 0x000000008ac00000, 0x000000008ac00000| Untracked 
|  27|0x000000008ad00000, 0x000000008ad00000, 0x000000008ae00000|  0%| F|  |TAMS 0x000000008ad00000, 0x000000008ad00000| Untracked 
|  28|0x000000008ae00000, 0x000000008ae00000, 0x000000008af00000|  0%| F|  |TAMS 0x000000008ae00000, 0x000000008ae00000| Untracked 
|  29|0x000000008af00000, 0x000000008af00000, 0x000000008b000000|  0%| F|  |TAMS 0x000000008af00000, 0x000000008af00000| Untracked 
|  30|0x000000008b000000, 0x000000008b000000, 0x000000008b100000|  0%| F|  |TAMS 0x000000008b000000, 0x000000008b000000| Untracked 
|  31|0x000000008b100000, 0x000000008b100000, 0x000000008b200000|  0%| F|  |TAMS 0x000000008b100000, 0x000000008b100000| Untracked 
|  32|0x000000008b200000, 0x000000008b200000, 0x000000008b300000|  0%| F|  |TAMS 0x000000008b200000, 0x000000008b200000| Untracked 
|  33|0x000000008b300000, 0x000000008b300000, 0x000000008b400000|  0%| F|  |TAMS 0x000000008b300000, 0x000000008b300000| Untracked 
|  34|0x000000008b400000, 0x000000008b400000, 0x000000008b500000|  0%| F|  |TAMS 0x000000008b400000, 0x000000008b400000| Untracked 
|  35|0x000000008b500000, 0x000000008b500000, 0x000000008b600000|  0%| F|  |TAMS 0x000000008b500000, 0x000000008b500000| Untracked 
|  36|0x000000008b600000, 0x000000008b600000, 0x000000008b700000|  0%| F|  |TAMS 0x000000008b600000, 0x000000008b600000| Untracked 
|  37|0x000000008b700000, 0x000000008b700000, 0x000000008b800000|  0%| F|  |TAMS 0x000000008b700000, 0x000000008b700000| Untracked 
|  38|0x000000008b800000, 0x000000008b800000, 0x000000008b900000|  0%| F|  |TAMS 0x000000008b800000, 0x000000008b800000| Untracked 
|  39|0x000000008b900000, 0x000000008b900000, 0x000000008ba00000|  0%| F|  |TAMS 0x000000008b900000, 0x000000008b900000| Untracked 
|  40|0x000000008ba00000, 0x000000008ba00000, 0x000000008bb00000|  0%| F|  |TAMS 0x000000008ba00000, 0x000000008ba00000| Untracked 
|  41|0x000000008bb00000, 0x000000008bb00000, 0x000000008bc00000|  0%| F|  |TAMS 0x000000008bb00000, 0x000000008bb00000| Untracked 
|  42|0x000000008bc00000, 0x000000008bc00000, 0x000000008bd00000|  0%| F|  |TAMS 0x000000008bc00000, 0x000000008bc00000| Untracked 
|  43|0x000000008bd00000, 0x000000008bd00000, 0x000000008be00000|  0%| F|  |TAMS 0x000000008bd00000, 0x000000008bd00000| Untracked 
|  44|0x000000008be00000, 0x000000008be00000, 0x000000008bf00000|  0%| F|  |TAMS 0x000000008be00000, 0x000000008be00000| Untracked 
|  45|0x000000008bf00000, 0x000000008bf00000, 0x000000008c000000|  0%| F|  |TAMS 0x000000008bf00000, 0x000000008bf00000| Untracked 
|  46|0x000000008c000000, 0x000000008c000000, 0x000000008c100000|  0%| F|  |TAMS 0x000000008c000000, 0x000000008c000000| Untracked 
|  47|0x000000008c100000, 0x000000008c100000, 0x000000008c200000|  0%| F|  |TAMS 0x000000008c100000, 0x000000008c100000| Untracked 
|  48|0x000000008c200000, 0x000000008c200000, 0x000000008c300000|  0%| F|  |TAMS 0x000000008c200000, 0x000000008c200000| Untracked 
|  49|0x000000008c300000, 0x000000008c300000, 0x000000008c400000|  0%| F|  |TAMS 0x000000008c300000, 0x000000008c300000| Untracked 
|  50|0x000000008c400000, 0x000000008c400000, 0x000000008c500000|  0%| F|  |TAMS 0x000000008c400000, 0x000000008c400000| Untracked 
|  51|0x000000008c500000, 0x000000008c500000, 0x000000008c600000|  0%| F|  |TAMS 0x000000008c500000, 0x000000008c500000| Untracked 
|  52|0x000000008c600000, 0x000000008c600000, 0x000000008c700000|  0%| F|  |TAMS 0x000000008c600000, 0x000000008c600000| Untracked 
|  53|0x000000008c700000, 0x000000008c700000, 0x000000008c800000|  0%| F|  |TAMS 0x000000008c700000, 0x000000008c700000| Untracked 
|  54|0x000000008c800000, 0x000000008c800000, 0x000000008c900000|  0%| F|  |TAMS 0x000000008c800000, 0x000000008c800000| Untracked 
|  55|0x000000008c900000, 0x000000008c900000, 0x000000008ca00000|  0%| F|  |TAMS 0x000000008c900000, 0x000000008c900000| Untracked 
|  56|0x000000008ca00000, 0x000000008ca00000, 0x000000008cb00000|  0%| F|  |TAMS 0x000000008ca00000, 0x000000008ca00000| Untracked 
|  57|0x000000008cb00000, 0x000000008cb00000, 0x000000008cc00000|  0%| F|  |TAMS 0x000000008cb00000, 0x000000008cb00000| Untracked 
|  58|0x000000008cc00000, 0x000000008cc00000, 0x000000008cd00000|  0%| F|  |TAMS 0x000000008cc00000, 0x000000008cc00000| Untracked 
|  59|0x000000008cd00000, 0x000000008cd00000, 0x000000008ce00000|  0%| F|  |TAMS 0x000000008cd00000, 0x000000008cd00000| Untracked 
|  60|0x000000008ce00000, 0x000000008ce00000, 0x000000008cf00000|  0%| F|  |TAMS 0x000000008ce00000, 0x000000008ce00000| Untracked 
|  61|0x000000008cf00000, 0x000000008cf00000, 0x000000008d000000|  0%| F|  |TAMS 0x000000008cf00000, 0x000000008cf00000| Untracked 
|  62|0x000000008d000000, 0x000000008d000000, 0x000000008d100000|  0%| F|  |TAMS 0x000000008d000000, 0x000000008d000000| Untracked 
|  63|0x000000008d100000, 0x000000008d100000, 0x000000008d200000|  0%| F|  |TAMS 0x000000008d100000, 0x000000008d100000| Untracked 
|  64|0x000000008d200000, 0x000000008d200000, 0x000000008d300000|  0%| F|  |TAMS 0x000000008d200000, 0x000000008d200000| Untracked 
|  65|0x000000008d300000, 0x000000008d300000, 0x000000008d400000|  0%| F|  |TAMS 0x000000008d300000, 0x000000008d300000| Untracked 
|  66|0x000000008d400000, 0x000000008d400000, 0x000000008d500000|  0%| F|  |TAMS 0x000000008d400000, 0x000000008d400000| Untracked 
|  67|0x000000008d500000, 0x000000008d500000, 0x000000008d600000|  0%| F|  |TAMS 0x000000008d500000, 0x000000008d500000| Untracked 
|  68|0x000000008d600000, 0x000000008d600000, 0x000000008d700000|  0%| F|  |TAMS 0x000000008d600000, 0x000000008d600000| Untracked 
|  69|0x000000008d700000, 0x000000008d700000, 0x000000008d800000|  0%| F|  |TAMS 0x000000008d700000, 0x000000008d700000| Untracked 
|  70|0x000000008d800000, 0x000000008d800000, 0x000000008d900000|  0%| F|  |TAMS 0x000000008d800000, 0x000000008d800000| Untracked 
|  71|0x000000008d900000, 0x000000008d900000, 0x000000008da00000|  0%| F|  |TAMS 0x000000008d900000, 0x000000008d900000| Untracked 
|  72|0x000000008da00000, 0x000000008da00000, 0x000000008db00000|  0%| F|  |TAMS 0x000000008da00000, 0x000000008da00000| Untracked 
|  73|0x000000008db00000, 0x000000008db00000, 0x000000008dc00000|  0%| F|  |TAMS 0x000000008db00000, 0x000000008db00000| Untracked 
|  74|0x000000008dc00000, 0x000000008dc00000, 0x000000008dd00000|  0%| F|  |TAMS 0x000000008dc00000, 0x000000008dc00000| Untracked 
|  75|0x000000008dd00000, 0x000000008dd00000, 0x000000008de00000|  0%| F|  |TAMS 0x000000008dd00000, 0x000000008dd00000| Untracked 
|  76|0x000000008de00000, 0x000000008de00000, 0x000000008df00000|  0%| F|  |TAMS 0x000000008de00000, 0x000000008de00000| Untracked 
|  77|0x000000008df00000, 0x000000008df00000, 0x000000008e000000|  0%| F|  |TAMS 0x000000008df00000, 0x000000008df00000| Untracked 
|  78|0x000000008e000000, 0x000000008e000000, 0x000000008e100000|  0%| F|  |TAMS 0x000000008e000000, 0x000000008e000000| Untracked 
|  79|0x000000008e100000, 0x000000008e100000, 0x000000008e200000|  0%| F|  |TAMS 0x000000008e100000, 0x000000008e100000| Untracked 
|  80|0x000000008e200000, 0x000000008e200000, 0x000000008e300000|  0%| F|  |TAMS 0x000000008e200000, 0x000000008e200000| Untracked 
|  81|0x000000008e300000, 0x000000008e300000, 0x000000008e400000|  0%| F|  |TAMS 0x000000008e300000, 0x000000008e300000| Untracked 
|  82|0x000000008e400000, 0x000000008e400000, 0x000000008e500000|  0%| F|  |TAMS 0x000000008e400000, 0x000000008e400000| Untracked 
|  83|0x000000008e500000, 0x000000008e500000, 0x000000008e600000|  0%| F|  |TAMS 0x000000008e500000, 0x000000008e500000| Untracked 
|  84|0x000000008e600000, 0x000000008e600000, 0x000000008e700000|  0%| F|  |TAMS 0x000000008e600000, 0x000000008e600000| Untracked 
|  85|0x000000008e700000, 0x000000008e700000, 0x000000008e800000|  0%| F|  |TAMS 0x000000008e700000, 0x000000008e700000| Untracked 
|  86|0x000000008e800000, 0x000000008e800000, 0x000000008e900000|  0%| F|  |TAMS 0x000000008e800000, 0x000000008e800000| Untracked 
|  87|0x000000008e900000, 0x000000008e900000, 0x000000008ea00000|  0%| F|  |TAMS 0x000000008e900000, 0x000000008e900000| Untracked 
|  88|0x000000008ea00000, 0x000000008ea00000, 0x000000008eb00000|  0%| F|  |TAMS 0x000000008ea00000, 0x000000008ea00000| Untracked 
|  89|0x000000008eb00000, 0x000000008eb00000, 0x000000008ec00000|  0%| F|  |TAMS 0x000000008eb00000, 0x000000008eb00000| Untracked 
|  90|0x000000008ec00000, 0x000000008ec00000, 0x000000008ed00000|  0%| F|  |TAMS 0x000000008ec00000, 0x000000008ec00000| Untracked 
|  91|0x000000008ed00000, 0x000000008ed00000, 0x000000008ee00000|  0%| F|  |TAMS 0x000000008ed00000, 0x000000008ed00000| Untracked 
|  92|0x000000008ee00000, 0x000000008ee00000, 0x000000008ef00000|  0%| F|  |TAMS 0x000000008ee00000, 0x000000008ee00000| Untracked 
|  93|0x000000008ef00000, 0x000000008ef00000, 0x000000008f000000|  0%| F|  |TAMS 0x000000008ef00000, 0x000000008ef00000| Untracked 
|  94|0x000000008f000000, 0x000000008f000000, 0x000000008f100000|  0%| F|  |TAMS 0x000000008f000000, 0x000000008f000000| Untracked 
|  95|0x000000008f100000, 0x000000008f100000, 0x000000008f200000|  0%| F|  |TAMS 0x000000008f100000, 0x000000008f100000| Untracked 
|  96|0x000000008f200000, 0x000000008f200000, 0x000000008f300000|  0%| F|  |TAMS 0x000000008f200000, 0x000000008f200000| Untracked 
|  97|0x000000008f300000, 0x000000008f300000, 0x000000008f400000|  0%| F|  |TAMS 0x000000008f300000, 0x000000008f300000| Untracked 
|  98|0x000000008f400000, 0x000000008f400000, 0x000000008f500000|  0%| F|  |TAMS 0x000000008f400000, 0x000000008f400000| Untracked 
|  99|0x000000008f500000, 0x000000008f500000, 0x000000008f600000|  0%| F|  |TAMS 0x000000008f500000, 0x000000008f500000| Untracked 
| 100|0x000000008f600000, 0x000000008f600000, 0x000000008f700000|  0%| F|  |TAMS 0x000000008f600000, 0x000000008f600000| Untracked 
| 101|0x000000008f700000, 0x000000008f700000, 0x000000008f800000|  0%| F|  |TAMS 0x000000008f700000, 0x000000008f700000| Untracked 
| 102|0x000000008f800000, 0x000000008f800000, 0x000000008f900000|  0%| F|  |TAMS 0x000000008f800000, 0x000000008f800000| Untracked 
| 103|0x000000008f900000, 0x000000008f900000, 0x000000008fa00000|  0%| F|  |TAMS 0x000000008f900000, 0x000000008f900000| Untracked 
| 104|0x000000008fa00000, 0x000000008fa00000, 0x000000008fb00000|  0%| F|  |TAMS 0x000000008fa00000, 0x000000008fa00000| Untracked 
| 105|0x000000008fb00000, 0x000000008fb00000, 0x000000008fc00000|  0%| F|  |TAMS 0x000000008fb00000, 0x000000008fb00000| Untracked 
| 106|0x000000008fc00000, 0x000000008fc00000, 0x000000008fd00000|  0%| F|  |TAMS 0x000000008fc00000, 0x000000008fc00000| Untracked 
| 107|0x000000008fd00000, 0x000000008fd00000, 0x000000008fe00000|  0%| F|  |TAMS 0x000000008fd00000, 0x000000008fd00000| Untracked 
| 108|0x000000008fe00000, 0x000000008fe00000, 0x000000008ff00000|  0%| F|  |TAMS 0x000000008fe00000, 0x000000008fe00000| Untracked 
| 109|0x000000008ff00000, 0x000000008ff69618, 0x0000000090000000| 41%| S|CS|TAMS 0x000000008ff00000, 0x000000008ff00000| Complete 
| 110|0x0000000090000000, 0x0000000090000000, 0x0000000090100000|  0%| F|  |TAMS 0x0000000090000000, 0x0000000090000000| Untracked 
| 111|0x0000000090100000, 0x0000000090100000, 0x0000000090200000|  0%| F|  |TAMS 0x0000000090100000, 0x0000000090100000| Untracked 
| 112|0x0000000090200000, 0x0000000090200000, 0x0000000090300000|  0%| F|  |TAMS 0x0000000090200000, 0x0000000090200000| Untracked 
| 113|0x0000000090300000, 0x0000000090300000, 0x0000000090400000|  0%| F|  |TAMS 0x0000000090300000, 0x0000000090300000| Untracked 
| 114|0x0000000090400000, 0x0000000090400000, 0x0000000090500000|  0%| F|  |TAMS 0x0000000090400000, 0x0000000090400000| Untracked 
| 115|0x0000000090500000, 0x0000000090500000, 0x0000000090600000|  0%| F|  |TAMS 0x0000000090500000, 0x0000000090500000| Untracked 
| 116|0x0000000090600000, 0x0000000090600000, 0x0000000090700000|  0%| F|  |TAMS 0x0000000090600000, 0x0000000090600000| Untracked 
| 117|0x0000000090700000, 0x0000000090700000, 0x0000000090800000|  0%| F|  |TAMS 0x0000000090700000, 0x0000000090700000| Untracked 
| 118|0x0000000090800000, 0x0000000090900000, 0x0000000090900000|100%| E|  |TAMS 0x0000000090800000, 0x0000000090800000| Complete 
| 119|0x0000000090900000, 0x0000000090a00000, 0x0000000090a00000|100%| E|CS|TAMS 0x0000000090900000, 0x0000000090900000| Complete 

Card table byte_map: [0x000002a740dd0000,0x000002a741190000] _byte_map_base: 0x000002a740987000

Marking Bits (Prev, Next): (CMBitMap*) 0x000002a7283a4140, (CMBitMap*) 0x000002a7283a4180
 Prev Bits: [0x000002a741550000, 0x000002a743308000)
 Next Bits: [0x000002a743310000, 0x000002a7450c8000)

Polling page: 0x000002a7281b0000

Metaspace:

Usage:
  Non-class:     10.48 MB used.
      Class:      1.32 MB used.
       Both:     11.79 MB used.

Virtual space:
  Non-class space:       16.00 MB reserved,      10.56 MB ( 66%) committed,  2 nodes.
      Class space:        1.00 GB reserved,       1.38 MB ( <1%) committed,  1 nodes.
             Both:        1.02 GB reserved,      11.94 MB (  1%) committed. 

Chunk freelists:
   Non-Class:  912.00 KB
       Class:  2.56 MB
        Both:  3.45 MB

MaxMetaspaceSize: unlimited
CompressedClassSpaceSize: 1.00 GB
Initial GC threshold: 21.00 MB
Current GC threshold: 21.00 MB
CDS: on
MetaspaceReclaimPolicy: balanced
 - commit_granule_bytes: 65536.
 - commit_granule_words: 8192.
 - virtual_space_node_default_size: 1048576.
 - enlarge_chunks_in_place: 1.
 - new_chunks_are_fully_committed: 0.
 - uncommit_free_chunks: 1.
 - use_allocation_guard: 0.
 - handle_deallocations: 1.


Internal statistics:

num_allocs_failed_limit: 0.
num_arena_births: 138.
num_arena_deaths: 0.
num_vsnodes_births: 3.
num_vsnodes_deaths: 0.
num_space_committed: 191.
num_space_uncommitted: 0.
num_chunks_returned_to_freelist: 0.
num_chunks_taken_from_freelist: 231.
num_chunk_merges: 0.
num_chunk_splits: 124.
num_chunks_enlarged: 46.
num_purges: 0.
num_inconsistent_stats: 0.

CodeHeap 'non-profiled nmethods': size=120000Kb used=1007Kb max_used=1007Kb free=118992Kb
 bounds [0x000002a738ec0000, 0x000002a739130000, 0x000002a7403f0000]
CodeHeap 'profiled nmethods': size=120000Kb used=5024Kb max_used=5024Kb free=114976Kb
 bounds [0x000002a7313f0000, 0x000002a7318e0000, 0x000002a738920000]
CodeHeap 'non-nmethods': size=5760Kb used=1314Kb max_used=1367Kb free=4445Kb
 bounds [0x000002a738920000, 0x000002a738b90000, 0x000002a738ec0000]
 total_blobs=3205 nmethods=2555 adapters=562
 compilation: enabled
              stopped_count=0, restarted_count=0
 full_count=0

Compilation events (20 events):
Event: 45.466 Thread 0x000002a747682f00 2546       3       java.lang.ClassLoader::findLoadedClass (15 bytes)
Event: 45.466 Thread 0x000002a747682f00 nmethod 2546 0x000002a7318d3810 code [0x000002a7318d39c0, 0x000002a7318d3bb8]
Event: 45.466 Thread 0x000002a747682f00 2548       3       jdk.internal.loader.BuiltinClassLoader::findLoadedModule (33 bytes)
Event: 45.466 Thread 0x000002a747682f00 nmethod 2548 0x000002a7318d3c90 code [0x000002a7318d3ea0, 0x000002a7318d44f8]
Event: 45.466 Thread 0x000002a747682f00 2549   !   3       jdk.internal.loader.BuiltinClassLoader::loadClassOrNull (143 bytes)
Event: 45.467 Thread 0x000002a747682f00 nmethod 2549 0x000002a7318d4790 code [0x000002a7318d4ac0, 0x000002a7318d6018]
Event: 45.468 Thread 0x000002a747682f00 2550       3       jdk.internal.loader.BuiltinClassLoader::loadClassOrNull (7 bytes)
Event: 45.468 Thread 0x000002a747682f00 nmethod 2550 0x000002a7318d6890 code [0x000002a7318d6a40, 0x000002a7318d6c08]
Event: 45.468 Thread 0x000002a747682f00 2545       3       jdk.internal.loader.ClassLoaders$AppClassLoader::loadClass (40 bytes)
Event: 45.468 Thread 0x000002a747682f00 nmethod 2545 0x000002a7318d6c90 code [0x000002a7318d6ee0, 0x000002a7318d7838]
Event: 45.468 Thread 0x000002a747682f00 2551       1       java.util.zip.ZipEntry::getSize (5 bytes)
Event: 45.468 Thread 0x000002a747682f00 nmethod 2551 0x000002a738fbb290 code [0x000002a738fbb420, 0x000002a738fbb4f8]
Event: 45.468 Thread 0x000002a747682f00 2552       1       java.util.jar.Manifest::getMainAttributes (5 bytes)
Event: 45.468 Thread 0x000002a747682f00 nmethod 2552 0x000002a738fbb590 code [0x000002a738fbb720, 0x000002a738fbb7f8]
Event: 45.469 Thread 0x000002a747682f00 2555       3       java.util.zip.ZipUtils::CENFLG (9 bytes)
Event: 45.469 Thread 0x000002a747682f00 nmethod 2555 0x000002a7318d7b90 code [0x000002a7318d7d20, 0x000002a7318d7ed8]
Event: 45.469 Thread 0x000002a747682f00 2553       1       java.util.jar.Manifest::getEntries (5 bytes)
Event: 45.469 Thread 0x000002a747682f00 nmethod 2553 0x000002a738fbb890 code [0x000002a738fbba20, 0x000002a738fbbaf8]
Event: 45.469 Thread 0x000002a747682f00 2554       1       java.util.zip.ZipEntry::getCrc (5 bytes)
Event: 45.469 Thread 0x000002a747682f00 nmethod 2554 0x000002a738fbbb90 code [0x000002a738fbbd20, 0x000002a738fbbdf8]

GC Heap History (4 events):
Event: 1.664 GC heap before
{Heap before GC invocations=0 (full 0):
 garbage-first heap   total 122880K, used 16384K [0x0000000089200000, 0x0000000100000000)
  region size 1024K, 13 young (13312K), 0 survivors (0K)
 Metaspace       used 10508K, committed 10752K, reserved 1064960K
  class space    used 1240K, committed 1344K, reserved 1048576K
}
Event: 1.673 GC heap after
{Heap after GC invocations=1 (full 0):
 garbage-first heap   total 122880K, used 6709K [0x0000000089200000, 0x0000000100000000)
  region size 1024K, 2 young (2048K), 2 survivors (2048K)
 Metaspace       used 10508K, committed 10752K, reserved 1064960K
  class space    used 1240K, committed 1344K, reserved 1048576K
}
Event: 42.157 GC heap before
{Heap before GC invocations=1 (full 0):
 garbage-first heap   total 122880K, used 16949K [0x0000000089200000, 0x0000000100000000)
  region size 1024K, 12 young (12288K), 2 survivors (2048K)
 Metaspace       used 11923K, committed 12160K, reserved 1064960K
  class space    used 1328K, committed 1408K, reserved 1048576K
}
Event: 42.161 GC heap after
{Heap after GC invocations=2 (full 0):
 garbage-first heap   total 122880K, used 7269K [0x0000000089200000, 0x0000000100000000)
  region size 1024K, 1 young (1024K), 1 survivors (1024K)
 Metaspace       used 11923K, committed 12160K, reserved 1064960K
  class space    used 1328K, committed 1408K, reserved 1048576K
}

Deoptimization events (20 events):
Event: 5.428 Thread 0x000002a748449c60 DEOPT PACKING pc=0x000002a738f76734 sp=0x000000fdefafdcc0
Event: 5.428 Thread 0x000002a748449c60 DEOPT UNPACKING pc=0x000002a7389723a3 sp=0x000000fdefafdc30 mode 2
Event: 6.102 Thread 0x000002a748449c60 DEOPT PACKING pc=0x000002a7316d8881 sp=0x000000fdefafd150
Event: 6.102 Thread 0x000002a748449c60 DEOPT UNPACKING pc=0x000002a738972b43 sp=0x000000fdefafc630 mode 0
Event: 38.933 Thread 0x000002a748449c60 Uncommon trap: trap_request=0xffffffde fr.pc=0x000002a738f9d0c8 relative=0x0000000000000128
Event: 38.933 Thread 0x000002a748449c60 Uncommon trap: reason=class_check action=maybe_recompile pc=0x000002a738f9d0c8 method=jdk.internal.misc.Unsafe.allocateUninitializedArray(Ljava/lang/Class;I)Ljava/lang/Object; @ 51 c2
Event: 38.933 Thread 0x000002a748449c60 DEOPT PACKING pc=0x000002a738f9d0c8 sp=0x000000fdefafd650
Event: 38.933 Thread 0x000002a748449c60 DEOPT UNPACKING pc=0x000002a7389723a3 sp=0x000000fdefafd5d8 mode 2
Event: 38.933 Thread 0x000002a748449c60 Uncommon trap: trap_request=0xffffffde fr.pc=0x000002a738f9d0c8 relative=0x0000000000000128
Event: 38.933 Thread 0x000002a748449c60 Uncommon trap: reason=class_check action=maybe_recompile pc=0x000002a738f9d0c8 method=jdk.internal.misc.Unsafe.allocateUninitializedArray(Ljava/lang/Class;I)Ljava/lang/Object; @ 51 c2
Event: 38.933 Thread 0x000002a748449c60 DEOPT PACKING pc=0x000002a738f9d0c8 sp=0x000000fdefafd650
Event: 38.933 Thread 0x000002a748449c60 DEOPT UNPACKING pc=0x000002a7389723a3 sp=0x000000fdefafd5d8 mode 2
Event: 38.933 Thread 0x000002a748449c60 Uncommon trap: trap_request=0xffffffde fr.pc=0x000002a738f9d0c8 relative=0x0000000000000128
Event: 38.933 Thread 0x000002a748449c60 Uncommon trap: reason=class_check action=maybe_recompile pc=0x000002a738f9d0c8 method=jdk.internal.misc.Unsafe.allocateUninitializedArray(Ljava/lang/Class;I)Ljava/lang/Object; @ 51 c2
Event: 38.933 Thread 0x000002a748449c60 DEOPT PACKING pc=0x000002a738f9d0c8 sp=0x000000fdefafd760
Event: 38.933 Thread 0x000002a748449c60 DEOPT UNPACKING pc=0x000002a7389723a3 sp=0x000000fdefafd6e8 mode 2
Event: 38.933 Thread 0x000002a748449c60 Uncommon trap: trap_request=0xffffffde fr.pc=0x000002a738f9d0c8 relative=0x0000000000000128
Event: 38.933 Thread 0x000002a748449c60 Uncommon trap: reason=class_check action=maybe_recompile pc=0x000002a738f9d0c8 method=jdk.internal.misc.Unsafe.allocateUninitializedArray(Ljava/lang/Class;I)Ljava/lang/Object; @ 51 c2
Event: 38.933 Thread 0x000002a748449c60 DEOPT PACKING pc=0x000002a738f9d0c8 sp=0x000000fdefafd5a0
Event: 38.933 Thread 0x000002a748449c60 DEOPT UNPACKING pc=0x000002a7389723a3 sp=0x000000fdefafd528 mode 2

Classes unloaded (0 events):
No events

Classes redefined (0 events):
No events

Internal exceptions (14 events):
Event: 0.129 Thread 0x000002a72834e130 Exception <a 'java/lang/ClassNotFoundException'{0x0000000090856d98}: sun/awt/resources/spi/awtProvider> (0x0000000090856d98) 
thrown [s\open\src\hotspot\share\classfile\systemDictionary.cpp, line 256]
Event: 0.162 Thread 0x000002a72834e130 Exception <a 'java/io/FileNotFoundException'{0x00000000908afb48}> (0x00000000908afb48) 
thrown [s\open\src\hotspot\share\prims\jni.cpp, line 516]
Event: 0.172 Thread 0x000002a72834e130 Exception <a 'java/io/FileNotFoundException'{0x00000000908dcd00}> (0x00000000908dcd00) 
thrown [s\open\src\hotspot\share\prims\jni.cpp, line 516]
Event: 0.215 Thread 0x000002a72834e130 Exception <a 'java/lang/NoSuchMethodError'{0x000000009072af10}: 'java.lang.Object java.lang.invoke.DirectMethodHandle$Holder.invokeStaticInit(java.lang.Object)'> (0x000000009072af10) 
thrown [s\open\src\hotspot\share\interpreter\linkResolver.cpp, line 759]
Event: 0.247 Thread 0x000002a72834e130 Exception <a 'java/lang/NoSuchMethodError'{0x000000009079ad50}: 'void java.lang.invoke.DirectMethodHandle$Holder.invokeSpecial(java.lang.Object, java.lang.Object, java.lang.Object)'> (0x000000009079ad50) 
thrown [s\open\src\hotspot\share\interpreter\linkResolver.cpp, line 759]
Event: 0.258 Thread 0x000002a72834e130 Exception <a 'java/lang/NoSuchMethodError'{0x00000000907c4d58}: 'java.lang.Object java.lang.invoke.DirectMethodHandle$Holder.newInvokeSpecial(java.lang.Object, java.lang.Object, java.lang.Object, java.lang.Object, java.lang.Object)'> (0x00000000907c4d58) 
thrown [s\open\src\hotspot\share\interpreter\linkResolver.cpp, line 759]
Event: 0.261 Thread 0x000002a72834e130 Exception <a 'java/lang/NoSuchMethodError'{0x00000000907d0990}: 'java.lang.Object java.lang.invoke.DirectMethodHandle$Holder.invokeStatic(java.lang.Object, int, java.lang.Object, java.lang.Object, java.lang.Object, java.lang.Object)'> (0x00000000907d0990) 
thrown [s\open\src\hotspot\share\interpreter\linkResolver.cpp, line 759]
Event: 0.267 Thread 0x000002a72834e130 Exception <a 'java/lang/NoSuchMethodError'{0x00000000907f5ea8}: 'java.lang.Object java.lang.invoke.DirectMethodHandle$Holder.invokeStatic(java.lang.Object, int, java.lang.Object)'> (0x00000000907f5ea8) 
thrown [s\open\src\hotspot\share\interpreter\linkResolver.cpp, line 759]
Event: 0.314 Thread 0x000002a72834e130 Exception <a 'java/lang/ClassNotFoundException'{0x00000000906b2f68}: com/sun/swing/internal/plaf/metal/resources/spi/metalProvider> (0x00000000906b2f68) 
thrown [s\open\src\hotspot\share\classfile\systemDictionary.cpp, line 256]
Event: 0.315 Thread 0x000002a72834e130 Exception <a 'java/lang/ClassNotFoundException'{0x00000000906b6b78}: com/sun/swing/internal/plaf/basic/resources/spi/basicProvider> (0x00000000906b6b78) 
thrown [s\open\src\hotspot\share\classfile\systemDictionary.cpp, line 256]
Event: 0.317 Thread 0x000002a72834e130 Exception <a 'java/lang/NoSuchMethodError'{0x00000000906c3e88}: 'void java.lang.invoke.DirectMethodHandle$Holder.invokeStaticInit(java.lang.Object)'> (0x00000000906c3e88) 
thrown [s\open\src\hotspot\share\interpreter\linkResolver.cpp, line 759]
Event: 0.344 Thread 0x000002a72834e130 Exception <a 'java/lang/ClassNotFoundException'{0x00000000905264a8}: com/sun/java/swing/plaf/windows/resources/spi/windowsProvider> (0x00000000905264a8) 
thrown [s\open\src\hotspot\share\classfile\systemDictionary.cpp, line 256]
Event: 0.479 Thread 0x000002a7484a79f0 Exception <a 'java/lang/NoSuchMethodError'{0x000000009031b8f0}: 'java.lang.Object java.lang.invoke.DirectMethodHandle$Holder.newInvokeSpecial(java.lang.Object, java.lang.Object, java.lang.Object, int, int, int, int, int)'> (0x000000009031b8f0) 
thrown [s\open\src\hotspot\share\interpreter\linkResolver.cpp, line 759]
Event: 0.504 Thread 0x000002a7483e44e0 Exception <a 'java/lang/NoSuchMethodError'{0x00000000907527b8}: 'void java.lang.invoke.DirectMethodHandle$Holder.invokeVirtual(java.lang.Object, java.lang.Object)'> (0x00000000907527b8) 
thrown [s\open\src\hotspot\share\interpreter\linkResolver.cpp, line 759]

VM Operations (20 events):
Event: 6.707 Executing VM operation: Cleanup
Event: 6.707 Executing VM operation: Cleanup done
Event: 7.718 Executing VM operation: Cleanup
Event: 7.719 Executing VM operation: Cleanup done
Event: 38.976 Executing VM operation: Cleanup
Event: 38.977 Executing VM operation: Cleanup done
Event: 39.984 Executing VM operation: Cleanup
Event: 39.984 Executing VM operation: Cleanup done
Event: 40.990 Executing VM operation: Cleanup
Event: 40.990 Executing VM operation: Cleanup done
Event: 42.000 Executing VM operation: Cleanup
Event: 42.000 Executing VM operation: Cleanup done
Event: 42.157 Executing VM operation: G1CollectForAllocation
Event: 42.161 Executing VM operation: G1CollectForAllocation done
Event: 43.165 Executing VM operation: Cleanup
Event: 43.166 Executing VM operation: Cleanup done
Event: 44.175 Executing VM operation: Cleanup
Event: 44.175 Executing VM operation: Cleanup done
Event: 45.185 Executing VM operation: Cleanup
Event: 45.185 Executing VM operation: Cleanup done

Events (20 events):
Event: 4.658 loading class sun/reflect/generics/tree/ClassSignature done
Event: 4.658 loading class java/lang/reflect/TypeVariable
Event: 4.658 loading class java/lang/reflect/TypeVariable done
Event: 4.658 loading class java/beans/Transient
Event: 4.658 loading class java/beans/Transient done
Event: 4.658 loading class javax/accessibility/AccessibleState
Event: 4.658 loading class javax/accessibility/AccessibleBundle
Event: 4.659 loading class javax/accessibility/AccessibleBundle done
Event: 4.659 loading class javax/accessibility/AccessibleState done
Event: 4.659 loading class javax/accessibility/AccessibleBundle$1
Event: 4.659 loading class sun/awt/AWTAccessor$AccessibleBundleAccessor
Event: 4.659 loading class sun/awt/AWTAccessor$AccessibleBundleAccessor done
Event: 4.659 loading class javax/accessibility/AccessibleBundle$1 done
Event: 4.660 loading class java/awt/KeyboardFocusManager$4
Event: 4.660 loading class java/awt/KeyboardFocusManager$4 done
Event: 4.687 Thread 0x000002a7491590c0 Thread added: 0x000002a7491590c0
Event: 5.402 Thread 0x000002a7491590c0 Thread exited: 0x000002a7491590c0
Event: 6.691 Thread 0x000002a7485197e0 Thread exited: 0x000002a7485197e0
Event: 6.754 Thread 0x000002a7484a79f0 Thread exited: 0x000002a7484a79f0
Event: 45.463 Loaded shared library C:\Program Files\swipl\bin\jpl.dll


Dynamic libraries:
0x00007ff767180000 - 0x00007ff767190000 	C:\Program Files\Java\jdk-17\bin\javaw.exe
0x00007ffb12850000 - 0x00007ffb12a48000 	C:\Windows\SYSTEM32\ntdll.dll
0x00007ffb10e70000 - 0x00007ffb10f2f000 	C:\Windows\System32\KERNEL32.DLL
0x00007ffb101f0000 - 0x00007ffb104c2000 	C:\Windows\System32\KERNELBASE.dll
0x00007ffb100c0000 - 0x00007ffb101c0000 	C:\Windows\System32\ucrtbase.dll
0x00007ffb08860000 - 0x00007ffb0887b000 	C:\Program Files\Java\jdk-17\bin\VCRUNTIME140.dll
0x00007ffafb640000 - 0x00007ffafb658000 	C:\Program Files\Java\jdk-17\bin\jli.dll
0x00007ffb11810000 - 0x00007ffb118be000 	C:\Windows\System32\ADVAPI32.dll
0x00007ffb11a60000 - 0x00007ffb11afe000 	C:\Windows\System32\msvcrt.dll
0x00007ffb12520000 - 0x00007ffb125bc000 	C:\Windows\System32\sechost.dll
0x00007ffb11930000 - 0x00007ffb11a55000 	C:\Windows\System32\RPCRT4.dll
0x00007ffb125c0000 - 0x00007ffb12761000 	C:\Windows\System32\USER32.dll
0x00007ffaff3f0000 - 0x00007ffaff68a000 	C:\Windows\WinSxS\amd64_microsoft.windows.common-controls_6595b64144ccf1df_6.0.19041.1110_none_60b5254171f9507e\COMCTL32.dll
0x00007ffb101c0000 - 0x00007ffb101e2000 	C:\Windows\System32\win32u.dll
0x00007ffb10fb0000 - 0x00007ffb10fdb000 	C:\Windows\System32\GDI32.dll
0x00007ffb0ff10000 - 0x00007ffb1001f000 	C:\Windows\System32\gdi32full.dll
0x00007ffb10020000 - 0x00007ffb100bd000 	C:\Windows\System32\msvcp_win.dll
0x00007ffafcb40000 - 0x00007ffafcb4a000 	C:\Windows\SYSTEM32\VERSION.dll
0x00007ffb12340000 - 0x00007ffb12372000 	C:\Windows\System32\IMM32.DLL
0x00007ffb08850000 - 0x00007ffb0885c000 	C:\Program Files\Java\jdk-17\bin\vcruntime140_1.dll
0x00007ffaf67c0000 - 0x00007ffaf684e000 	C:\Program Files\Java\jdk-17\bin\msvcp140.dll
0x00007ffae3730000 - 0x00007ffae4307000 	C:\Program Files\Java\jdk-17\bin\server\jvm.dll
0x00007ffb11d80000 - 0x00007ffb11d88000 	C:\Windows\System32\PSAPI.DLL
0x00007ffafb020000 - 0x00007ffafb047000 	C:\Windows\SYSTEM32\WINMM.dll
0x00007ffafac20000 - 0x00007ffafac29000 	C:\Windows\SYSTEM32\WSOCK32.dll
0x00007ffb118c0000 - 0x00007ffb1192b000 	C:\Windows\System32\WS2_32.dll
0x00007ffb0e760000 - 0x00007ffb0e772000 	C:\Windows\SYSTEM32\kernel.appcore.dll
0x00007ffb087d0000 - 0x00007ffb087da000 	C:\Program Files\Java\jdk-17\bin\jimage.dll
0x00007ffafa350000 - 0x00007ffafa534000 	C:\Windows\SYSTEM32\DBGHELP.DLL
0x00007ffafa180000 - 0x00007ffafa1b5000 	C:\Windows\SYSTEM32\dbgcore.DLL
0x00007ffb106f0000 - 0x00007ffb10772000 	C:\Windows\System32\bcryptPrimitives.dll
0x00007ffb087e0000 - 0x00007ffb08805000 	C:\Program Files\Java\jdk-17\bin\java.dll
0x00007ffb086f0000 - 0x00007ffb087c7000 	C:\Program Files\Java\jdk-17\bin\jsvml.dll
0x00007ffb10fe0000 - 0x00007ffb11724000 	C:\Windows\System32\SHELL32.dll
0x00007ffb0dfb0000 - 0x00007ffb0e742000 	C:\Windows\SYSTEM32\windows.storage.dll
0x00007ffb10a00000 - 0x00007ffb10d55000 	C:\Windows\System32\combase.dll
0x00007ffb0f970000 - 0x00007ffb0f9a0000 	C:\Windows\SYSTEM32\Wldp.dll
0x00007ffb10950000 - 0x00007ffb109fd000 	C:\Windows\System32\SHCORE.dll
0x00007ffb124b0000 - 0x00007ffb12505000 	C:\Windows\System32\shlwapi.dll
0x00007ffb0fe50000 - 0x00007ffb0fe6f000 	C:\Windows\SYSTEM32\profapi.dll
0x00007ffafee30000 - 0x00007ffafee49000 	C:\Program Files\Java\jdk-17\bin\net.dll
0x00007ffb05bf0000 - 0x00007ffb05cfc000 	C:\Windows\SYSTEM32\WINHTTP.dll
0x00007ffb0f6d0000 - 0x00007ffb0f73a000 	C:\Windows\system32\mswsock.dll
0x00007ffafee10000 - 0x00007ffafee26000 	C:\Program Files\Java\jdk-17\bin\nio.dll
0x00007ffafedf0000 - 0x00007ffafee08000 	C:\Program Files\Java\jdk-17\bin\zip.dll
0x00007ffaeb0e0000 - 0x00007ffaeb271000 	C:\Program Files\Java\jdk-17\bin\awt.dll
0x00007ffb11cb0000 - 0x00007ffb11d7d000 	C:\Windows\System32\OLEAUT32.dll
0x00007ffb0cc50000 - 0x00007ffb0cce1000 	C:\Windows\SYSTEM32\apphelp.dll
0x00007ffb0cda0000 - 0x00007ffb0ce3e000 	C:\Windows\system32\uxtheme.dll
0x00007ffb11db0000 - 0x00007ffb11ec5000 	C:\Windows\System32\MSCTF.dll
0x00007ffb12380000 - 0x00007ffb124aa000 	C:\Windows\System32\ole32.dll
0x00007ffb0d120000 - 0x00007ffb0d14f000 	C:\Windows\system32\DWMAPI.DLL
0x00007ffaedad0000 - 0x00007ffaedbf5000 	C:\Windows\system32\opengl32.dll
0x00007ffaee9d0000 - 0x00007ffaee9fc000 	C:\Windows\SYSTEM32\GLU32.dll
0x00007ffaeeda0000 - 0x00007ffaeee26000 	C:\Program Files\Java\jdk-17\bin\freetype.dll
0x00007ffaeec20000 - 0x00007ffaeece5000 	C:\Program Files\Java\jdk-17\bin\fontmanager.dll
0x00007ffb054f0000 - 0x00007ffb055e9000 	C:\Windows\SYSTEM32\textinputframework.dll
0x00007ffb0ca20000 - 0x00007ffb0cb12000 	C:\Windows\System32\CoreMessaging.dll
0x00007ffb0c6c0000 - 0x00007ffb0ca1e000 	C:\Windows\System32\CoreUIComponents.dll
0x00007ffb0f0a0000 - 0x00007ffb0f0d3000 	C:\Windows\SYSTEM32\ntmarta.dll
0x00007ffb0b360000 - 0x00007ffb0b4b4000 	C:\Windows\SYSTEM32\wintypes.dll
0x00007ffaff170000 - 0x00007ffaff180000 	C:\Program Files\Java\jdk-17\bin\verify.dll
0x00007ffb10dc0000 - 0x00007ffb10e6f000 	C:\Windows\System32\clbcatq.dll
0x00007ffb08530000 - 0x00007ffb086e4000 	C:\Windows\SYSTEM32\WindowsCodecs.dll
0x00007ffb10830000 - 0x00007ffb10857000 	C:\Windows\System32\bcrypt.dll
0x00007ffaeeb50000 - 0x00007ffaeeb8e000 	C:\Windows\system32\dataexchange.dll
0x00007ffb0c150000 - 0x00007ffb0c333000 	C:\Windows\system32\dcomp.dll
0x00007ffb0b920000 - 0x00007ffb0bb83000 	C:\Windows\system32\d3d11.dll
0x00007ffb0e7d0000 - 0x00007ffb0e8c3000 	C:\Windows\system32\dxgi.dll
0x00007ffb08e90000 - 0x00007ffb09090000 	C:\Windows\system32\twinapi.appcore.dll
0x000000006bb80000 - 0x000000006bbea000 	C:\Program Files\swipl\bin\jpl.dll
0x0000000064940000 - 0x000000006498b000 	C:\Program Files\swipl\bin\libwinpthread-1.dll
0x0000000070200000 - 0x0000000070927000 	C:\Program Files\swipl\bin\libswipl.dll
0x00007ffb11d90000 - 0x00007ffb11dad000 	C:\Windows\System32\imagehlp.dll
0x0000000069e80000 - 0x0000000069f55000 	C:\Program Files\swipl\bin\libdwarf.dll
0x000000006acc0000 - 0x000000006ad42000 	C:\Program Files\swipl\bin\libgmp-10.dll
0x000000006cec0000 - 0x000000006cf41000 	C:\Program Files\swipl\bin\libgcc_s_sjlj-1.dll

dbghelp: loaded successfully - version: 4.0.5 - missing functions: none
symbol engine: initialized successfully - sym options: 0x614 - pdb path: .;C:\Program Files\Java\jdk-17\bin;C:\Windows\SYSTEM32;C:\Windows\WinSxS\amd64_microsoft.windows.common-controls_6595b64144ccf1df_6.0.19041.1110_none_60b5254171f9507e;C:\Program Files\Java\jdk-17\bin\server;C:\Program Files\swipl\bin

VM Arguments:
java_command: D:\Estudio\NetBeansProjects\SBC_For_Hipertension_Tratament_japp\dist\SBC_For_Hipertension_Tratament_japp.jar
java_class_path (initial): D:\Estudio\NetBeansProjects\SBC_For_Hipertension_Tratament_japp\dist\SBC_For_Hipertension_Tratament_japp.jar
Launcher Type: SUN_STANDARD

[Global flags]
     intx CICompilerCount                          = 3                                         {product} {ergonomic}
     uint ConcGCThreads                            = 1                                         {product} {ergonomic}
     uint G1ConcRefinementThreads                  = 4                                         {product} {ergonomic}
   size_t G1HeapRegionSize                         = 1048576                                   {product} {ergonomic}
    uintx GCDrainStackTargetSize                   = 64                                        {product} {ergonomic}
   size_t InitialHeapSize                          = 125829120                                 {product} {ergonomic}
   size_t MarkStackSize                            = 4194304                                   {product} {ergonomic}
   size_t MaxHeapSize                              = 1994391552                                {product} {ergonomic}
   size_t MaxNewSize                               = 1196425216                                {product} {ergonomic}
   size_t MinHeapDeltaBytes                        = 1048576                                   {product} {ergonomic}
   size_t MinHeapSize                              = 8388608                                   {product} {ergonomic}
    uintx NonNMethodCodeHeapSize                   = 5832780                                {pd product} {ergonomic}
    uintx NonProfiledCodeHeapSize                  = 122912730                              {pd product} {ergonomic}
    uintx ProfiledCodeHeapSize                     = 122912730                              {pd product} {ergonomic}
    uintx ReservedCodeCacheSize                    = 251658240                              {pd product} {ergonomic}
     bool SegmentedCodeCache                       = true                                      {product} {ergonomic}
   size_t SoftMaxHeapSize                          = 1994391552                             {manageable} {ergonomic}
     bool UseCompressedClassPointers               = true                           {product lp64_product} {ergonomic}
     bool UseCompressedOops                        = true                           {product lp64_product} {ergonomic}
     bool UseG1GC                                  = true                                      {product} {ergonomic}
     bool UseLargePagesIndividualAllocation        = false                                  {pd product} {ergonomic}

Logging:
Log output configuration:
 #0: stdout all=warning uptime,level,tags
 #1: stderr all=off uptime,level,tags

Environment Variables:
PATH=C:\Program Files\Common Files\Oracle\Java\javapath;C:\Program Files\Python39\Scripts\;C:\Program Files\Python39\;C:\Program Files (x86)\Common Files\Oracle\Java\javapath;C:\ProgramData\Oracle\Java\javapath;C:\Windows\system32;C:\Windows;C:\Windows\System32\Wbem;C:\Windows\System32\WindowsPowerShell\v1.0\;C:\Windows\System32\OpenSSH\;C:\Program Files\Git\cmd;C:\Program Files\Java\jdk1.8.0_66\bin;C:\Program Files\Java\jdk1.8.0_66\lib\tools.jar;C:\Program Files\Java\jdk1.8.0_66\jre\lib\rt.jar;C:\Program Files\swipl\bin;C:\Program Files\swipl\lib\jpl.jar;C:\Users\rafa\AppData\Local\Microsoft\WindowsApps;C:\Program Files\JetBrains\PyCharm Community Edition 2022.2.2\bin;C:\Program Files\JetBrains\IntelliJ IDEA Community Edition 2021.3.1\bin;C:\Users\rafa\AppData\Local\Coursier\data\bin;D:\Programas\Microsoft VS Code\bin
USERNAME=rafa
OS=Windows_NT
PROCESSOR_IDENTIFIER=Intel64 Family 6 Model 78 Stepping 3, GenuineIntel



---------------  S Y S T E M  ---------------

OS:
 Windows 10 , 64 bit Build 19041 (10.0.19041.2364)
OS uptime: 0 days 0:08 hours

CPU: total 4 (initial active 4) (2 cores per cpu, 2 threads per core) family 6 model 78 stepping 3 microcode 0xcc, cx8, cmov, fxsr, ht, mmx, 3dnowpref, sse, sse2, sse3, ssse3, sse4.1, sse4.2, popcnt, lzcnt, tsc, tscinvbit, avx, avx2, aes, erms, clmul, bmi1, bmi2, rtm, adx, fma, vzeroupper, clflush, clflushopt

Memory: 4k page, system-wide physical 7603M (3509M free)
TotalPageFile size 8819M (AvailPageFile size 4468M)
current process WorkingSet (physical memory assigned to process): 98M, peak: 99M
current process commit charge ("private bytes"): 227M, peak: 232M

vm_info: Java HotSpot(TM) 64-Bit Server VM (17.0.6+9-LTS-190) for windows-amd64 JRE (17.0.6+9-LTS-190), built on Dec  6 2022 15:53:54 by "mach5one" with MS VC++ 17.1 (VS2022)

END.
